2024-10-29 11:58:13.158 [info] [main] Log level: Info
2024-10-29 11:58:13.158 [info] [main] Validating found git in: "git"
2024-10-29 11:58:13.158 [info] [main] Using git "2.43.0" from "git"
2024-10-29 11:58:13.158 [info] [Model][doInitialScan] Initial repository scan started
2024-10-29 11:58:13.158 [info] > git rev-parse --show-toplevel [3ms]
2024-10-29 11:58:13.158 [info] fatal: not a git repository (or any of the parent directories): .git
2024-10-29 11:58:13.158 [info] > git rev-parse --show-toplevel [2ms]
2024-10-29 11:58:13.158 [info] fatal: not a git repository (or any of the parent directories): .git
2024-10-29 11:58:13.158 [info] > git rev-parse --show-toplevel [2ms]
2024-10-29 11:58:13.158 [info] fatal: not a git repository (or any of the parent directories): .git
2024-10-29 11:58:13.158 [info] > git rev-parse --show-toplevel [2ms]
2024-10-29 11:58:13.158 [info] fatal: not a git repository (or any of the parent directories): .git
2024-10-29 11:58:13.158 [info] > git rev-parse --show-toplevel [3ms]
2024-10-29 11:58:13.158 [info] fatal: not a git repository (or any of the parent directories): .git
2024-10-29 11:58:13.158 [info] > git rev-parse --show-toplevel [2ms]
2024-10-29 11:58:13.158 [info] fatal: not a git repository (or any of the parent directories): .git
2024-10-29 11:58:13.158 [info] > git rev-parse --show-toplevel [2ms]
2024-10-29 11:58:13.158 [info] fatal: not a git repository (or any of the parent directories): .git
2024-10-29 11:58:13.158 [info] > git rev-parse --show-toplevel [3ms]
2024-10-29 11:58:13.158 [info] fatal: not a git repository (or any of the parent directories): .git
2024-10-29 11:58:13.158 [info] > git rev-parse --show-toplevel [85ms]
2024-10-29 11:58:13.158 [info] fatal: not a git repository (or any of the parent directories): .git
2024-10-29 11:58:13.158 [info] > git rev-parse --show-toplevel [132ms]
2024-10-29 11:58:13.158 [info] fatal: not a git repository (or any of the parent directories): .git
2024-10-29 11:58:13.158 [info] > git rev-parse --show-toplevel [8ms]
2024-10-29 11:58:13.158 [info] fatal: not a git repository (or any of the parent directories): .git
2024-10-29 11:58:13.159 [info] > git rev-parse --show-toplevel [3ms]
2024-10-29 11:58:13.159 [info] fatal: not a git repository (or any of the parent directories): .git
2024-10-29 11:58:13.173 [info] > git rev-parse --show-toplevel [2ms]
2024-10-29 11:58:13.173 [info] fatal: not a git repository (or any of the parent directories): .git
2024-10-29 11:58:13.186 [info] > git rev-parse --show-toplevel [2ms]
2024-10-29 11:58:13.186 [info] fatal: not a git repository (or any of the parent directories): .git
2024-10-29 11:58:13.200 [info] > git rev-parse --show-toplevel [3ms]
2024-10-29 11:58:13.200 [info] fatal: not a git repository (or any of the parent directories): .git
2024-10-29 11:58:13.216 [info] > git rev-parse --show-toplevel [2ms]
2024-10-29 11:58:13.216 [info] fatal: not a git repository (or any of the parent directories): .git
2024-10-29 11:58:13.230 [info] > git rev-parse --show-toplevel [2ms]
2024-10-29 11:58:13.231 [info] fatal: not a git repository (or any of the parent directories): .git
2024-10-29 11:58:13.245 [info] > git rev-parse --show-toplevel [2ms]
2024-10-29 11:58:13.245 [info] fatal: not a git repository (or any of the parent directories): .git
2024-10-29 11:58:13.261 [info] > git rev-parse --show-toplevel [2ms]
2024-10-29 11:58:13.261 [info] fatal: not a git repository (or any of the parent directories): .git
2024-10-29 11:58:13.276 [info] > git rev-parse --show-toplevel [2ms]
2024-10-29 11:58:13.276 [info] fatal: not a git repository (or any of the parent directories): .git
2024-10-29 11:58:13.289 [info] > git rev-parse --show-toplevel [1ms]
2024-10-29 11:58:13.289 [info] fatal: not a git repository (or any of the parent directories): .git
2024-10-29 11:58:13.294 [info] [Model][doInitialScan] Initial repository scan completed - repositories (0), closed repositories (0), parent repositories (0), unsafe repositories (0)
2024-10-29 11:58:13.309 [info] > git rev-parse --show-toplevel [2ms]
2024-10-29 11:58:13.309 [info] fatal: not a git repository (or any of the parent directories): .git
2024-10-29 11:58:13.323 [info] > git rev-parse --show-toplevel [2ms]
2024-10-29 11:58:13.323 [info] fatal: not a git repository (or any of the parent directories): .git
2024-10-29 11:58:13.337 [info] > git rev-parse --show-toplevel [1ms]
2024-10-29 11:58:13.337 [info] fatal: not a git repository (or any of the parent directories): .git
2024-10-29 11:58:47.210 [info] > git rev-parse --show-toplevel [3ms]
2024-10-29 11:58:47.210 [info] fatal: not a git repository (or any of the parent directories): .git
2024-10-29 11:58:54.437 [info] > git rev-parse --show-toplevel [3ms]
2024-10-29 11:58:54.460 [info] > git rev-parse --git-dir --git-common-dir [2ms]
2024-10-29 11:58:54.505 [info] [Model][openRepository] Opened repository: /home/dastarruer/.config
2024-10-29 11:58:54.544 [info] > git config --get commit.template [10ms]
2024-10-29 11:58:54.544 [info] > git fetch [40ms]
2024-10-29 11:58:54.582 [info] [Git][getRemotes] No remotes found in the git config file
2024-10-29 11:58:54.585 [info] > git for-each-ref --format=%(refname)%00%(upstream:short)%00%(objectname)%00%(upstream:track)%00%(upstream:remotename)%00%(upstream:remoteref) refs/heads/master refs/remotes/master [4ms]
2024-10-29 11:58:54.585 [warning] [Git][getBranch] No such branch: master
2024-10-29 11:58:54.616 [info] > git config --get commit.template [51ms]
2024-10-29 11:58:54.636 [info] [Git][getRemotes] No remotes found in the git config file
2024-10-29 11:58:54.654 [info] > git for-each-ref --format=%(refname)%00%(upstream:short)%00%(objectname)%00%(upstream:track)%00%(upstream:remotename)%00%(upstream:remoteref) refs/heads/master refs/remotes/master [42ms]
2024-10-29 11:58:54.655 [warning] [Git][getBranch] No such branch: master
2024-10-29 11:58:54.656 [error] [GitHistoryProvider][resolveHEADMergeBase] Failed to resolve merge base for master: Error: No such branch: master.
2024-10-29 11:58:54.660 [info] > git config --get commit.template [9ms]
2024-10-29 11:58:54.660 [info] > git for-each-ref --format=%(refname)%00%(upstream:short)%00%(objectname)%00%(upstream:track)%00%(upstream:remotename)%00%(upstream:remoteref) refs/heads/master refs/remotes/master [25ms]
2024-10-29 11:58:54.660 [warning] [Git][getBranch] No such branch: master
2024-10-29 11:58:54.683 [info] [Git][getRemotes] No remotes found in the git config file
2024-10-29 11:58:54.685 [info] > git for-each-ref --format=%(refname)%00%(upstream:short)%00%(objectname)%00%(upstream:track)%00%(upstream:remotename)%00%(upstream:remoteref) refs/heads/master refs/remotes/master [2ms]
2024-10-29 11:58:54.685 [warning] [Git][getBranch] No such branch: master
2024-10-29 11:58:54.719 [info] > git status -z -uall [19ms]
2024-10-29 11:58:54.719 [info] > git for-each-ref --sort -committerdate --format %(refname) %(objectname) %(*objectname) [3ms]
2024-10-29 11:58:55.068 [info] > git check-ignore -v -z --stdin [2ms]
2024-10-29 11:58:56.021 [info] [Git][getRemotes] No remotes found in the git config file
2024-10-29 11:58:56.023 [info] > git config --get commit.template [14ms]
2024-10-29 11:58:56.024 [info] > git for-each-ref --format=%(refname)%00%(upstream:short)%00%(objectname)%00%(upstream:track)%00%(upstream:remotename)%00%(upstream:remoteref) refs/heads/master refs/remotes/master [3ms]
2024-10-29 11:58:56.025 [warning] [Git][getBranch] No such branch: master
2024-10-29 11:58:56.053 [info] > git status -z -uall [15ms]
2024-10-29 11:58:56.056 [info] > git for-each-ref --sort -committerdate --format %(refname) %(objectname) %(*objectname) [5ms]
2024-10-29 11:59:01.096 [info] [Git][getRemotes] No remotes found in the git config file
2024-10-29 11:59:01.097 [info] > git config --get commit.template [15ms]
2024-10-29 11:59:01.098 [info] > git for-each-ref --format=%(refname)%00%(upstream:short)%00%(objectname)%00%(upstream:track)%00%(upstream:remotename)%00%(upstream:remoteref) refs/heads/master refs/remotes/master [2ms]
2024-10-29 11:59:01.098 [warning] [Git][getBranch] No such branch: master
2024-10-29 11:59:01.124 [info] > git status -z -uall [13ms]
2024-10-29 11:59:01.128 [info] > git for-each-ref --sort -committerdate --format %(refname) %(objectname) %(*objectname) [6ms]
2024-10-29 11:59:05.803 [info] > git log --format=%H%n%aN%n%aE%n%at%n%ct%n%P%n%D%n%B -z --shortstat --diff-merges=first-parent -n50 --skip=0 --topo-order --decorate=full --stdin [4ms]
2024-10-29 11:59:05.803 [info] fatal: bad revision 'refs/heads/master'
2024-10-29 11:59:05.804 [error] [GitHistoryProvider][provideHistoryItems] Failed to get history items with options '{"historyItemRefs":["refs/heads/master"],"limit":50,"skip":0}': Failed to execute git {
  "exitCode": 128,
  "gitCommand": "log",
  "stdout": "",
  "stderr": "fatal: bad revision 'refs/heads/master'\n"
}
2024-10-29 11:59:06.179 [info] [Git][getRemotes] No remotes found in the git config file
2024-10-29 11:59:06.180 [info] > git config --get commit.template [22ms]
2024-10-29 11:59:06.181 [info] > git for-each-ref --format=%(refname)%00%(upstream:short)%00%(objectname)%00%(upstream:track)%00%(upstream:remotename)%00%(upstream:remoteref) refs/heads/master refs/remotes/master [3ms]
2024-10-29 11:59:06.181 [warning] [Git][getBranch] No such branch: master
2024-10-29 11:59:06.214 [info] > git status -z -uall [18ms]
2024-10-29 11:59:06.219 [info] > git for-each-ref --sort -committerdate --format %(refname) %(objectname) %(*objectname) [8ms]
2024-10-29 11:59:06.533 [info] > git check-ignore -v -z --stdin [2ms]
2024-10-29 11:59:11.253 [info] > git config --get commit.template [2ms]
2024-10-29 11:59:11.271 [info] [Git][getRemotes] No remotes found in the git config file
2024-10-29 11:59:11.273 [info] > git for-each-ref --format=%(refname)%00%(upstream:short)%00%(objectname)%00%(upstream:track)%00%(upstream:remotename)%00%(upstream:remoteref) refs/heads/master refs/remotes/master [3ms]
2024-10-29 11:59:11.273 [warning] [Git][getBranch] No such branch: master
2024-10-29 11:59:11.304 [info] > git status -z -uall [16ms]
2024-10-29 11:59:11.307 [info] > git for-each-ref --sort -committerdate --format %(refname) %(objectname) %(*objectname) [3ms]
2024-10-29 11:59:16.350 [info] [Git][getRemotes] No remotes found in the git config file
2024-10-29 11:59:16.351 [info] > git config --get commit.template [17ms]
2024-10-29 11:59:16.352 [info] > git for-each-ref --format=%(refname)%00%(upstream:short)%00%(objectname)%00%(upstream:track)%00%(upstream:remotename)%00%(upstream:remoteref) refs/heads/master refs/remotes/master [2ms]
2024-10-29 11:59:16.353 [warning] [Git][getBranch] No such branch: master
2024-10-29 11:59:16.389 [info] > git status -z -uall [21ms]
2024-10-29 11:59:16.390 [info] > git for-each-ref --sort -committerdate --format %(refname) %(objectname) %(*objectname) [6ms]
2024-10-29 11:59:21.421 [info] > git config --get commit.template [3ms]
2024-10-29 11:59:21.439 [info] [Git][getRemotes] No remotes found in the git config file
2024-10-29 11:59:21.441 [info] > git for-each-ref --format=%(refname)%00%(upstream:short)%00%(objectname)%00%(upstream:track)%00%(upstream:remotename)%00%(upstream:remoteref) refs/heads/master refs/remotes/master [2ms]
2024-10-29 11:59:21.441 [warning] [Git][getBranch] No such branch: master
2024-10-29 11:59:21.471 [info] > git status -z -uall [16ms]
2024-10-29 11:59:21.474 [info] > git for-each-ref --sort -committerdate --format %(refname) %(objectname) %(*objectname) [3ms]
2024-10-29 11:59:29.881 [info] > git add -A -- . [3732ms]
2024-10-29 11:59:29.940 [info] > git -c user.useConfigOnly=true commit --quiet [44ms]
2024-10-29 11:59:29.940 [info] Author identity unknown

*** Please tell me who you are.

Run

  git config --global user.email "you@example.com"
  git config --global user.name "Your Name"

to set your account's default identity.
Omit --global to set the identity only in this repository.

fatal: no email was given and auto-detection is disabled
2024-10-29 11:59:29.957 [info] > git config --get-all user.name [3ms]
2024-10-29 11:59:29.974 [info] > git config --get commit.template [3ms]
2024-10-29 11:59:29.990 [info] [Git][getRemotes] No remotes found in the git config file
2024-10-29 11:59:29.992 [info] > git for-each-ref --format=%(refname)%00%(upstream:short)%00%(objectname)%00%(upstream:track)%00%(upstream:remotename)%00%(upstream:remoteref) refs/heads/master refs/remotes/master [2ms]
2024-10-29 11:59:29.992 [warning] [Git][getBranch] No such branch: master
2024-10-29 11:59:30.022 [info] > git status -z -uall [16ms]
2024-10-29 11:59:30.026 [info] > git for-each-ref --sort -committerdate --format %(refname) %(objectname) %(*objectname) [6ms]
2024-10-29 11:59:30.066 [info] [Git][getRemotes] No remotes found in the git config file
2024-10-29 11:59:30.067 [info] > git config --get commit.template [17ms]
2024-10-29 11:59:30.068 [info] > git for-each-ref --format=%(refname)%00%(upstream:short)%00%(objectname)%00%(upstream:track)%00%(upstream:remotename)%00%(upstream:remoteref) refs/heads/master refs/remotes/master [2ms]
2024-10-29 11:59:30.068 [warning] [Git][getBranch] No such branch: master
2024-10-29 11:59:30.099 [info] > git status -z -uall [17ms]
2024-10-29 11:59:30.099 [info] > git for-each-ref --sort -committerdate --format %(refname) %(objectname) %(*objectname) [3ms]
2024-10-29 11:59:38.361 [info] > git config --get commit.template [3ms]
2024-10-29 11:59:38.381 [info] [Git][getRemotes] No remotes found in the git config file
2024-10-29 11:59:38.383 [info] > git for-each-ref --format=%(refname)%00%(upstream:short)%00%(objectname)%00%(upstream:track)%00%(upstream:remotename)%00%(upstream:remoteref) refs/heads/master refs/remotes/master [3ms]
2024-10-29 11:59:38.383 [warning] [Git][getBranch] No such branch: master
2024-10-29 11:59:38.419 [info] > git status -z -uall [21ms]
2024-10-29 11:59:38.420 [info] > git for-each-ref --sort -committerdate --format %(refname) %(objectname) %(*objectname) [5ms]
2024-10-29 11:59:43.466 [info] [Git][getRemotes] No remotes found in the git config file
2024-10-29 11:59:43.468 [info] > git config --get commit.template [18ms]
2024-10-29 11:59:43.468 [info] > git for-each-ref --format=%(refname)%00%(upstream:short)%00%(objectname)%00%(upstream:track)%00%(upstream:remotename)%00%(upstream:remoteref) refs/heads/master refs/remotes/master [2ms]
2024-10-29 11:59:43.468 [warning] [Git][getBranch] No such branch: master
2024-10-29 11:59:43.500 [info] > git status -z -uall [17ms]
2024-10-29 11:59:43.502 [info] > git for-each-ref --sort -committerdate --format %(refname) %(objectname) %(*objectname) [4ms]
2024-10-29 12:00:38.049 [info] > git config --get commit.template [4ms]
2024-10-29 12:00:38.051 [info] [Git][getRemotes] No remotes found in the git config file
2024-10-29 12:00:38.071 [info] > git for-each-ref --format=%(refname)%00%(upstream:short)%00%(objectname)%00%(upstream:track)%00%(upstream:remotename)%00%(upstream:remoteref) refs/heads/master refs/remotes/master [2ms]
2024-10-29 12:00:38.071 [warning] [Git][getBranch] No such branch: master
2024-10-29 12:00:38.105 [info] > git status -z -uall [17ms]
2024-10-29 12:00:38.108 [info] > git for-each-ref --sort -committerdate --format %(refname) %(objectname) %(*objectname) [5ms]
2024-10-29 12:00:40.699 [info] > git -c user.useConfigOnly=true commit --quiet [8ms]
2024-10-29 12:00:40.699 [info] Author identity unknown

*** Please tell me who you are.

Run

  git config --global user.email "you@example.com"
  git config --global user.name "Your Name"

to set your account's default identity.
Omit --global to set the identity only in this repository.

fatal: no email was given and auto-detection is disabled
2024-10-29 12:00:40.717 [info] > git config --get-all user.name [2ms]
2024-10-29 12:00:40.734 [info] > git config --get-all user.email [2ms]
2024-10-29 12:00:40.766 [info] [Git][getRemotes] No remotes found in the git config file
2024-10-29 12:00:40.768 [info] > git config --get commit.template [18ms]
2024-10-29 12:00:40.768 [info] > git for-each-ref --format=%(refname)%00%(upstream:short)%00%(objectname)%00%(upstream:track)%00%(upstream:remotename)%00%(upstream:remoteref) refs/heads/master refs/remotes/master [3ms]
2024-10-29 12:00:40.768 [warning] [Git][getBranch] No such branch: master
2024-10-29 12:00:40.813 [info] > git status -z -uall [26ms]
2024-10-29 12:00:40.819 [info] > git for-each-ref --sort -committerdate --format %(refname) %(objectname) %(*objectname) [11ms]
2024-10-29 12:01:05.621 [info] [Git][getRemotes] No remotes found in the git config file
2024-10-29 12:01:05.623 [info] > git config --get commit.template [15ms]
2024-10-29 12:01:05.624 [info] > git for-each-ref --format=%(refname)%00%(upstream:short)%00%(objectname)%00%(upstream:track)%00%(upstream:remotename)%00%(upstream:remoteref) refs/heads/master refs/remotes/master [3ms]
2024-10-29 12:01:05.624 [warning] [Git][getBranch] No such branch: master
2024-10-29 12:01:05.651 [info] > git status -z -uall [14ms]
2024-10-29 12:01:05.653 [info] > git for-each-ref --sort -committerdate --format %(refname) %(objectname) %(*objectname) [3ms]
2024-10-29 12:01:07.516 [info] > git show --textconv :.git/COMMIT_EDITMSG [21ms]
2024-10-29 12:01:07.520 [info] > git ls-files --stage -- /home/dastarruer/.config/.git/COMMIT_EDITMSG [5ms]
2024-10-29 12:01:07.837 [info] > git check-ignore -v -z --stdin [2ms]
2024-10-29 12:01:08.174 [info] > git ls-files --stage -- /home/dastarruer/.config/.git/COMMIT_EDITMSG [3ms]
2024-10-29 12:01:08.197 [info] > git show --textconv :.git/COMMIT_EDITMSG [3ms]
2024-10-29 12:01:11.503 [info] > git -c user.useConfigOnly=true commit --quiet [4565ms]
2024-10-29 12:01:11.504 [info] Aborting commit due to empty commit message.
2024-10-29 12:01:11.527 [info] > git config --get commit.template [3ms]
2024-10-29 12:01:11.528 [info] [Git][getRemotes] No remotes found in the git config file
2024-10-29 12:01:11.551 [info] > git for-each-ref --format=%(refname)%00%(upstream:short)%00%(objectname)%00%(upstream:track)%00%(upstream:remotename)%00%(upstream:remoteref) refs/heads/master refs/remotes/master [4ms]
2024-10-29 12:01:11.551 [warning] [Git][getBranch] No such branch: master
2024-10-29 12:01:11.594 [info] > git status -z -uall [23ms]
2024-10-29 12:01:11.594 [info] > git for-each-ref --sort -committerdate --format %(refname) %(objectname) %(*objectname) [4ms]
2024-10-29 12:01:11.627 [info] > git config --get commit.template [3ms]
2024-10-29 12:01:11.646 [info] [Git][getRemotes] No remotes found in the git config file
2024-10-29 12:01:11.649 [info] > git for-each-ref --format=%(refname)%00%(upstream:short)%00%(objectname)%00%(upstream:track)%00%(upstream:remotename)%00%(upstream:remoteref) refs/heads/master refs/remotes/master [3ms]
2024-10-29 12:01:11.649 [warning] [Git][getBranch] No such branch: master
2024-10-29 12:01:11.686 [info] > git status -z -uall [19ms]
2024-10-29 12:01:11.688 [info] > git for-each-ref --sort -committerdate --format %(refname) %(objectname) %(*objectname) [3ms]
2024-10-29 12:01:16.732 [info] [Git][getRemotes] No remotes found in the git config file
2024-10-29 12:01:16.734 [info] > git config --get commit.template [19ms]
2024-10-29 12:01:16.734 [info] > git for-each-ref --format=%(refname)%00%(upstream:short)%00%(objectname)%00%(upstream:track)%00%(upstream:remotename)%00%(upstream:remoteref) refs/heads/master refs/remotes/master [3ms]
2024-10-29 12:01:16.734 [warning] [Git][getBranch] No such branch: master
2024-10-29 12:01:16.769 [info] > git status -z -uall [18ms]
2024-10-29 12:01:16.769 [info] > git for-each-ref --sort -committerdate --format %(refname) %(objectname) %(*objectname) [4ms]
2024-10-29 12:01:21.800 [info] > git config --get commit.template [3ms]
2024-10-29 12:01:21.817 [info] [Git][getRemotes] No remotes found in the git config file
2024-10-29 12:01:21.819 [info] > git for-each-ref --format=%(refname)%00%(upstream:short)%00%(objectname)%00%(upstream:track)%00%(upstream:remotename)%00%(upstream:remoteref) refs/heads/master refs/remotes/master [2ms]
2024-10-29 12:01:21.819 [warning] [Git][getBranch] No such branch: master
2024-10-29 12:01:21.852 [info] > git status -z -uall [17ms]
2024-10-29 12:01:21.854 [info] > git for-each-ref --sort -committerdate --format %(refname) %(objectname) %(*objectname) [3ms]
2024-10-29 12:01:30.222 [info] [Git][getRemotes] No remotes found in the git config file
2024-10-29 12:01:30.223 [info] > git config --get commit.template [21ms]
2024-10-29 12:01:30.224 [info] > git for-each-ref --format=%(refname)%00%(upstream:short)%00%(objectname)%00%(upstream:track)%00%(upstream:remotename)%00%(upstream:remoteref) refs/heads/master refs/remotes/master [2ms]
2024-10-29 12:01:30.224 [warning] [Git][getBranch] No such branch: master
2024-10-29 12:01:30.260 [info] > git status -z -uall [19ms]
2024-10-29 12:01:30.262 [info] > git for-each-ref --sort -committerdate --format %(refname) %(objectname) %(*objectname) [3ms]
2024-10-29 12:02:10.643 [info] > git config --get commit.template [4ms]
2024-10-29 12:02:10.643 [info] > git fetch [24ms]
2024-10-29 12:02:10.682 [info] [Git][getRemotes] No remotes found in the git config file
2024-10-29 12:02:10.683 [info] > git config --get commit.template [20ms]
2024-10-29 12:02:10.701 [info] [Git][getRemotes] No remotes found in the git config file
2024-10-29 12:02:10.701 [info] > git for-each-ref --format=%(refname)%00%(upstream:short)%00%(objectname)%00%(upstream:track)%00%(upstream:remotename)%00%(upstream:remoteref) refs/heads/master refs/remotes/master [20ms]
2024-10-29 12:02:10.701 [warning] [Git][getBranch] No such branch: master
2024-10-29 12:02:10.704 [info] > git for-each-ref --format=%(refname)%00%(upstream:short)%00%(objectname)%00%(upstream:track)%00%(upstream:remotename)%00%(upstream:remoteref) refs/heads/master refs/remotes/master [4ms]
2024-10-29 12:02:10.704 [warning] [Git][getBranch] No such branch: master
2024-10-29 12:02:10.743 [info] > git status -z -uall [22ms]
2024-10-29 12:02:10.743 [info] > git for-each-ref --sort -committerdate --format %(refname) %(objectname) %(*objectname) [4ms]
2024-10-29 12:02:11.884 [info] > git -c user.useConfigOnly=true commit --quiet --allow-empty-message --file - [20ms]
2024-10-29 12:02:11.906 [info] > git config --get commit.template [3ms]
2024-10-29 12:02:11.946 [info] [Git][getRemotes] No remotes found in the git config file
2024-10-29 12:02:11.949 [info] > git for-each-ref --format=%(refname)%00%(upstream:short)%00%(objectname)%00%(upstream:track)%00%(upstream:remotename)%00%(upstream:remoteref) refs/heads/master refs/remotes/master [3ms]
2024-10-29 12:02:11.950 [info] > git config --get commit.template [22ms]
2024-10-29 12:02:11.984 [info] > git status -z -uall [20ms]
2024-10-29 12:02:11.985 [info] > git for-each-ref --sort -committerdate --format %(refname) %(objectname) %(*objectname) [4ms]
2024-10-29 12:02:12.224 [info] > git config --get commit.template [4ms]
2024-10-29 12:02:12.246 [info] [Git][getRemotes] No remotes found in the git config file
2024-10-29 12:02:12.251 [info] > git for-each-ref --format=%(refname)%00%(upstream:short)%00%(objectname)%00%(upstream:track)%00%(upstream:remotename)%00%(upstream:remoteref) refs/heads/master refs/remotes/master [6ms]
2024-10-29 12:02:12.298 [info] > git status -z -uall [26ms]
2024-10-29 12:02:12.300 [info] > git for-each-ref --sort -committerdate --format %(refname) %(objectname) %(*objectname) [4ms]
2024-10-29 12:02:12.383 [info] > git show -s --decorate=full --shortstat --format=%H%n%aN%n%aE%n%at%n%ct%n%P%n%D%n%B -z ed67ed22783f4e1755762e791b78a192c73384eb [368ms]
2024-10-29 12:02:12.474 [info] > git log --format=%H%n%aN%n%aE%n%at%n%ct%n%P%n%D%n%B -z --shortstat --diff-merges=first-parent -n50 --skip=0 --topo-order --decorate=full --stdin [362ms]
2024-10-29 12:02:12.770 [info] > git check-ignore -v -z --stdin [3ms]
2024-10-29 12:02:15.735 [info] [Git][getRemotes] No remotes found in the git config file
2024-10-29 12:02:15.736 [info] > git config --get commit.template [16ms]
2024-10-29 12:02:15.737 [info] > git for-each-ref --format=%(refname)%00%(upstream:short)%00%(objectname)%00%(upstream:track)%00%(upstream:remotename)%00%(upstream:remoteref) refs/heads/master refs/remotes/master [2ms]
2024-10-29 12:02:15.779 [info] > git status -z -uall [24ms]
2024-10-29 12:02:15.783 [info] > git for-each-ref --sort -committerdate --format %(refname) %(objectname) %(*objectname) [9ms]
2024-10-29 12:02:16.169 [info] > git check-ignore -v -z --stdin [3ms]
2024-10-29 12:02:16.807 [info] > git check-ignore -v -z --stdin [2ms]
