2024-10-29 15:02:21.024 [info] Extension host with pid 2673 started
2024-10-29 15:02:21.207 [info] ExtensionService#_doActivateExtension vscode.emmet, startup: false, activationEvent: 'onLanguage'
2024-10-29 15:02:21.231 [info] ExtensionService#_doActivateExtension tamasfe.even-better-toml, startup: false, activationEvent: 'onLanguage:toml'
2024-10-29 15:02:21.738 [info] ExtensionService#_doActivateExtension vscode.github-authentication, startup: false, activationEvent: 'onAuthenticationRequest:github'
2024-10-29 15:02:21.855 [info] ExtensionService#_doActivateExtension vscode.git-base, startup: true, activationEvent: '*', root cause: vscode.git
2024-10-29 15:02:21.859 [info] ExtensionService#_doActivateExtension dooez.alt-catppuccin-vsc, startup: true, activationEvent: '*'
2024-10-29 15:02:21.935 [info] ExtensionService#_doActivateExtension vscode.git, startup: true, activationEvent: '*'
2024-10-29 15:02:22.039 [info] ExtensionService#_doActivateExtension vscode.github, startup: true, activationEvent: '*'
2024-10-29 15:02:22.194 [info] Eager extensions activated
2024-10-29 15:02:22.232 [info] ExtensionService#_doActivateExtension vscode.debug-auto-launch, startup: false, activationEvent: 'onStartupFinished'
2024-10-29 15:02:22.235 [info] ExtensionService#_doActivateExtension vscode.merge-conflict, startup: false, activationEvent: 'onStartupFinished'
2024-10-29 15:02:22.263 [info] ExtensionService#_doActivateExtension Catppuccin.catppuccin-vsc, startup: false, activationEvent: 'onStartupFinished'
2024-10-29 15:02:22.270 [info] ExtensionService#_doActivateExtension Codeium.codeium, startup: false, activationEvent: 'onStartupFinished'
2024-10-29 15:02:22.925 [info] ExtensionService#_doActivateExtension ecmel.vscode-html-css, startup: false, activationEvent: 'onStartupFinished'
2024-10-29 15:02:22.927 [info] ExtensionService#_doActivateExtension esbenp.prettier-vscode, startup: false, activationEvent: 'onStartupFinished'
2024-10-29 15:02:23.039 [info] ExtensionService#_doActivateExtension WallabyJs.console-ninja, startup: false, activationEvent: 'onStartupFinished'
2024-10-29 11:02:31.064 [info] ExtensionService#_doActivateExtension vscode.configuration-editing, startup: false, activationEvent: 'onLanguage:jsonc'
2024-10-29 11:02:31.083 [info] ExtensionService#_doActivateExtension vscode.json-language-features, startup: false, activationEvent: 'onLanguage:jsonc'
2024-10-29 11:02:31.192 [info] ExtensionService#_doActivateExtension vscode.typescript-language-features, startup: false, activationEvent: 'onLanguage:jsonc'
2024-10-29 11:11:37.196 [error] Error: Illegal value for `line`
	at TF.t (file:///usr/share/code/resources/app/out/vs/workbench/api/node/extensionHostProcess.js:121:1005)
	at Object.lineAt (file:///usr/share/code/resources/app/out/vs/workbench/api/node/extensionHostProcess.js:121:72)
	at e.getCommandEditHints (/home/dastarruer/.vscode/extensions/codeium.codeium-1.22.5/dist/extension.js:2:1585065)
	at e.getNonCachedDocumentResults (/home/dastarruer/.vscode/extensions/codeium.codeium-1.22.5/dist/extension.js:2:1586744)
	at e.<anonymous> (/home/dastarruer/.vscode/extensions/codeium.codeium-1.22.5/dist/extension.js:2:1587809)
	at d (/home/dastarruer/.vscode/extensions/codeium.codeium-1.22.5/dist/extension.js:2:1573032)
	at Generator.<anonymous> (/home/dastarruer/.vscode/extensions/codeium.codeium-1.22.5/dist/extension.js:2:1574374)
	at Generator.next (/home/dastarruer/.vscode/extensions/codeium.codeium-1.22.5/dist/extension.js:2:1573461)
	at a (/home/dastarruer/.vscode/extensions/codeium.codeium-1.22.5/dist/extension.js:2:1579588)
	at s (/home/dastarruer/.vscode/extensions/codeium.codeium-1.22.5/dist/extension.js:2:1579791)
	at /home/dastarruer/.vscode/extensions/codeium.codeium-1.22.5/dist/extension.js:2:1579850
	at new Promise (<anonymous>)
	at e.<anonymous> (/home/dastarruer/.vscode/extensions/codeium.codeium-1.22.5/dist/extension.js:2:1579731)
	at e.<anonymous> (/home/dastarruer/.vscode/extensions/codeium.codeium-1.22.5/dist/extension.js:2:1588383)
	at e.<anonymous> (/home/dastarruer/.vscode/extensions/codeium.codeium-1.22.5/dist/extension.js:2:1530960)
	at d (/home/dastarruer/.vscode/extensions/codeium.codeium-1.22.5/dist/extension.js:2:1518292)
	at Generator.<anonymous> (/home/dastarruer/.vscode/extensions/codeium.codeium-1.22.5/dist/extension.js:2:1519634)
	at Generator.next (/home/dastarruer/.vscode/extensions/codeium.codeium-1.22.5/dist/extension.js:2:1518721)
	at s (/home/dastarruer/.vscode/extensions/codeium.codeium-1.22.5/dist/extension.js:2:1525208)
	at a (/home/dastarruer/.vscode/extensions/codeium.codeium-1.22.5/dist/extension.js:2:1525411)
	at /home/dastarruer/.vscode/extensions/codeium.codeium-1.22.5/dist/extension.js:2:1525470
	at new Promise (<anonymous>)
	at e.<anonymous> (/home/dastarruer/.vscode/extensions/codeium.codeium-1.22.5/dist/extension.js:2:1525351)
	at e.<anonymous> (/home/dastarruer/.vscode/extensions/codeium.codeium-1.22.5/dist/extension.js:2:1531583)
	at e.<anonymous> (/home/dastarruer/.vscode/extensions/codeium.codeium-1.22.5/dist/extension.js:2:1530152)
	at d (/home/dastarruer/.vscode/extensions/codeium.codeium-1.22.5/dist/extension.js:2:1518292)
	at Generator.<anonymous> (/home/dastarruer/.vscode/extensions/codeium.codeium-1.22.5/dist/extension.js:2:1519634)
	at Generator.next (/home/dastarruer/.vscode/extensions/codeium.codeium-1.22.5/dist/extension.js:2:1518721)
	at s (/home/dastarruer/.vscode/extensions/codeium.codeium-1.22.5/dist/extension.js:2:1525208)
	at a (/home/dastarruer/.vscode/extensions/codeium.codeium-1.22.5/dist/extension.js:2:1525411)
	at /home/dastarruer/.vscode/extensions/codeium.codeium-1.22.5/dist/extension.js:2:1525470
	at new Promise (<anonymous>)
	at e.<anonymous> (/home/dastarruer/.vscode/extensions/codeium.codeium-1.22.5/dist/extension.js:2:1525351)
	at e.<anonymous> (/home/dastarruer/.vscode/extensions/codeium.codeium-1.22.5/dist/extension.js:2:1530395)
	at Immediate.<anonymous> (/home/dastarruer/.vscode/extensions/codeium.codeium-1.22.5/dist/extension.js:2:1527813)
	at process.processImmediate (node:internal/timers:483:21)
2024-10-29 11:27:20.262 [error] Error: Illegal value for `line`
	at TF.t (file:///usr/share/code/resources/app/out/vs/workbench/api/node/extensionHostProcess.js:121:1005)
	at Object.lineAt (file:///usr/share/code/resources/app/out/vs/workbench/api/node/extensionHostProcess.js:121:72)
	at e.getCommandEditHints (/home/dastarruer/.vscode/extensions/codeium.codeium-1.22.5/dist/extension.js:2:1585065)
	at e.getNonCachedDocumentResults (/home/dastarruer/.vscode/extensions/codeium.codeium-1.22.5/dist/extension.js:2:1586744)
	at e.<anonymous> (/home/dastarruer/.vscode/extensions/codeium.codeium-1.22.5/dist/extension.js:2:1587809)
	at d (/home/dastarruer/.vscode/extensions/codeium.codeium-1.22.5/dist/extension.js:2:1573032)
	at Generator.<anonymous> (/home/dastarruer/.vscode/extensions/codeium.codeium-1.22.5/dist/extension.js:2:1574374)
	at Generator.next (/home/dastarruer/.vscode/extensions/codeium.codeium-1.22.5/dist/extension.js:2:1573461)
	at a (/home/dastarruer/.vscode/extensions/codeium.codeium-1.22.5/dist/extension.js:2:1579588)
	at s (/home/dastarruer/.vscode/extensions/codeium.codeium-1.22.5/dist/extension.js:2:1579791)
	at /home/dastarruer/.vscode/extensions/codeium.codeium-1.22.5/dist/extension.js:2:1579850
	at new Promise (<anonymous>)
	at e.<anonymous> (/home/dastarruer/.vscode/extensions/codeium.codeium-1.22.5/dist/extension.js:2:1579731)
	at e.<anonymous> (/home/dastarruer/.vscode/extensions/codeium.codeium-1.22.5/dist/extension.js:2:1588383)
	at e.<anonymous> (/home/dastarruer/.vscode/extensions/codeium.codeium-1.22.5/dist/extension.js:2:1530960)
	at d (/home/dastarruer/.vscode/extensions/codeium.codeium-1.22.5/dist/extension.js:2:1518292)
	at Generator.<anonymous> (/home/dastarruer/.vscode/extensions/codeium.codeium-1.22.5/dist/extension.js:2:1519634)
	at Generator.next (/home/dastarruer/.vscode/extensions/codeium.codeium-1.22.5/dist/extension.js:2:1518721)
	at s (/home/dastarruer/.vscode/extensions/codeium.codeium-1.22.5/dist/extension.js:2:1525208)
	at a (/home/dastarruer/.vscode/extensions/codeium.codeium-1.22.5/dist/extension.js:2:1525411)
	at /home/dastarruer/.vscode/extensions/codeium.codeium-1.22.5/dist/extension.js:2:1525470
	at new Promise (<anonymous>)
	at e.<anonymous> (/home/dastarruer/.vscode/extensions/codeium.codeium-1.22.5/dist/extension.js:2:1525351)
	at e.<anonymous> (/home/dastarruer/.vscode/extensions/codeium.codeium-1.22.5/dist/extension.js:2:1531583)
	at e.<anonymous> (/home/dastarruer/.vscode/extensions/codeium.codeium-1.22.5/dist/extension.js:2:1530152)
	at d (/home/dastarruer/.vscode/extensions/codeium.codeium-1.22.5/dist/extension.js:2:1518292)
	at Generator.<anonymous> (/home/dastarruer/.vscode/extensions/codeium.codeium-1.22.5/dist/extension.js:2:1519634)
	at Generator.next (/home/dastarruer/.vscode/extensions/codeium.codeium-1.22.5/dist/extension.js:2:1518721)
	at s (/home/dastarruer/.vscode/extensions/codeium.codeium-1.22.5/dist/extension.js:2:1525208)
	at a (/home/dastarruer/.vscode/extensions/codeium.codeium-1.22.5/dist/extension.js:2:1525411)
	at /home/dastarruer/.vscode/extensions/codeium.codeium-1.22.5/dist/extension.js:2:1525470
	at new Promise (<anonymous>)
	at e.<anonymous> (/home/dastarruer/.vscode/extensions/codeium.codeium-1.22.5/dist/extension.js:2:1525351)
	at e.<anonymous> (/home/dastarruer/.vscode/extensions/codeium.codeium-1.22.5/dist/extension.js:2:1530395)
	at Immediate.<anonymous> (/home/dastarruer/.vscode/extensions/codeium.codeium-1.22.5/dist/extension.js:2:1527813)
	at process.processImmediate (node:internal/timers:483:21)
