2024-10-29 15:50:20.640 [info] Using settings sync service https://vscode-sync.trafficmanager.net/
2024-10-29 15:50:20.640 [info] Auto Sync is enabled.
2024-10-29 15:50:20.640 [info] Auto Sync: Suspended until auth token is available.
2024-10-29 15:50:25.471 [info] Auto Sync: Triggered by Interval
2024-10-29 15:50:25.485 [info] Sync started.
2024-10-29 15:50:25.993 [info] Settings: No changes found during synchronizing settings.
2024-10-29 15:50:26.003 [info] Keybindings: No changes found during synchronizing keybindings.
2024-10-29 15:50:26.008 [info] Snippets: No changes found during synchronizing snippets.
2024-10-29 15:50:26.013 [info] Tasks: No changes found during synchronizing tasks.
2024-10-29 15:50:26.019 [info] GlobalState: No changes found during synchronizing ui state.
2024-10-29 15:50:26.065 [info] Extensions: No changes found during synchronizing extensions.
2024-10-29 15:50:26.067 [info] Profiles: No changes found during synchronizing profiles.
2024-10-29 15:50:26.070 [info] Sync done. Took 617ms
2024-10-29 15:51:17.765 [info] Auto Sync: Triggered by Activity
2024-10-29 15:51:17.765 [info] Sync started.
2024-10-29 15:51:17.867 [info] Settings: No changes found during synchronizing settings.
2024-10-29 15:51:17.873 [info] Keybindings: No changes found during synchronizing keybindings.
2024-10-29 15:51:17.878 [info] Snippets: No changes found during synchronizing snippets.
2024-10-29 15:51:17.884 [info] Tasks: No changes found during synchronizing tasks.
2024-10-29 15:51:17.891 [info] GlobalState: No changes found during synchronizing ui state.
2024-10-29 15:51:17.950 [info] Extensions: No changes found during synchronizing extensions.
2024-10-29 15:51:17.952 [info] Profiles: No changes found during synchronizing profiles.
2024-10-29 15:51:17.954 [info] Sync done. Took 191ms
2024-10-29 15:52:01.683 [info] Auto Sync: Triggered by Activity
2024-10-29 15:52:01.683 [info] Sync started.
2024-10-29 15:52:01.822 [info] Settings: No changes found during synchronizing settings.
2024-10-29 15:52:01.826 [info] Keybindings: No changes found during synchronizing keybindings.
2024-10-29 15:52:01.832 [info] Snippets: No changes found during synchronizing snippets.
2024-10-29 15:52:01.837 [info] Tasks: No changes found during synchronizing tasks.
2024-10-29 15:52:01.842 [info] GlobalState: No changes found during synchronizing ui state.
2024-10-29 15:52:01.893 [info] Extensions: No changes found during synchronizing extensions.
2024-10-29 15:52:01.897 [info] Profiles: No changes found during synchronizing profiles.
2024-10-29 15:52:01.900 [info] Sync done. Took 219ms
2024-10-29 15:52:45.211 [info] Auto Sync: Triggered by Activity
2024-10-29 15:52:45.212 [info] Sync started.
2024-10-29 15:52:45.327 [info] Settings: No changes found during synchronizing settings.
2024-10-29 15:52:45.331 [info] Keybindings: No changes found during synchronizing keybindings.
2024-10-29 15:52:45.336 [info] Snippets: No changes found during synchronizing snippets.
2024-10-29 15:52:45.339 [info] Tasks: No changes found during synchronizing tasks.
2024-10-29 15:52:45.345 [info] GlobalState: No changes found during synchronizing ui state.
2024-10-29 15:52:45.399 [info] Extensions: No changes found during synchronizing extensions.
2024-10-29 15:52:45.401 [info] Profiles: No changes found during synchronizing profiles.
2024-10-29 15:52:45.404 [info] Sync done. Took 194ms
2024-10-29 15:53:30.895 [info] Auto Sync: Triggered by Activity
2024-10-29 15:53:30.895 [info] Sync started.
2024-10-29 15:53:31.010 [info] Settings: No changes found during synchronizing settings.
2024-10-29 15:53:31.015 [info] Keybindings: No changes found during synchronizing keybindings.
2024-10-29 15:53:31.022 [info] Snippets: No changes found during synchronizing snippets.
2024-10-29 15:53:31.026 [info] Tasks: No changes found during synchronizing tasks.
2024-10-29 15:53:31.030 [info] GlobalState: No changes found during synchronizing ui state.
2024-10-29 15:53:31.081 [info] Extensions: No changes found during synchronizing extensions.
2024-10-29 15:53:31.083 [info] Profiles: No changes found during synchronizing profiles.
2024-10-29 15:53:31.085 [info] Sync done. Took 192ms
2024-10-29 15:53:45.550 [info] Auto Sync: Triggered by Activity
2024-10-29 15:53:45.550 [info] Sync started.
2024-10-29 15:53:45.669 [info] Settings: No changes found during synchronizing settings.
2024-10-29 15:53:45.674 [info] Keybindings: No changes found during synchronizing keybindings.
2024-10-29 15:53:45.678 [info] Snippets: No changes found during synchronizing snippets.
2024-10-29 15:53:45.682 [info] Tasks: No changes found during synchronizing tasks.
2024-10-29 15:53:45.686 [info] GlobalState: No changes found during synchronizing ui state.
2024-10-29 15:53:45.730 [info] Extensions: No changes found during synchronizing extensions.
2024-10-29 15:53:45.732 [info] Profiles: No changes found during synchronizing profiles.
2024-10-29 15:53:45.734 [info] Sync done. Took 186ms
2024-10-29 15:54:14.254 [info] Auto Sync: Triggered by Activity
2024-10-29 15:54:14.254 [info] Sync started.
2024-10-29 15:54:14.355 [info] Settings: No changes found during synchronizing settings.
2024-10-29 15:54:14.359 [info] Keybindings: No changes found during synchronizing keybindings.
2024-10-29 15:54:14.364 [info] Snippets: No changes found during synchronizing snippets.
2024-10-29 15:54:14.368 [info] Tasks: No changes found during synchronizing tasks.
2024-10-29 15:54:14.373 [info] GlobalState: No changes found during synchronizing ui state.
2024-10-29 15:54:14.425 [info] Extensions: No changes found during synchronizing extensions.
2024-10-29 15:54:14.427 [info] Profiles: No changes found during synchronizing profiles.
2024-10-29 15:54:14.430 [info] Sync done. Took 178ms
2024-10-29 15:55:19.760 [info] Auto Sync: Triggered by Activity
2024-10-29 15:55:19.761 [info] Sync started.
2024-10-29 15:55:19.875 [info] Settings: No changes found during synchronizing settings.
2024-10-29 15:55:19.880 [info] Keybindings: No changes found during synchronizing keybindings.
2024-10-29 15:55:19.884 [info] Snippets: No changes found during synchronizing snippets.
2024-10-29 15:55:19.888 [info] Tasks: No changes found during synchronizing tasks.
2024-10-29 15:55:19.892 [info] GlobalState: No changes found during synchronizing ui state.
2024-10-29 15:55:19.943 [info] Extensions: No changes found during synchronizing extensions.
2024-10-29 15:55:19.945 [info] Profiles: No changes found during synchronizing profiles.
2024-10-29 15:55:19.947 [info] Sync done. Took 188ms
2024-10-29 15:55:37.030 [info] Auto Sync: Triggered by Activity
2024-10-29 15:55:37.030 [info] Sync started.
2024-10-29 15:55:37.137 [info] Settings: No changes found during synchronizing settings.
2024-10-29 15:55:37.142 [info] Keybindings: No changes found during synchronizing keybindings.
2024-10-29 15:55:37.146 [info] Snippets: No changes found during synchronizing snippets.
2024-10-29 15:55:37.150 [info] Tasks: No changes found during synchronizing tasks.
2024-10-29 15:55:37.154 [info] GlobalState: No changes found during synchronizing ui state.
2024-10-29 15:55:37.199 [info] Extensions: No changes found during synchronizing extensions.
2024-10-29 15:55:37.201 [info] Profiles: No changes found during synchronizing profiles.
2024-10-29 15:55:37.204 [info] Sync done. Took 175ms
2024-10-29 15:55:51.763 [info] Auto Sync: Triggered by Activity
2024-10-29 15:55:51.763 [info] Sync started.
2024-10-29 15:55:51.869 [info] Settings: No changes found during synchronizing settings.
2024-10-29 15:55:51.876 [info] Keybindings: No changes found during synchronizing keybindings.
2024-10-29 15:55:51.884 [info] Snippets: No changes found during synchronizing snippets.
2024-10-29 15:55:51.887 [info] Tasks: No changes found during synchronizing tasks.
2024-10-29 15:55:51.891 [info] GlobalState: No changes found during synchronizing ui state.
2024-10-29 15:55:51.942 [info] Extensions: No changes found during synchronizing extensions.
2024-10-29 15:55:51.943 [info] Profiles: No changes found during synchronizing profiles.
2024-10-29 15:55:51.945 [info] Sync done. Took 184ms
2024-10-29 15:56:11.390 [info] Auto Sync: Triggered by Activity
2024-10-29 15:56:11.390 [info] Sync started.
2024-10-29 15:56:11.512 [info] Settings: No changes found during synchronizing settings.
2024-10-29 15:56:11.516 [info] Keybindings: No changes found during synchronizing keybindings.
2024-10-29 15:56:11.521 [info] Snippets: No changes found during synchronizing snippets.
2024-10-29 15:56:11.525 [info] Tasks: No changes found during synchronizing tasks.
2024-10-29 15:56:11.530 [info] GlobalState: No changes found during synchronizing ui state.
2024-10-29 15:56:11.583 [info] Extensions: No changes found during synchronizing extensions.
2024-10-29 15:56:11.585 [info] Profiles: No changes found during synchronizing profiles.
2024-10-29 15:56:11.588 [info] Sync done. Took 200ms
2024-10-29 15:56:33.103 [info] Auto Sync: Triggered by Activity
2024-10-29 15:56:33.103 [info] Sync started.
2024-10-29 15:56:33.230 [info] Settings: No changes found during synchronizing settings.
2024-10-29 15:56:33.234 [info] Keybindings: No changes found during synchronizing keybindings.
2024-10-29 15:56:33.239 [info] Snippets: No changes found during synchronizing snippets.
2024-10-29 15:56:33.243 [info] Tasks: No changes found during synchronizing tasks.
2024-10-29 15:56:33.248 [info] GlobalState: No changes found during synchronizing ui state.
2024-10-29 15:56:33.290 [info] Extensions: No changes found during synchronizing extensions.
2024-10-29 15:56:33.292 [info] Profiles: No changes found during synchronizing profiles.
2024-10-29 15:56:33.294 [info] Sync done. Took 192ms
2024-10-29 15:56:44.877 [info] Auto Sync: Triggered by Activity
2024-10-29 15:56:44.878 [info] Sync started.
2024-10-29 15:56:45.001 [info] Settings: No changes found during synchronizing settings.
2024-10-29 15:56:45.006 [info] Keybindings: No changes found during synchronizing keybindings.
2024-10-29 15:56:45.010 [info] Snippets: No changes found during synchronizing snippets.
2024-10-29 15:56:45.015 [info] Tasks: No changes found during synchronizing tasks.
2024-10-29 15:56:45.020 [info] GlobalState: No changes found during synchronizing ui state.
2024-10-29 15:56:45.068 [info] Extensions: No changes found during synchronizing extensions.
2024-10-29 15:56:45.070 [info] Profiles: No changes found during synchronizing profiles.
2024-10-29 15:56:45.072 [info] Sync done. Took 196ms
2024-10-29 15:57:07.454 [info] Auto Sync: Triggered by Activity
2024-10-29 15:57:07.454 [info] Sync started.
2024-10-29 15:57:07.584 [info] Settings: No changes found during synchronizing settings.
2024-10-29 15:57:07.588 [info] Keybindings: No changes found during synchronizing keybindings.
2024-10-29 15:57:07.592 [info] Snippets: No changes found during synchronizing snippets.
2024-10-29 15:57:07.596 [info] Tasks: No changes found during synchronizing tasks.
2024-10-29 15:57:07.600 [info] GlobalState: No changes found during synchronizing ui state.
2024-10-29 15:57:07.653 [info] Extensions: No changes found during synchronizing extensions.
2024-10-29 15:57:07.655 [info] Profiles: No changes found during synchronizing profiles.
2024-10-29 15:57:07.657 [info] Sync done. Took 204ms
2024-10-29 15:57:21.700 [info] Auto Sync: Triggered by Activity
2024-10-29 15:57:21.701 [info] Sync started.
2024-10-29 15:57:21.819 [info] Settings: No changes found during synchronizing settings.
2024-10-29 15:57:21.824 [info] Keybindings: No changes found during synchronizing keybindings.
2024-10-29 15:57:21.828 [info] Snippets: No changes found during synchronizing snippets.
2024-10-29 15:57:21.831 [info] Tasks: No changes found during synchronizing tasks.
2024-10-29 15:57:21.835 [info] GlobalState: No changes found during synchronizing ui state.
2024-10-29 15:57:21.877 [info] Extensions: No changes found during synchronizing extensions.
2024-10-29 15:57:21.879 [info] Profiles: No changes found during synchronizing profiles.
2024-10-29 15:57:21.883 [info] Sync done. Took 184ms
2024-10-29 15:57:39.693 [info] Auto Sync: Triggered by Activity
2024-10-29 15:57:39.693 [info] Sync started.
2024-10-29 15:57:39.809 [info] Settings: No changes found during synchronizing settings.
2024-10-29 15:57:39.813 [info] Keybindings: No changes found during synchronizing keybindings.
2024-10-29 15:57:39.818 [info] Snippets: No changes found during synchronizing snippets.
2024-10-29 15:57:39.821 [info] Tasks: No changes found during synchronizing tasks.
2024-10-29 15:57:39.826 [info] GlobalState: No changes found during synchronizing ui state.
2024-10-29 15:57:39.871 [info] Extensions: No changes found during synchronizing extensions.
2024-10-29 15:57:39.873 [info] Profiles: No changes found during synchronizing profiles.
2024-10-29 15:57:39.877 [info] Sync done. Took 183ms
2024-10-29 15:57:52.290 [info] Auto Sync: Triggered by Activity
2024-10-29 15:57:52.291 [info] Sync started.
2024-10-29 15:57:52.413 [info] Settings: No changes found during synchronizing settings.
2024-10-29 15:57:52.417 [info] Keybindings: No changes found during synchronizing keybindings.
2024-10-29 15:57:52.421 [info] Snippets: No changes found during synchronizing snippets.
2024-10-29 15:57:52.425 [info] Tasks: No changes found during synchronizing tasks.
2024-10-29 15:57:52.429 [info] GlobalState: No changes found during synchronizing ui state.
2024-10-29 15:57:52.476 [info] Extensions: No changes found during synchronizing extensions.
2024-10-29 15:57:52.477 [info] Profiles: No changes found during synchronizing profiles.
2024-10-29 15:57:52.479 [info] Sync done. Took 190ms
2024-10-29 15:59:35.322 [info] Auto Sync: Triggered by Activity
2024-10-29 15:59:35.323 [info] Sync started.
2024-10-29 15:59:35.422 [info] Settings: No changes found during synchronizing settings.
2024-10-29 15:59:35.426 [info] Keybindings: No changes found during synchronizing keybindings.
2024-10-29 15:59:35.431 [info] Snippets: No changes found during synchronizing snippets.
2024-10-29 15:59:35.434 [info] Tasks: No changes found during synchronizing tasks.
2024-10-29 15:59:35.439 [info] GlobalState: No changes found during synchronizing ui state.
2024-10-29 15:59:35.485 [info] Extensions: No changes found during synchronizing extensions.
2024-10-29 15:59:35.487 [info] Profiles: No changes found during synchronizing profiles.
2024-10-29 15:59:35.490 [info] Sync done. Took 169ms
2024-10-29 15:59:59.637 [info] Auto Sync: Triggered by Activity
2024-10-29 15:59:59.637 [info] Sync started.
2024-10-29 15:59:59.741 [info] Settings: No changes found during synchronizing settings.
2024-10-29 15:59:59.745 [info] Keybindings: No changes found during synchronizing keybindings.
2024-10-29 15:59:59.749 [info] Snippets: No changes found during synchronizing snippets.
2024-10-29 15:59:59.752 [info] Tasks: No changes found during synchronizing tasks.
2024-10-29 15:59:59.757 [info] GlobalState: No changes found during synchronizing ui state.
2024-10-29 15:59:59.818 [info] Extensions: No changes found during synchronizing extensions.
2024-10-29 15:59:59.824 [info] Profiles: No changes found during synchronizing profiles.
2024-10-29 15:59:59.827 [info] Sync done. Took 191ms
