(VSCode) 2024-10-29 16:09:47.556 [INFO]: No proxy settings found
(VSCode) 2024-10-29 16:09:48.101 [INFO]: Checking network connection...
(VSCode) 2024-10-29 16:09:48.467 [INFO]: No Network Issue connecting to https://server.codeium.com
(VSCode) 2024-10-29 16:09:48.945 [INFO]: Creating manager directory: /tmp/efa4c97e-93be-43cf-b05a-f776c78aecfc/codeium/manager
(VSCode) 2024-10-29 16:09:49.668 [INFO]: Using cached LS with valid crc32: /home/dastarruer/.vscode/extensions/codeium.codeium-1.22.5/dist/1347d6f7fffdaec404d99b3f0ca3d8854448c787/language_server_linux_x64
(VSCode) 2024-10-29 16:09:49.685 [INFO]: Language server started
2024/10/29 16:09:49 maxprocs: Leaving GOMAXPROCS=16: CPU quota undefined
I1029 16:09:49.828322  5453 main.go:553] [Language Server Manager] Setting GOMAXPROCS to 16
I1029 16:09:49.828443  5453 main.go:667] [Language Server Manager] Release 1.22.5 (1347d6f7fffdaec404d99b3f0ca3d8854448c787)
I1029 16:09:49.828473  5453 main.go:746] [Language Server Manager] Starting language server manager with pid 5453
I1029 16:09:49.828730  5453 main.go:120] [Language Server Manager] Manager acquired its lock file /tmp/efa4c97e-93be-43cf-b05a-f776c78aecfc/codeium/manager/locks/manager.lock
I1029 16:09:49.830001  5453 main.go:259] [Language Server Manager] Waiting for random port file in /tmp/efa4c97e-93be-43cf-b05a-f776c78aecfc/codeium/manager/child_random_port_1730232589829012232_2600594490901470303 to be created
2024/10/29 16:09:49 maxprocs: Leaving GOMAXPROCS=16: CPU quota undefined
I1029 16:09:49.979245  5472 main.go:553] Setting GOMAXPROCS to 4
I1029 16:09:49.979455  5472 main.go:740] Starting language server process with pid 5472
I1029 16:09:49.979523  5472 server.go:183] Language server will attempt to listen on host 127.0.0.1
I1029 16:09:49.979751  5472 server.go:190] Language server listening on random port at 38251
I1029 16:09:50.277807  5472 unleash.go:93] Initializing Unleash
I1029 16:09:50.567642  5472 unleash.go:113] Successfully initialized Unleash
E1029 16:09:50.586297  5472 client_manager.go:275] Metadata is nil when trying to refresh user JWT
I1029 16:09:50.587102  5472 server.go:441] Successfully created API server client
I1029 16:09:50.649692  5472 server.go:456] Successfully initialized tokenizer
I1029 16:09:50.831394  5472 server.go:613] Local search is enabled, will index local files.
I1029 16:09:50.831450  5472 server.go:617] Using 4 indexer workers
I1029 16:09:50.835860  5472 sqlite_faiss_db_client.go:64] Successfully created embedding search database in 4ms
I1029 16:09:50.836250  5472 indexer.go:213] Using 4 embed workers
I1029 16:09:50.836394  5472 search_provider.go:274] Successfully created and started indexer
I1029 16:09:50.836440  5472 search_provider.go:304] Successfully created embedding search provider
I1029 16:09:50.844544  5472 server.go:703] Successfully created completion provider
I1029 16:09:50.844590  5472 server.go:752] Child process attempting to acquire lock file /tmp/efa4c97e-93be-43cf-b05a-f776c78aecfc/codeium/manager/locks/child_lock_1730232589829262134_3027111513810361130
I1029 16:09:50.844690  5472 server.go:760] Child process acquired lock file /tmp/efa4c97e-93be-43cf-b05a-f776c78aecfc/codeium/manager/locks/child_lock_1730232589829262134_3027111513810361130
I1029 16:09:50.853892  5472 server.go:265] LSP listening on random port at 35787
I1029 16:09:50.873083  5472 web_server.go:259] Chat Web Server listening at ws://127.0.0.1:43357
35787
I1029 16:09:50.935579  5453 main.go:295] [Language Server Manager] Found random server port 38251
I1029 16:09:50.935655  5453 main.go:296] [Language Server Manager] Found random lsp port 35787
I1029 16:09:50.935730  5453 main.go:303] [Language Server Manager] Attempting to connect to language server at 127.0.0.1:38251
I1029 16:09:50.949942  5453 main.go:174] [Language Server Manager] Fixing language server port at 38251
I1029 16:09:50.949985  5453 main.go:355] [Language Server Manager] Successfully connected to new language server at 127.0.0.1:38251
(VSCode) 2024-10-29 16:09:50.998 [INFO]: Found language server running on port 38251
(VSCode) 2024-10-29 16:09:51.397 [ERROR]: Extension 'vscode.git' is not known or not activated
(VSCode) 2024-10-29 16:09:51.398 [INFO]: openAllTextDocuments took 33.071965999901295ms
E1029 22:28:57.001549  5472 api_server_client.go:239] Ping error: read tcp 192.168.100.193:57612 -> 35.223.238.178:443: read: connection reset by peer
(VSCode) 2024-10-29 22:29:50.980 [INFO]: Codeium is not enabled for the current document.
(VSCode) 2024-10-29 22:29:51.231 [INFO]: Codeium is not enabled for the current document.
(VSCode) 2024-10-29 22:29:53.917 [INFO]: Codeium is not enabled for the current document.
(VSCode) 2024-10-29 22:29:54.462 [INFO]: Codeium is not enabled for the current document.
(VSCode) 2024-10-29 22:29:55.273 [INFO]: Codeium is not enabled for the current document.
(VSCode) 2024-10-29 22:29:56.729 [INFO]: Codeium is not enabled for the current document.
(VSCode) 2024-10-29 22:30:26.804 [INFO]: Codeium is not enabled for the current document.
(VSCode) 2024-10-29 22:30:27.408 [INFO]: Codeium is not enabled for the current document.
(VSCode) 2024-10-29 22:30:27.508 [INFO]: Codeium is not enabled for the current document.
(VSCode) 2024-10-29 22:30:27.639 [INFO]: Codeium is not enabled for the current document.
(VSCode) 2024-10-29 22:30:27.729 [INFO]: Codeium is not enabled for the current document.
(VSCode) 2024-10-29 22:31:18.217 [INFO]: Codeium is not enabled for the current document.
(VSCode) 2024-10-29 22:31:18.907 [INFO]: Codeium is not enabled for the current document.
(VSCode) 2024-10-29 22:31:50.865 [INFO]: Codeium is not enabled for the current document.
(VSCode) 2024-10-29 22:31:53.988 [INFO]: Codeium is not enabled for the current document.
(VSCode) 2024-10-29 22:31:54.650 [INFO]: Codeium is not enabled for the current document.
(VSCode) 2024-10-29 22:32:06.067 [INFO]: Codeium is not enabled for the current document.
(VSCode) 2024-10-29 22:32:09.476 [INFO]: Codeium is not enabled for the current document.
(VSCode) 2024-10-29 22:39:34.551 [INFO]: Codeium is not enabled for the current document.
(VSCode) 2024-10-29 22:39:34.636 [INFO]: Codeium is not enabled for the current document.
(VSCode) 2024-10-29 22:39:34.736 [INFO]: Codeium is not enabled for the current document.
(VSCode) 2024-10-29 22:39:34.812 [INFO]: Codeium is not enabled for the current document.
(VSCode) 2024-10-29 22:39:34.911 [INFO]: Codeium is not enabled for the current document.
(VSCode) 2024-10-29 22:39:35.021 [INFO]: Codeium is not enabled for the current document.
(VSCode) 2024-10-29 22:39:35.152 [INFO]: Codeium is not enabled for the current document.
(VSCode) 2024-10-29 22:39:35.677 [INFO]: Codeium is not enabled for the current document.
(VSCode) 2024-10-29 22:39:35.852 [INFO]: Codeium is not enabled for the current document.
(VSCode) 2024-10-29 22:39:36.743 [INFO]: Codeium is not enabled for the current document.
(VSCode) 2024-10-29 22:39:37.677 [INFO]: Codeium is not enabled for the current document.
(VSCode) 2024-10-29 22:39:40.737 [INFO]: Codeium is not enabled for the current document.
(VSCode) 2024-10-29 22:39:41.027 [INFO]: Codeium is not enabled for the current document.
(VSCode) 2024-10-29 22:39:41.190 [INFO]: Codeium is not enabled for the current document.
(VSCode) 2024-10-29 22:39:41.303 [INFO]: Codeium is not enabled for the current document.
(VSCode) 2024-10-29 22:39:41.658 [INFO]: Codeium is not enabled for the current document.
(VSCode) 2024-10-29 22:39:41.939 [INFO]: Codeium is not enabled for the current document.
(VSCode) 2024-10-29 22:39:42.254 [INFO]: Codeium is not enabled for the current document.
(VSCode) 2024-10-29 22:39:42.398 [INFO]: Codeium is not enabled for the current document.
(VSCode) 2024-10-29 22:39:42.485 [INFO]: Codeium is not enabled for the current document.
(VSCode) 2024-10-29 22:39:42.589 [INFO]: Codeium is not enabled for the current document.
(VSCode) 2024-10-29 22:39:43.337 [INFO]: Codeium is not enabled for the current document.
(VSCode) 2024-10-29 22:39:43.844 [INFO]: Codeium is not enabled for the current document.
(VSCode) 2024-10-29 22:39:46.069 [INFO]: Codeium is not enabled for the current document.
(VSCode) 2024-10-29 22:39:46.286 [INFO]: Codeium is not enabled for the current document.
(VSCode) 2024-10-29 22:39:46.462 [INFO]: Codeium is not enabled for the current document.
(VSCode) 2024-10-29 22:39:46.577 [INFO]: Codeium is not enabled for the current document.
(VSCode) 2024-10-29 22:39:48.486 [INFO]: Codeium is not enabled for the current document.
(VSCode) 2024-10-29 22:39:48.724 [INFO]: Codeium is not enabled for the current document.
(VSCode) 2024-10-29 22:39:48.872 [INFO]: Codeium is not enabled for the current document.
(VSCode) 2024-10-29 22:39:48.987 [INFO]: Codeium is not enabled for the current document.
(VSCode) 2024-10-29 22:39:49.173 [INFO]: Codeium is not enabled for the current document.
(VSCode) 2024-10-29 22:39:51.087 [INFO]: Codeium is not enabled for the current document.
(VSCode) 2024-10-29 22:39:51.225 [INFO]: Codeium is not enabled for the current document.
(VSCode) 2024-10-29 22:39:51.712 [INFO]: Codeium is not enabled for the current document.
(VSCode) 2024-10-29 22:39:51.854 [INFO]: Codeium is not enabled for the current document.
(VSCode) 2024-10-29 22:39:52.162 [INFO]: Codeium is not enabled for the current document.
(VSCode) 2024-10-29 22:39:52.507 [INFO]: Codeium is not enabled for the current document.
(VSCode) 2024-10-29 22:39:54.808 [INFO]: Codeium is not enabled for the current document.
(VSCode) 2024-10-29 22:39:54.885 [INFO]: Codeium is not enabled for the current document.
(VSCode) 2024-10-29 22:39:55.221 [INFO]: Codeium is not enabled for the current document.
(VSCode) 2024-10-29 22:39:55.346 [INFO]: Codeium is not enabled for the current document.
(VSCode) 2024-10-29 22:39:55.777 [INFO]: Codeium is not enabled for the current document.
(VSCode) 2024-10-29 22:39:55.865 [INFO]: Codeium is not enabled for the current document.
(VSCode) 2024-10-29 22:39:56.007 [INFO]: Codeium is not enabled for the current document.
(VSCode) 2024-10-29 22:40:21.823 [INFO]: Codeium is not enabled for the current document.
(VSCode) 2024-10-29 22:40:22.059 [INFO]: Codeium is not enabled for the current document.
(VSCode) 2024-10-29 22:40:22.153 [INFO]: Codeium is not enabled for the current document.
(VSCode) 2024-10-29 22:40:22.283 [INFO]: Codeium is not enabled for the current document.
(VSCode) 2024-10-29 22:40:22.377 [INFO]: Codeium is not enabled for the current document.
(VSCode) 2024-10-29 22:40:31.549 [INFO]: Codeium is not enabled for the current document.
(VSCode) 2024-10-29 22:40:32.741 [INFO]: Codeium is not enabled for the current document.
(VSCode) 2024-10-29 22:40:32.923 [INFO]: Codeium is not enabled for the current document.
(VSCode) 2024-10-29 22:40:33.329 [INFO]: Codeium is not enabled for the current document.
(VSCode) 2024-10-29 22:40:40.530 [INFO]: Codeium is not enabled for the current document.
(VSCode) 2024-10-29 22:40:40.682 [INFO]: Codeium is not enabled for the current document.
(VSCode) 2024-10-29 22:40:40.874 [INFO]: Codeium is not enabled for the current document.
(VSCode) 2024-10-29 22:40:40.957 [INFO]: Codeium is not enabled for the current document.
(VSCode) 2024-10-29 22:40:43.423 [INFO]: Codeium is not enabled for the current document.
(VSCode) 2024-10-29 22:40:43.563 [INFO]: Codeium is not enabled for the current document.
(VSCode) 2024-10-29 22:40:43.749 [INFO]: Codeium is not enabled for the current document.
(VSCode) 2024-10-29 22:40:43.813 [INFO]: Codeium is not enabled for the current document.
(VSCode) 2024-10-29 22:40:44.314 [INFO]: Codeium is not enabled for the current document.
(VSCode) 2024-10-29 22:40:45.206 [INFO]: Codeium is not enabled for the current document.
(VSCode) 2024-10-29 22:40:46.134 [INFO]: Codeium is not enabled for the current document.
(VSCode) 2024-10-29 22:40:47.368 [INFO]: Codeium is not enabled for the current document.
(VSCode) 2024-10-29 22:40:47.856 [INFO]: Codeium is not enabled for the current document.
(VSCode) 2024-10-29 22:40:50.388 [INFO]: Codeium is not enabled for the current document.
(VSCode) 2024-10-29 22:40:50.579 [INFO]: Codeium is not enabled for the current document.
(VSCode) 2024-10-29 22:40:50.695 [INFO]: Codeium is not enabled for the current document.
(VSCode) 2024-10-29 22:40:50.788 [INFO]: Codeium is not enabled for the current document.
(VSCode) 2024-10-29 22:40:50.922 [INFO]: Codeium is not enabled for the current document.
(VSCode) 2024-10-29 22:40:51.259 [INFO]: Codeium is not enabled for the current document.
(VSCode) 2024-10-29 22:40:54.230 [INFO]: Codeium is not enabled for the current document.
(VSCode) 2024-10-29 22:40:54.362 [INFO]: Codeium is not enabled for the current document.
(VSCode) 2024-10-29 22:40:54.440 [INFO]: Codeium is not enabled for the current document.
(VSCode) 2024-10-29 22:40:54.634 [INFO]: Codeium is not enabled for the current document.
(VSCode) 2024-10-29 22:40:55.146 [INFO]: Codeium is not enabled for the current document.
(VSCode) 2024-10-29 22:40:56.111 [INFO]: Codeium is not enabled for the current document.
(VSCode) 2024-10-29 22:40:56.515 [INFO]: Codeium is not enabled for the current document.
(VSCode) 2024-10-29 22:40:56.738 [INFO]: Codeium is not enabled for the current document.
(VSCode) 2024-10-29 22:40:57.149 [INFO]: Codeium is not enabled for the current document.
(VSCode) 2024-10-29 22:40:57.431 [INFO]: Codeium is not enabled for the current document.
(VSCode) 2024-10-29 22:40:57.763 [INFO]: Codeium is not enabled for the current document.
(VSCode) 2024-10-29 22:40:58.250 [INFO]: Codeium is not enabled for the current document.
(VSCode) 2024-10-29 22:40:59.690 [INFO]: Codeium is not enabled for the current document.
(VSCode) 2024-10-29 22:41:00.359 [INFO]: Codeium is not enabled for the current document.
(VSCode) 2024-10-29 22:41:03.748 [INFO]: Codeium is not enabled for the current document.
(VSCode) 2024-10-29 22:41:03.924 [INFO]: Codeium is not enabled for the current document.
(VSCode) 2024-10-29 22:41:04.129 [INFO]: Codeium is not enabled for the current document.
(VSCode) 2024-10-29 22:41:04.207 [INFO]: Codeium is not enabled for the current document.
(VSCode) 2024-10-29 22:41:04.295 [INFO]: Codeium is not enabled for the current document.
(VSCode) 2024-10-29 22:41:04.457 [INFO]: Codeium is not enabled for the current document.
(VSCode) 2024-10-29 22:41:04.640 [INFO]: Codeium is not enabled for the current document.
(VSCode) 2024-10-29 22:41:04.785 [INFO]: Codeium is not enabled for the current document.
(VSCode) 2024-10-29 22:41:04.879 [INFO]: Codeium is not enabled for the current document.
(VSCode) 2024-10-29 22:41:05.028 [INFO]: Codeium is not enabled for the current document.
(VSCode) 2024-10-29 22:41:05.251 [INFO]: Codeium is not enabled for the current document.
(VSCode) 2024-10-29 22:41:07.240 [INFO]: Codeium is not enabled for the current document.
(VSCode) 2024-10-29 22:41:07.542 [INFO]: Codeium is not enabled for the current document.
(VSCode) 2024-10-29 22:41:10.959 [INFO]: Codeium is not enabled for the current document.
(VSCode) 2024-10-29 22:41:11.094 [INFO]: Codeium is not enabled for the current document.
(VSCode) 2024-10-29 22:41:11.291 [INFO]: Codeium is not enabled for the current document.
(VSCode) 2024-10-29 22:41:11.441 [INFO]: Codeium is not enabled for the current document.
(VSCode) 2024-10-29 22:41:11.914 [INFO]: Codeium is not enabled for the current document.
(VSCode) 2024-10-29 22:41:12.154 [INFO]: Codeium is not enabled for the current document.
(VSCode) 2024-10-29 22:41:12.365 [INFO]: Codeium is not enabled for the current document.
(VSCode) 2024-10-29 22:41:12.490 [INFO]: Codeium is not enabled for the current document.
(VSCode) 2024-10-29 22:41:15.947 [INFO]: Codeium is not enabled for the current document.
(VSCode) 2024-10-29 22:41:16.172 [INFO]: Codeium is not enabled for the current document.
(VSCode) 2024-10-29 22:41:16.444 [INFO]: Codeium is not enabled for the current document.
(VSCode) 2024-10-29 22:41:16.660 [INFO]: Codeium is not enabled for the current document.
(VSCode) 2024-10-29 22:41:16.893 [INFO]: Codeium is not enabled for the current document.
(VSCode) 2024-10-29 22:41:17.350 [INFO]: Codeium is not enabled for the current document.
(VSCode) 2024-10-29 22:41:29.551 [INFO]: Codeium is not enabled for the current document.
(VSCode) 2024-10-29 22:41:30.327 [INFO]: Codeium is not enabled for the current document.
(VSCode) 2024-10-29 22:41:30.428 [INFO]: Codeium is not enabled for the current document.
(VSCode) 2024-10-29 22:41:30.553 [INFO]: Codeium is not enabled for the current document.
(VSCode) 2024-10-29 22:41:30.892 [INFO]: Codeium is not enabled for the current document.
(VSCode) 2024-10-29 22:41:31.976 [INFO]: Codeium is not enabled for the current document.
(VSCode) 2024-10-29 22:41:32.325 [INFO]: Codeium is not enabled for the current document.
(VSCode) 2024-10-29 22:41:32.491 [INFO]: Codeium is not enabled for the current document.
(VSCode) 2024-10-29 22:41:35.764 [INFO]: Codeium is not enabled for the current document.
(VSCode) 2024-10-29 22:41:35.932 [INFO]: Codeium is not enabled for the current document.
(VSCode) 2024-10-29 22:41:39.200 [INFO]: Codeium is not enabled for the current document.
(VSCode) 2024-10-29 22:41:39.446 [INFO]: Codeium is not enabled for the current document.
(VSCode) 2024-10-29 22:41:43.653 [INFO]: Codeium is not enabled for the current document.
(VSCode) 2024-10-29 22:41:43.978 [INFO]: Codeium is not enabled for the current document.
(VSCode) 2024-10-29 22:41:44.141 [INFO]: Codeium is not enabled for the current document.
(VSCode) 2024-10-29 22:41:44.442 [INFO]: Codeium is not enabled for the current document.
(VSCode) 2024-10-29 22:41:51.447 [INFO]: Codeium is not enabled for the current document.
(VSCode) 2024-10-29 22:41:51.608 [INFO]: Codeium is not enabled for the current document.
(VSCode) 2024-10-29 22:42:08.220 [INFO]: Disposing language server process
(VSCode) 2024-10-29 22:42:08.220 [INFO]: Deleting manager directory: /tmp/efa4c97e-93be-43cf-b05a-f776c78aecfc/codeium/manager
(VSCode) 2024-10-29 22:42:08.222 [INFO]: Successfully disposed language server
W1029 22:42:08.220894  5453 main.go:124] [Language Server Manager] Got signal terminated, shutting down
