2024-10-30 16:10:10.519 [info] Extension host with pid 1070564 started
2024-10-30 16:10:10.664 [info] ExtensionService#_doActivateExtension vscode.emmet, startup: false, activationEvent: 'onLanguage'
2024-10-30 16:10:10.721 [info] ExtensionService#_doActivateExtension vscode.git-base, startup: true, activationEvent: '*'
2024-10-30 16:10:10.725 [info] ExtensionService#_doActivateExtension dooez.alt-catppuccin-vsc, startup: true, activationEvent: '*'
2024-10-30 16:10:10.737 [info] ExtensionService#_doActivateExtension vscode.github, startup: true, activationEvent: '*'
2024-10-30 16:10:10.817 [info] Eager extensions activated
2024-10-30 16:10:10.855 [info] ExtensionService#_doActivateExtension vscode.debug-auto-launch, startup: false, activationEvent: 'onStartupFinished'
2024-10-30 16:10:10.859 [info] ExtensionService#_doActivateExtension vscode.merge-conflict, startup: false, activationEvent: 'onStartupFinished'
2024-10-30 16:10:10.888 [info] ExtensionService#_doActivateExtension Catppuccin.catppuccin-vsc, startup: false, activationEvent: 'onStartupFinished'
2024-10-30 16:10:10.896 [info] ExtensionService#_doActivateExtension esbenp.prettier-vscode, startup: false, activationEvent: 'onStartupFinished'
2024-10-30 16:10:11.110 [info] ExtensionService#_doActivateExtension vscode.github-authentication, startup: false, activationEvent: 'onAuthenticationRequest:github'
2024-10-30 16:10:11.932 [info] ExtensionService#_doActivateExtension vscode.configuration-editing, startup: false, activationEvent: 'onLanguage:jsonc'
2024-10-30 16:10:11.950 [info] ExtensionService#_doActivateExtension vscode.json-language-features, startup: false, activationEvent: 'onLanguage:jsonc'
2024-10-30 16:10:12.040 [info] ExtensionService#_doActivateExtension vscode.typescript-language-features, startup: false, activationEvent: 'onLanguage:jsonc'
2024-10-30 16:10:13.712 [info] Extension host terminating: renderer closed the MessagePort
2024-10-30 16:10:13.744 [error] ProxyResolver#resolveProxy DIRECT Canceled: Canceled
	at new eA (file:///usr/share/code/resources/app/out/vs/workbench/api/node/extensionHostProcess.js:31:109321)
	at Zb.U (file:///usr/share/code/resources/app/out/vs/workbench/api/node/extensionHostProcess.js:31:113933)
	at s.<computed>.n.charCodeAt.s.<computed> (file:///usr/share/code/resources/app/out/vs/workbench/api/node/extensionHostProcess.js:31:111427)
	at p0.resolveProxy (file:///usr/share/code/resources/app/out/vs/workbench/api/node/extensionHostProcess.js:109:52540)
	at Object.resolveProxy (file:///usr/share/code/resources/app/out/vs/workbench/api/node/extensionHostProcess.js:158:1188)
	at useProxySettings (/usr/share/code/resources/app/node_modules/@vscode/proxy-agent/out/index.js:179:16)
	at /usr/share/code/resources/app/node_modules/@vscode/proxy-agent/out/index.js:114:13
	at /usr/share/code/resources/app/node_modules/@vscode/proxy-agent/out/index.js:483:13
	at process.processTicksAndRejections (node:internal/process/task_queues:95:5) 
2024-10-30 16:10:13.762 [info] Extension host with pid 1070564 exiting with code 0
