(VSCode) 2024-10-30 10:53:06.689 [INFO]: No proxy settings found
(VSCode) 2024-10-30 10:53:07.612 [INFO]: Checking network connection...
(VSCode) 2024-10-30 10:53:08.005 [INFO]: No Network Issue connecting to https://server.codeium.com
(VSCode) 2024-10-30 10:53:08.546 [INFO]: Creating manager directory: /tmp/8403c9b2-7303-4d5a-a136-f4caaf2ee452/codeium/manager
(VSCode) 2024-10-30 10:53:09.074 [INFO]: Using cached LS with valid crc32: /home/dastarruer/.vscode/extensions/codeium.codeium-1.22.5/dist/1347d6f7fffdaec404d99b3f0ca3d8854448c787/language_server_linux_x64
(VSCode) 2024-10-30 10:53:09.089 [INFO]: Language server started
2024/10/30 10:53:09 maxprocs: Leaving GOMAXPROCS=16: CPU quota undefined
I1030 10:53:09.229697 95635 main.go:553] [Language Server Manager] Setting GOMAXPROCS to 16
I1030 10:53:09.229842 95635 main.go:667] [Language Server Manager] Release 1.22.5 (1347d6f7fffdaec404d99b3f0ca3d8854448c787)
I1030 10:53:09.229881 95635 main.go:746] [Language Server Manager] Starting language server manager with pid 95635
I1030 10:53:09.230150 95635 main.go:120] [Language Server Manager] Manager acquired its lock file /tmp/8403c9b2-7303-4d5a-a136-f4caaf2ee452/codeium/manager/locks/manager.lock
I1030 10:53:09.231392 95635 main.go:259] [Language Server Manager] Waiting for random port file in /tmp/8403c9b2-7303-4d5a-a136-f4caaf2ee452/codeium/manager/child_random_port_1730299989230370542_1316094321463247479 to be created
2024/10/30 10:53:09 maxprocs: Leaving GOMAXPROCS=16: CPU quota undefined
I1030 10:53:09.370949 95660 main.go:553] Setting GOMAXPROCS to 4
I1030 10:53:09.371133 95660 main.go:740] Starting language server process with pid 95660
I1030 10:53:09.371201 95660 server.go:183] Language server will attempt to listen on host 127.0.0.1
I1030 10:53:09.371412 95660 server.go:190] Language server listening on random port at 43667
I1030 10:53:09.728982 95660 unleash.go:93] Initializing Unleash
I1030 10:53:10.076554 95660 unleash.go:113] Successfully initialized Unleash
E1030 10:53:10.095239 95660 client_manager.go:275] Metadata is nil when trying to refresh user JWT
I1030 10:53:10.095985 95660 server.go:441] Successfully created API server client
I1030 10:53:10.159869 95660 server.go:456] Successfully initialized tokenizer
I1030 10:53:10.323500 95660 server.go:613] Local search is enabled, will index local files.
I1030 10:53:10.323546 95660 server.go:617] Using 4 indexer workers
I1030 10:53:10.327477 95660 sqlite_faiss_db_client.go:64] Successfully created embedding search database in 3ms
I1030 10:53:10.327882 95660 indexer.go:213] Using 4 embed workers
I1030 10:53:10.327958 95660 search_provider.go:274] Successfully created and started indexer
I1030 10:53:10.328018 95660 search_provider.go:304] Successfully created embedding search provider
I1030 10:53:10.335001 95660 server.go:703] Successfully created completion provider
I1030 10:53:10.335043 95660 server.go:752] Child process attempting to acquire lock file /tmp/8403c9b2-7303-4d5a-a136-f4caaf2ee452/codeium/manager/locks/child_lock_1730299989230591665_4235251807741492826
I1030 10:53:10.335135 95660 server.go:760] Child process acquired lock file /tmp/8403c9b2-7303-4d5a-a136-f4caaf2ee452/codeium/manager/locks/child_lock_1730299989230591665_4235251807741492826
I1030 10:53:10.352220 95660 server.go:265] LSP listening on random port at 45987
I1030 10:53:10.364518 95660 web_server.go:259] Chat Web Server listening at ws://127.0.0.1:40191
45987
I1030 10:53:10.439100 95635 main.go:295] [Language Server Manager] Found random server port 43667
I1030 10:53:10.439175 95635 main.go:296] [Language Server Manager] Found random lsp port 45987
I1030 10:53:10.439272 95635 main.go:303] [Language Server Manager] Attempting to connect to language server at 127.0.0.1:43667
I1030 10:53:10.452927 95635 main.go:174] [Language Server Manager] Fixing language server port at 43667
I1030 10:53:10.452955 95635 main.go:355] [Language Server Manager] Successfully connected to new language server at 127.0.0.1:43667
(VSCode) 2024-10-30 10:53:10.498 [INFO]: Found language server running on port 43667
(VSCode) 2024-10-30 10:53:10.824 [INFO]: openAllTextDocuments took 7.42899800000032ms
(VSCode) 2024-10-30 10:56:13.187 [INFO]: Disposing language server process
(VSCode) 2024-10-30 10:56:13.188 [INFO]: Deleting manager directory: /tmp/8403c9b2-7303-4d5a-a136-f4caaf2ee452/codeium/manager
(VSCode) 2024-10-30 10:56:13.190 [INFO]: Successfully disposed language server
W1030 10:56:13.188409 95635 main.go:124] [Language Server Manager] Got signal terminated, shutting down
