(VSCode) 2024-10-30 12:11:02.432 [INFO]: No proxy settings found
(VSCode) 2024-10-30 12:11:03.046 [INFO]: Checking network connection...
(VSCode) 2024-10-30 12:11:08.544 [ERROR]: 
      Network Test Response Summary:
      Code: ECONNRESET,
      Message: Request timed out,
      Error Message: socket hang up
      Proxy Headers: undefined,
      Certificate Info:
        Valid From: ,
        Valid To: ,
      Expired: false,
      
(VSCode) 2024-10-30 12:11:09.063 [INFO]: Creating manager directory: /tmp/a75f2b4f-e4b7-4f39-a045-4208a5ea99d6/codeium/manager
(VSCode) 2024-10-30 12:11:09.760 [INFO]: Using cached LS with valid crc32: /home/dastarruer/.vscode/extensions/codeium.codeium-1.22.5/dist/1347d6f7fffdaec404d99b3f0ca3d8854448c787/language_server_linux_x64
(VSCode) 2024-10-30 12:11:09.775 [INFO]: Language server started
2024/10/30 12:11:09 maxprocs: Leaving GOMAXPROCS=16: CPU quota undefined
I1030 12:11:09.915221 266085 main.go:553] [Language Server Manager] Setting GOMAXPROCS to 16
I1030 12:11:09.915339 266085 main.go:667] [Language Server Manager] Release 1.22.5 (1347d6f7fffdaec404d99b3f0ca3d8854448c787)
I1030 12:11:09.915368 266085 main.go:746] [Language Server Manager] Starting language server manager with pid 266085
I1030 12:11:09.915599 266085 main.go:120] [Language Server Manager] Manager acquired its lock file /tmp/a75f2b4f-e4b7-4f39-a045-4208a5ea99d6/codeium/manager/locks/manager.lock
I1030 12:11:09.916757 266085 main.go:259] [Language Server Manager] Waiting for random port file in /tmp/a75f2b4f-e4b7-4f39-a045-4208a5ea99d6/codeium/manager/child_random_port_1730304669915852665_7450493546917879090 to be created
2024/10/30 12:11:09 maxprocs: Leaving GOMAXPROCS=16: CPU quota undefined
I1030 12:11:10.063326 266104 main.go:553] Setting GOMAXPROCS to 4
I1030 12:11:10.063524 266104 main.go:740] Starting language server process with pid 266104
I1030 12:11:10.063597 266104 server.go:183] Language server will attempt to listen on host 127.0.0.1
I1030 12:11:10.063831 266104 server.go:190] Language server listening on random port at 45083
I1030 12:11:10.452180 266104 unleash.go:93] Initializing Unleash
I1030 12:11:10.803583 266104 unleash.go:113] Successfully initialized Unleash
E1030 12:11:10.823554 266104 client_manager.go:275] Metadata is nil when trying to refresh user JWT
I1030 12:11:10.824307 266104 server.go:441] Successfully created API server client
I1030 12:11:10.876610 266104 server.go:456] Successfully initialized tokenizer
I1030 12:11:11.023484 266104 server.go:613] Local search is enabled, will index local files.
I1030 12:11:11.023523 266104 server.go:617] Using 4 indexer workers
I1030 12:11:11.037064 266104 sqlite_faiss_db_client.go:64] Successfully created embedding search database in 13ms
I1030 12:11:11.037472 266104 indexer.go:213] Using 4 embed workers
I1030 12:11:11.037584 266104 search_provider.go:274] Successfully created and started indexer
I1030 12:11:11.037658 266104 search_provider.go:304] Successfully created embedding search provider
I1030 12:11:11.047049 266104 server.go:703] Successfully created completion provider
I1030 12:11:11.047107 266104 server.go:752] Child process attempting to acquire lock file /tmp/a75f2b4f-e4b7-4f39-a045-4208a5ea99d6/codeium/manager/locks/child_lock_1730304669916018469_7654285953975683072
I1030 12:11:11.047262 266104 server.go:760] Child process acquired lock file /tmp/a75f2b4f-e4b7-4f39-a045-4208a5ea99d6/codeium/manager/locks/child_lock_1730304669916018469_7654285953975683072
I1030 12:11:11.057653 266104 server.go:265] LSP listening on random port at 37359
I1030 12:11:11.068209 266104 web_server.go:259] Chat Web Server listening at ws://127.0.0.1:41277
37359
I1030 12:11:11.124030 266085 main.go:295] [Language Server Manager] Found random server port 45083
I1030 12:11:11.124114 266085 main.go:296] [Language Server Manager] Found random lsp port 37359
I1030 12:11:11.124152 266085 main.go:303] [Language Server Manager] Attempting to connect to language server at 127.0.0.1:45083
I1030 12:11:11.138539 266085 main.go:174] [Language Server Manager] Fixing language server port at 45083
I1030 12:11:11.138586 266085 main.go:355] [Language Server Manager] Successfully connected to new language server at 127.0.0.1:45083
(VSCode) 2024-10-30 12:11:11.187 [INFO]: Found language server running on port 45083
(VSCode) 2024-10-30 12:11:11.536 [ERROR]: Extension 'vscode.git' is not known or not activated
(VSCode) 2024-10-30 12:11:11.537 [INFO]: openAllTextDocuments took 11.58980000000156ms
(VSCode) 2024-10-30 12:11:39.247 [INFO]: Codeium is not enabled for the current document.
(VSCode) 2024-10-30 12:12:02.697 [INFO]: Codeium is not enabled for the current document.
(VSCode) 2024-10-30 12:12:02.829 [INFO]: Codeium is not enabled for the current document.
(VSCode) 2024-10-30 12:12:02.997 [INFO]: Codeium is not enabled for the current document.
(VSCode) 2024-10-30 12:12:03.116 [INFO]: Codeium is not enabled for the current document.
(VSCode) 2024-10-30 12:12:03.351 [INFO]: Codeium is not enabled for the current document.
(VSCode) 2024-10-30 12:12:03.462 [INFO]: Codeium is not enabled for the current document.
(VSCode) 2024-10-30 12:12:03.633 [INFO]: Codeium is not enabled for the current document.
(VSCode) 2024-10-30 12:12:03.763 [INFO]: Codeium is not enabled for the current document.
(VSCode) 2024-10-30 12:12:04.164 [INFO]: Codeium is not enabled for the current document.
(VSCode) 2024-10-30 12:12:04.346 [INFO]: Codeium is not enabled for the current document.
(VSCode) 2024-10-30 12:12:04.517 [INFO]: Codeium is not enabled for the current document.
(VSCode) 2024-10-30 12:12:04.602 [INFO]: Codeium is not enabled for the current document.
(VSCode) 2024-10-30 12:12:04.761 [INFO]: Codeium is not enabled for the current document.
(VSCode) 2024-10-30 12:12:04.931 [INFO]: Codeium is not enabled for the current document.
(VSCode) 2024-10-30 12:12:05.001 [INFO]: Codeium is not enabled for the current document.
(VSCode) 2024-10-30 12:12:05.195 [INFO]: Codeium is not enabled for the current document.
(VSCode) 2024-10-30 12:12:05.279 [INFO]: Codeium is not enabled for the current document.
(VSCode) 2024-10-30 12:12:05.362 [INFO]: Codeium is not enabled for the current document.
(VSCode) 2024-10-30 12:12:05.537 [INFO]: Codeium is not enabled for the current document.
(VSCode) 2024-10-30 12:12:09.095 [INFO]: Codeium is not enabled for the current document.
(VSCode) 2024-10-30 12:12:29.216 [ERROR]: Illegal value for `line`
(VSCode) 2024-10-30 12:12:29.221 [ERROR]: Illegal value for `line`
(VSCode) 2024-10-30 12:12:29.270 [INFO]: Codeium is not enabled for the current document.
(VSCode) 2024-10-30 12:12:29.755 [INFO]: Codeium is not enabled for the current document.
(VSCode) 2024-10-30 12:12:30.037 [INFO]: Codeium is not enabled for the current document.
(VSCode) 2024-10-30 12:12:36.239 [INFO]: Codeium is not enabled for the current document.
(VSCode) 2024-10-30 12:12:36.563 [INFO]: Codeium is not enabled for the current document.
(VSCode) 2024-10-30 12:12:37.808 [INFO]: Codeium is not enabled for the current document.
(VSCode) 2024-10-30 12:12:40.179 [INFO]: Codeium is not enabled for the current document.
(VSCode) 2024-10-30 12:12:45.319 [INFO]: Codeium is not enabled for the current document.
(VSCode) 2024-10-30 12:13:59.835 [INFO]: Codeium is not enabled for the current document.
(VSCode) 2024-10-30 12:15:13.740 [INFO]: Codeium is not enabled for the current document.
(VSCode) 2024-10-30 12:21:04.136 [INFO]: Codeium is not enabled for the current document.
(VSCode) 2024-10-30 12:54:55.934 [INFO]: Disposing language server process
(VSCode) 2024-10-30 12:54:55.934 [INFO]: Deleting manager directory: /tmp/a75f2b4f-e4b7-4f39-a045-4208a5ea99d6/codeium/manager
(VSCode) 2024-10-30 12:54:55.936 [INFO]: Successfully disposed language server
W1030 12:54:55.934782 266085 main.go:124] [Language Server Manager] Got signal terminated, shutting down
