2024-10-28 22:27:02.309 [info] Using settings sync service https://vscode-sync.trafficmanager.net/
2024-10-28 22:27:02.309 [info] Auto Sync is enabled.
2024-10-28 22:27:02.309 [info] Auto Sync: Suspended until auth token is available.
2024-10-28 22:27:04.325 [info] Auto Sync: Triggered by Interval
2024-10-28 22:27:04.326 [info] Sync started.
2024-10-28 22:27:04.993 [info] Settings: No changes found during synchronizing settings.
2024-10-28 22:27:05.012 [info] Keybindings: No changes found during synchronizing keybindings.
2024-10-28 22:27:05.017 [info] Snippets: No changes found during synchronizing snippets.
2024-10-28 22:27:05.021 [info] Tasks: No changes found during synchronizing tasks.
2024-10-28 22:27:05.028 [info] GlobalState: No changes found during synchronizing ui state.
2024-10-28 22:27:05.070 [info] Extensions: No changes found during synchronizing extensions.
2024-10-28 22:27:05.072 [info] Profiles: No changes found during synchronizing profiles.
2024-10-28 22:27:05.075 [info] Sync done. Took 758ms
2024-10-28 22:27:18.084 [info] Auto Sync: Triggered by Activity
2024-10-28 22:27:18.085 [info] Sync started.
2024-10-28 22:27:18.280 [info] Settings: No changes found during synchronizing settings.
2024-10-28 22:27:18.285 [info] Keybindings: No changes found during synchronizing keybindings.
2024-10-28 22:27:18.289 [info] Snippets: No changes found during synchronizing snippets.
2024-10-28 22:27:18.293 [info] Tasks: No changes found during synchronizing tasks.
2024-10-28 22:27:18.298 [info] GlobalState: No changes found during synchronizing ui state.
2024-10-28 22:27:18.333 [info] Extensions: No changes found during synchronizing extensions.
2024-10-28 22:27:18.335 [info] Profiles: No changes found during synchronizing profiles.
2024-10-28 22:27:18.337 [info] Sync done. Took 254ms
2024-10-28 22:28:47.546 [info] Auto Sync: Triggered by Activity
2024-10-28 22:28:47.546 [info] Sync started.
2024-10-28 22:28:47.687 [info] Settings: No changes found during synchronizing settings.
2024-10-28 22:28:47.691 [info] Keybindings: No changes found during synchronizing keybindings.
2024-10-28 22:28:47.696 [info] Snippets: No changes found during synchronizing snippets.
2024-10-28 22:28:47.699 [info] Tasks: No changes found during synchronizing tasks.
2024-10-28 22:28:47.704 [info] GlobalState: No changes found during synchronizing ui state.
2024-10-28 22:28:47.758 [info] Extensions: No changes found during synchronizing extensions.
2024-10-28 22:28:47.760 [info] Profiles: No changes found during synchronizing profiles.
2024-10-28 22:28:47.764 [info] Sync done. Took 219ms
2024-10-28 22:29:14.973 [info] Auto Sync: Triggered by Activity
2024-10-28 22:29:14.973 [info] Sync started.
2024-10-28 22:29:15.109 [info] Settings: No changes found during synchronizing settings.
2024-10-28 22:29:15.115 [info] Keybindings: No changes found during synchronizing keybindings.
2024-10-28 22:29:15.123 [info] Snippets: No changes found during synchronizing snippets.
2024-10-28 22:29:15.127 [info] Tasks: No changes found during synchronizing tasks.
2024-10-28 22:29:15.131 [info] GlobalState: No changes found during synchronizing ui state.
2024-10-28 22:29:15.182 [info] Extensions: No changes found during synchronizing extensions.
2024-10-28 22:29:15.184 [info] Profiles: No changes found during synchronizing profiles.
2024-10-28 22:29:15.186 [info] Sync done. Took 215ms
2024-10-28 22:29:57.026 [info] Auto Sync: Triggered by Activity
2024-10-28 22:29:57.026 [info] Sync started.
2024-10-28 22:29:57.153 [info] Settings: No changes found during synchronizing settings.
2024-10-28 22:29:57.157 [info] Keybindings: No changes found during synchronizing keybindings.
2024-10-28 22:29:57.161 [info] Snippets: No changes found during synchronizing snippets.
2024-10-28 22:29:57.165 [info] Tasks: No changes found during synchronizing tasks.
2024-10-28 22:29:57.169 [info] GlobalState: No changes found during synchronizing ui state.
2024-10-28 22:29:57.212 [info] Extensions: No changes found during synchronizing extensions.
2024-10-28 22:29:57.216 [info] Profiles: No changes found during synchronizing profiles.
2024-10-28 22:29:57.218 [info] Sync done. Took 193ms
2024-10-28 22:30:16.968 [info] Auto Sync: Triggered by Activity
2024-10-28 22:30:16.969 [info] Sync started.
2024-10-28 22:30:17.094 [info] Settings: No changes found during synchronizing settings.
2024-10-28 22:30:17.100 [info] Keybindings: No changes found during synchronizing keybindings.
2024-10-28 22:30:17.104 [info] Snippets: No changes found during synchronizing snippets.
2024-10-28 22:30:17.108 [info] Tasks: No changes found during synchronizing tasks.
2024-10-28 22:30:17.113 [info] GlobalState: No changes found during synchronizing ui state.
2024-10-28 22:30:17.166 [info] Extensions: No changes found during synchronizing extensions.
2024-10-28 22:30:17.168 [info] Profiles: No changes found during synchronizing profiles.
2024-10-28 22:30:17.171 [info] Sync done. Took 204ms
2024-10-28 22:31:13.028 [info] Auto Sync: Triggered by Activity
2024-10-28 22:31:13.029 [info] Sync started.
2024-10-28 22:31:13.125 [info] Settings: No changes found during synchronizing settings.
2024-10-28 22:31:13.130 [info] Keybindings: No changes found during synchronizing keybindings.
2024-10-28 22:31:13.134 [info] Snippets: No changes found during synchronizing snippets.
2024-10-28 22:31:13.138 [info] Tasks: No changes found during synchronizing tasks.
2024-10-28 22:31:13.143 [info] GlobalState: No changes found during synchronizing ui state.
2024-10-28 22:31:13.195 [info] Extensions: No changes found during synchronizing extensions.
2024-10-28 22:31:13.197 [info] Profiles: No changes found during synchronizing profiles.
2024-10-28 22:31:13.199 [info] Sync done. Took 172ms
2024-10-28 22:31:36.826 [info] Auto Sync: Triggered by Activity
2024-10-28 22:31:36.827 [info] Sync started.
2024-10-28 22:31:36.941 [info] Settings: No changes found during synchronizing settings.
2024-10-28 22:31:36.946 [info] Keybindings: No changes found during synchronizing keybindings.
2024-10-28 22:31:36.950 [info] Snippets: No changes found during synchronizing snippets.
2024-10-28 22:31:36.953 [info] Tasks: No changes found during synchronizing tasks.
2024-10-28 22:31:36.958 [info] GlobalState: No changes found during synchronizing ui state.
2024-10-28 22:31:37.007 [info] Extensions: No changes found during synchronizing extensions.
2024-10-28 22:31:37.009 [info] Profiles: No changes found during synchronizing profiles.
2024-10-28 22:31:37.011 [info] Sync done. Took 186ms
2024-10-28 22:31:48.340 [info] Auto Sync: Triggered by Activity
2024-10-28 22:31:48.340 [info] Sync started.
2024-10-28 22:31:48.454 [info] Settings: No changes found during synchronizing settings.
2024-10-28 22:31:48.458 [info] Keybindings: No changes found during synchronizing keybindings.
2024-10-28 22:31:48.462 [info] Snippets: No changes found during synchronizing snippets.
2024-10-28 22:31:48.466 [info] Tasks: No changes found during synchronizing tasks.
2024-10-28 22:31:48.470 [info] GlobalState: No changes found during synchronizing ui state.
2024-10-28 22:31:48.512 [info] Extensions: No changes found during synchronizing extensions.
2024-10-28 22:31:48.514 [info] Profiles: No changes found during synchronizing profiles.
2024-10-28 22:31:48.516 [info] Sync done. Took 178ms
2024-10-28 22:32:01.227 [info] Auto Sync: Triggered by Activity
2024-10-28 22:32:01.228 [info] Sync started.
2024-10-28 22:32:01.361 [info] Settings: No changes found during synchronizing settings.
2024-10-28 22:32:01.365 [info] Keybindings: No changes found during synchronizing keybindings.
2024-10-28 22:32:01.370 [info] Snippets: No changes found during synchronizing snippets.
2024-10-28 22:32:01.373 [info] Tasks: No changes found during synchronizing tasks.
2024-10-28 22:32:01.378 [info] GlobalState: No changes found during synchronizing ui state.
2024-10-28 22:32:01.436 [info] Extensions: No changes found during synchronizing extensions.
2024-10-28 22:32:01.439 [info] Profiles: No changes found during synchronizing profiles.
2024-10-28 22:32:01.441 [info] Sync done. Took 215ms
2024-10-28 22:32:14.672 [info] Auto Sync: Triggered by Activity
2024-10-28 22:32:14.672 [info] Sync started.
2024-10-28 22:32:14.777 [info] Settings: No changes found during synchronizing settings.
2024-10-28 22:32:14.781 [info] Keybindings: No changes found during synchronizing keybindings.
2024-10-28 22:32:14.785 [info] Snippets: No changes found during synchronizing snippets.
2024-10-28 22:32:14.788 [info] Tasks: No changes found during synchronizing tasks.
2024-10-28 22:32:14.793 [info] GlobalState: No changes found during synchronizing ui state.
2024-10-28 22:32:14.835 [info] Extensions: No changes found during synchronizing extensions.
2024-10-28 22:32:14.836 [info] Profiles: No changes found during synchronizing profiles.
2024-10-28 22:32:14.841 [info] Sync done. Took 171ms
2024-10-28 22:32:31.630 [info] Auto Sync: Triggered by Activity
2024-10-28 22:32:31.630 [info] Sync started.
2024-10-28 22:32:31.753 [info] Settings: No changes found during synchronizing settings.
2024-10-28 22:32:31.757 [info] Keybindings: No changes found during synchronizing keybindings.
2024-10-28 22:32:31.761 [info] Snippets: No changes found during synchronizing snippets.
2024-10-28 22:32:31.764 [info] Tasks: No changes found during synchronizing tasks.
2024-10-28 22:32:31.769 [info] GlobalState: No changes found during synchronizing ui state.
2024-10-28 22:32:31.810 [info] Extensions: No changes found during synchronizing extensions.
2024-10-28 22:32:31.811 [info] Profiles: No changes found during synchronizing profiles.
2024-10-28 22:32:31.819 [info] Sync done. Took 185ms
2024-10-28 22:32:49.813 [info] Auto Sync: Triggered by Activity
2024-10-28 22:32:49.813 [info] Sync started.
2024-10-28 22:32:49.929 [info] Settings: No changes found during synchronizing settings.
2024-10-28 22:32:49.932 [info] Keybindings: No changes found during synchronizing keybindings.
2024-10-28 22:32:49.936 [info] Snippets: No changes found during synchronizing snippets.
2024-10-28 22:32:49.941 [info] Tasks: No changes found during synchronizing tasks.
2024-10-28 22:32:49.945 [info] GlobalState: No changes found during synchronizing ui state.
2024-10-28 22:32:50.003 [info] Extensions: No changes found during synchronizing extensions.
2024-10-28 22:32:50.004 [info] Profiles: No changes found during synchronizing profiles.
2024-10-28 22:32:50.006 [info] Sync done. Took 195ms
2024-10-28 22:33:36.337 [info] Auto Sync: Triggered by Activity
2024-10-28 22:33:36.337 [info] Sync started.
2024-10-28 22:33:36.455 [info] Settings: No changes found during synchronizing settings.
2024-10-28 22:33:36.459 [info] Keybindings: No changes found during synchronizing keybindings.
2024-10-28 22:33:36.463 [info] Snippets: No changes found during synchronizing snippets.
2024-10-28 22:33:36.467 [info] Tasks: No changes found during synchronizing tasks.
2024-10-28 22:33:36.471 [info] GlobalState: No changes found during synchronizing ui state.
2024-10-28 22:33:36.518 [info] Extensions: No changes found during synchronizing extensions.
2024-10-28 22:33:36.520 [info] Profiles: No changes found during synchronizing profiles.
2024-10-28 22:33:36.522 [info] Sync done. Took 187ms
2024-10-28 22:33:54.165 [info] Auto Sync: Triggered by Activity
2024-10-28 22:33:54.165 [info] Sync started.
2024-10-28 22:33:54.281 [info] Settings: No changes found during synchronizing settings.
2024-10-28 22:33:54.285 [info] Keybindings: No changes found during synchronizing keybindings.
2024-10-28 22:33:54.290 [info] Snippets: No changes found during synchronizing snippets.
2024-10-28 22:33:54.293 [info] Tasks: No changes found during synchronizing tasks.
2024-10-28 22:33:54.298 [info] GlobalState: No changes found during synchronizing ui state.
2024-10-28 22:33:54.353 [info] Extensions: No changes found during synchronizing extensions.
2024-10-28 22:33:54.355 [info] Profiles: No changes found during synchronizing profiles.
2024-10-28 22:33:54.357 [info] Sync done. Took 193ms
2024-10-28 22:34:23.355 [info] Auto Sync: Triggered by Activity
2024-10-28 22:34:23.355 [info] Sync started.
2024-10-28 22:34:23.456 [info] Settings: No changes found during synchronizing settings.
2024-10-28 22:34:23.461 [info] Keybindings: No changes found during synchronizing keybindings.
2024-10-28 22:34:23.465 [info] Snippets: No changes found during synchronizing snippets.
2024-10-28 22:34:23.469 [info] Tasks: No changes found during synchronizing tasks.
2024-10-28 22:34:23.473 [info] GlobalState: No changes found during synchronizing ui state.
2024-10-28 22:34:23.512 [info] Extensions: No changes found during synchronizing extensions.
2024-10-28 22:34:23.514 [info] Profiles: No changes found during synchronizing profiles.
2024-10-28 22:34:23.517 [info] Sync done. Took 164ms
2024-10-28 22:36:45.918 [info] Auto Sync: Triggered by Activity
2024-10-28 22:36:45.919 [info] Sync started.
2024-10-28 22:36:46.441 [info] Settings: No changes found during synchronizing settings.
2024-10-28 22:36:46.446 [info] Keybindings: No changes found during synchronizing keybindings.
2024-10-28 22:36:46.450 [info] Snippets: No changes found during synchronizing snippets.
2024-10-28 22:36:46.453 [info] Tasks: No changes found during synchronizing tasks.
2024-10-28 22:36:46.458 [info] GlobalState: No changes found during synchronizing ui state.
2024-10-28 22:36:46.512 [info] Extensions: No changes found during synchronizing extensions.
2024-10-28 22:36:46.516 [info] Profiles: No changes found during synchronizing profiles.
2024-10-28 22:36:46.519 [info] Sync done. Took 602ms
2024-10-28 22:40:25.595 [info] Auto Sync: Triggered by Activity
2024-10-28 22:40:25.596 [info] Sync started.
2024-10-28 22:40:26.660 [info] Settings: No changes found during synchronizing settings.
2024-10-28 22:40:26.665 [info] Keybindings: No changes found during synchronizing keybindings.
2024-10-28 22:40:26.669 [info] Snippets: No changes found during synchronizing snippets.
2024-10-28 22:40:26.672 [info] Tasks: No changes found during synchronizing tasks.
2024-10-28 22:40:26.677 [info] GlobalState: No changes found during synchronizing ui state.
2024-10-28 22:40:26.723 [info] Extensions: No changes found during synchronizing extensions.
2024-10-28 22:40:26.725 [info] Profiles: No changes found during synchronizing profiles.
2024-10-28 22:40:26.727 [info] Sync done. Took 1133ms
2024-10-28 22:40:43.449 [info] Auto Sync: Triggered by Activity
2024-10-28 22:40:43.449 [info] Sync started.
2024-10-28 22:40:43.573 [info] Settings: No changes found during synchronizing settings.
2024-10-28 22:40:43.577 [info] Keybindings: No changes found during synchronizing keybindings.
2024-10-28 22:40:43.582 [info] Snippets: No changes found during synchronizing snippets.
2024-10-28 22:40:43.586 [info] Tasks: No changes found during synchronizing tasks.
2024-10-28 22:40:43.590 [info] GlobalState: No changes found during synchronizing ui state.
2024-10-28 22:40:43.633 [info] Extensions: No changes found during synchronizing extensions.
2024-10-28 22:40:43.635 [info] Profiles: No changes found during synchronizing profiles.
2024-10-28 22:40:43.637 [info] Sync done. Took 189ms
2024-10-28 22:40:59.434 [info] Auto Sync: Triggered by Activity
2024-10-28 22:40:59.434 [info] Sync started.
2024-10-28 22:40:59.556 [info] Settings: No changes found during synchronizing settings.
2024-10-28 22:40:59.561 [info] Keybindings: No changes found during synchronizing keybindings.
2024-10-28 22:40:59.564 [info] Snippets: No changes found during synchronizing snippets.
2024-10-28 22:40:59.568 [info] Tasks: No changes found during synchronizing tasks.
2024-10-28 22:40:59.572 [info] GlobalState: No changes found during synchronizing ui state.
2024-10-28 22:40:59.621 [info] Extensions: No changes found during synchronizing extensions.
2024-10-28 22:40:59.622 [info] Profiles: No changes found during synchronizing profiles.
2024-10-28 22:40:59.624 [info] Sync done. Took 192ms
2024-10-28 22:41:42.049 [info] Auto Sync: Triggered by Activity
2024-10-28 22:41:42.049 [info] Sync started.
2024-10-28 22:41:42.155 [info] Settings: No changes found during synchronizing settings.
2024-10-28 22:41:42.160 [info] Keybindings: No changes found during synchronizing keybindings.
2024-10-28 22:41:42.164 [info] Snippets: No changes found during synchronizing snippets.
2024-10-28 22:41:42.167 [info] Tasks: No changes found during synchronizing tasks.
2024-10-28 22:41:42.171 [info] GlobalState: No changes found during synchronizing ui state.
2024-10-28 22:41:42.244 [info] Extensions: No changes found during synchronizing extensions.
2024-10-28 22:41:42.251 [info] Profiles: No changes found during synchronizing profiles.
2024-10-28 22:41:42.253 [info] Sync done. Took 205ms
2024-10-28 22:42:32.684 [info] Auto Sync: Triggered by Activity
2024-10-28 22:42:32.685 [info] Sync started.
2024-10-28 22:42:32.812 [info] Settings: No changes found during synchronizing settings.
2024-10-28 22:42:32.816 [info] Keybindings: No changes found during synchronizing keybindings.
2024-10-28 22:42:32.820 [info] Snippets: No changes found during synchronizing snippets.
2024-10-28 22:42:32.823 [info] Tasks: No changes found during synchronizing tasks.
2024-10-28 22:42:32.829 [info] GlobalState: No changes found during synchronizing ui state.
2024-10-28 22:42:32.877 [info] Extensions: No changes found during synchronizing extensions.
2024-10-28 22:42:32.879 [info] Profiles: No changes found during synchronizing profiles.
2024-10-28 22:42:32.881 [info] Sync done. Took 198ms
2024-10-28 22:43:16.711 [info] Auto Sync: Triggered by Activity
2024-10-28 22:43:16.711 [info] Sync started.
2024-10-28 22:43:16.832 [info] Settings: No changes found during synchronizing settings.
2024-10-28 22:43:16.837 [info] Keybindings: No changes found during synchronizing keybindings.
2024-10-28 22:43:16.841 [info] Snippets: No changes found during synchronizing snippets.
2024-10-28 22:43:16.844 [info] Tasks: No changes found during synchronizing tasks.
2024-10-28 22:43:16.849 [info] GlobalState: No changes found during synchronizing ui state.
2024-10-28 22:43:16.889 [info] Extensions: No changes found during synchronizing extensions.
2024-10-28 22:43:16.891 [info] Profiles: No changes found during synchronizing profiles.
2024-10-28 22:43:16.895 [info] Sync done. Took 185ms
2024-10-28 22:43:30.607 [info] Auto Sync: Triggered by Activity
2024-10-28 22:43:30.607 [info] Sync started.
2024-10-28 22:43:30.734 [info] Settings: No changes found during synchronizing settings.
2024-10-28 22:43:30.738 [info] Keybindings: No changes found during synchronizing keybindings.
2024-10-28 22:43:30.742 [info] Snippets: No changes found during synchronizing snippets.
2024-10-28 22:43:30.745 [info] Tasks: No changes found during synchronizing tasks.
2024-10-28 22:43:30.749 [info] GlobalState: No changes found during synchronizing ui state.
2024-10-28 22:43:30.795 [info] Extensions: No changes found during synchronizing extensions.
2024-10-28 22:43:30.796 [info] Profiles: No changes found during synchronizing profiles.
2024-10-28 22:43:30.799 [info] Sync done. Took 194ms
2024-10-28 22:43:55.303 [info] Auto Sync: Triggered by Activity
2024-10-28 22:43:55.303 [info] Sync started.
2024-10-28 22:43:55.419 [info] Settings: No changes found during synchronizing settings.
2024-10-28 22:43:55.424 [info] Keybindings: No changes found during synchronizing keybindings.
2024-10-28 22:43:55.428 [info] Snippets: No changes found during synchronizing snippets.
2024-10-28 22:43:55.431 [info] Tasks: No changes found during synchronizing tasks.
2024-10-28 22:43:55.436 [info] GlobalState: No changes found during synchronizing ui state.
2024-10-28 22:43:55.479 [info] Extensions: No changes found during synchronizing extensions.
2024-10-28 22:43:55.481 [info] Profiles: No changes found during synchronizing profiles.
2024-10-28 22:43:55.483 [info] Sync done. Took 182ms
2024-10-28 22:44:10.376 [info] Auto Sync: Triggered by Activity
2024-10-28 22:44:10.376 [info] Sync started.
2024-10-28 22:44:10.483 [info] Settings: No changes found during synchronizing settings.
2024-10-28 22:44:10.487 [info] Keybindings: No changes found during synchronizing keybindings.
2024-10-28 22:44:10.491 [info] Snippets: No changes found during synchronizing snippets.
2024-10-28 22:44:10.495 [info] Tasks: No changes found during synchronizing tasks.
2024-10-28 22:44:10.499 [info] GlobalState: No changes found during synchronizing ui state.
2024-10-28 22:44:10.569 [info] Extensions: No changes found during synchronizing extensions.
2024-10-28 22:44:10.577 [info] Profiles: No changes found during synchronizing profiles.
2024-10-28 22:44:10.579 [info] Sync done. Took 205ms
2024-10-28 22:44:40.833 [info] Auto Sync: Triggered by Activity
2024-10-28 22:44:40.834 [info] Sync started.
2024-10-28 22:44:40.952 [info] Settings: No changes found during synchronizing settings.
2024-10-28 22:44:40.957 [info] Keybindings: No changes found during synchronizing keybindings.
2024-10-28 22:44:40.961 [info] Snippets: No changes found during synchronizing snippets.
2024-10-28 22:44:40.964 [info] Tasks: No changes found during synchronizing tasks.
2024-10-28 22:44:40.968 [info] GlobalState: No changes found during synchronizing ui state.
2024-10-28 22:44:41.025 [info] Extensions: No changes found during synchronizing extensions.
2024-10-28 22:44:41.030 [info] Profiles: No changes found during synchronizing profiles.
2024-10-28 22:44:41.032 [info] Sync done. Took 200ms
2024-10-28 22:44:56.379 [info] Auto Sync: Triggered by Activity
2024-10-28 22:44:56.379 [info] Sync started.
2024-10-28 22:44:56.496 [info] Settings: No changes found during synchronizing settings.
2024-10-28 22:44:56.500 [info] Keybindings: No changes found during synchronizing keybindings.
2024-10-28 22:44:56.504 [info] Snippets: No changes found during synchronizing snippets.
2024-10-28 22:44:56.507 [info] Tasks: No changes found during synchronizing tasks.
2024-10-28 22:44:56.512 [info] GlobalState: No changes found during synchronizing ui state.
2024-10-28 22:44:56.561 [info] Extensions: No changes found during synchronizing extensions.
2024-10-28 22:44:56.563 [info] Profiles: No changes found during synchronizing profiles.
2024-10-28 22:44:56.565 [info] Sync done. Took 188ms
2024-10-29 10:40:31.789 [info] Auto Sync: Triggered by Activity
2024-10-29 10:40:31.789 [info] Sync started.
2024-10-29 10:40:32.350 [info] Settings: No changes found during synchronizing settings.
2024-10-29 10:40:32.354 [info] Keybindings: No changes found during synchronizing keybindings.
2024-10-29 10:40:32.357 [info] Snippets: No changes found during synchronizing snippets.
2024-10-29 10:40:32.361 [info] Tasks: No changes found during synchronizing tasks.
2024-10-29 10:40:32.365 [info] GlobalState: No changes found during synchronizing ui state.
2024-10-29 10:40:32.418 [info] Extensions: No changes found during synchronizing extensions.
2024-10-29 10:40:32.420 [info] Profiles: No changes found during synchronizing profiles.
2024-10-29 10:40:32.422 [info] Sync done. Took 634ms
2024-10-29 10:42:37.479 [info] Auto Sync: Triggered by Activity
2024-10-29 10:42:37.480 [info] Sync started.
2024-10-29 10:42:37.598 [info] Settings: No changes found during synchronizing settings.
2024-10-29 10:42:37.602 [info] Keybindings: No changes found during synchronizing keybindings.
2024-10-29 10:42:37.606 [info] Snippets: No changes found during synchronizing snippets.
2024-10-29 10:42:37.610 [info] Tasks: No changes found during synchronizing tasks.
2024-10-29 10:42:37.614 [info] GlobalState: No changes found during synchronizing ui state.
2024-10-29 10:42:37.657 [info] Extensions: No changes found during synchronizing extensions.
2024-10-29 10:42:37.658 [info] Profiles: No changes found during synchronizing profiles.
2024-10-29 10:42:37.660 [info] Sync done. Took 182ms
2024-10-29 10:47:37.662 [info] Auto Sync: Triggered by Interval
2024-10-29 10:47:37.663 [info] Sync started.
2024-10-29 10:47:38.190 [info] Settings: No changes found during synchronizing settings.
2024-10-29 10:47:38.194 [info] Keybindings: No changes found during synchronizing keybindings.
2024-10-29 10:47:38.199 [info] Snippets: No changes found during synchronizing snippets.
2024-10-29 10:47:38.202 [info] Tasks: No changes found during synchronizing tasks.
2024-10-29 10:47:38.208 [info] GlobalState: No changes found during synchronizing ui state.
2024-10-29 10:47:38.275 [info] Extensions: No changes found during synchronizing extensions.
2024-10-29 10:47:38.281 [info] Profiles: No changes found during synchronizing profiles.
2024-10-29 10:47:38.284 [info] Sync done. Took 622ms
2024-10-29 10:47:39.581 [info] Auto Sync: Triggered by Activity
2024-10-29 10:47:39.581 [info] Sync started.
2024-10-29 10:47:39.677 [info] Settings: No changes found during synchronizing settings.
2024-10-29 10:47:39.681 [info] Keybindings: No changes found during synchronizing keybindings.
2024-10-29 10:47:39.686 [info] Snippets: No changes found during synchronizing snippets.
2024-10-29 10:47:39.689 [info] Tasks: No changes found during synchronizing tasks.
2024-10-29 10:47:39.694 [info] GlobalState: No changes found during synchronizing ui state.
2024-10-29 10:47:39.736 [info] Extensions: No changes found during synchronizing extensions.
2024-10-29 10:47:39.738 [info] Profiles: No changes found during synchronizing profiles.
2024-10-29 10:47:39.740 [info] Sync done. Took 160ms
2024-10-29 10:48:30.445 [info] Auto Sync: Triggered by Activity
2024-10-29 10:48:30.446 [info] Sync started.
2024-10-29 10:48:30.787 [info] Settings: No changes found during synchronizing settings.
2024-10-29 10:48:30.791 [info] Keybindings: No changes found during synchronizing keybindings.
2024-10-29 10:48:30.795 [info] Snippets: No changes found during synchronizing snippets.
2024-10-29 10:48:30.798 [info] Tasks: No changes found during synchronizing tasks.
2024-10-29 10:48:30.803 [info] GlobalState: No changes found during synchronizing ui state.
2024-10-29 10:48:30.843 [info] Extensions: No changes found during synchronizing extensions.
2024-10-29 10:48:30.845 [info] Profiles: No changes found during synchronizing profiles.
2024-10-29 10:48:30.847 [info] Sync done. Took 403ms
2024-10-29 10:49:45.112 [info] Auto Sync: Triggered by Activity
2024-10-29 10:49:45.112 [info] Sync started.
2024-10-29 10:49:45.443 [info] Settings: No changes found during synchronizing settings.
2024-10-29 10:49:45.448 [info] Keybindings: No changes found during synchronizing keybindings.
2024-10-29 10:49:45.452 [info] Snippets: No changes found during synchronizing snippets.
2024-10-29 10:49:45.455 [info] Tasks: No changes found during synchronizing tasks.
2024-10-29 10:49:45.461 [info] GlobalState: No changes found during synchronizing ui state.
2024-10-29 10:49:45.511 [info] Extensions: No changes found during synchronizing extensions.
2024-10-29 10:49:45.512 [info] Profiles: No changes found during synchronizing profiles.
2024-10-29 10:49:45.514 [info] Sync done. Took 404ms
2024-10-29 10:50:24.954 [info] Auto Sync: Triggered by Activity
2024-10-29 10:50:24.955 [info] Sync started.
2024-10-29 10:50:25.062 [info] Settings: No changes found during synchronizing settings.
2024-10-29 10:50:25.066 [info] Keybindings: No changes found during synchronizing keybindings.
2024-10-29 10:50:25.070 [info] Snippets: No changes found during synchronizing snippets.
2024-10-29 10:50:25.073 [info] Tasks: No changes found during synchronizing tasks.
2024-10-29 10:50:25.077 [info] GlobalState: No changes found during synchronizing ui state.
2024-10-29 10:50:25.120 [info] Extensions: No changes found during synchronizing extensions.
2024-10-29 10:50:25.123 [info] Profiles: No changes found during synchronizing profiles.
2024-10-29 10:50:25.125 [info] Sync done. Took 172ms
2024-10-29 10:50:52.341 [info] Auto Sync: Triggered by Activity
2024-10-29 10:50:52.341 [info] Sync started.
2024-10-29 10:50:52.694 [info] Settings: No changes found during synchronizing settings.
2024-10-29 10:50:52.698 [info] Keybindings: No changes found during synchronizing keybindings.
2024-10-29 10:50:52.703 [info] Snippets: No changes found during synchronizing snippets.
2024-10-29 10:50:52.706 [info] Tasks: No changes found during synchronizing tasks.
2024-10-29 10:50:52.710 [info] GlobalState: No changes found during synchronizing ui state.
2024-10-29 10:50:52.765 [info] Extensions: No changes found during synchronizing extensions.
2024-10-29 10:50:52.766 [info] Profiles: No changes found during synchronizing profiles.
2024-10-29 10:50:52.769 [info] Sync done. Took 429ms
2024-10-29 10:51:21.238 [info] Auto Sync: Triggered by Activity
2024-10-29 10:51:21.239 [info] Sync started.
2024-10-29 10:51:21.350 [info] Settings: No changes found during synchronizing settings.
2024-10-29 10:51:21.354 [info] Keybindings: No changes found during synchronizing keybindings.
2024-10-29 10:51:21.358 [info] Snippets: No changes found during synchronizing snippets.
2024-10-29 10:51:21.361 [info] Tasks: No changes found during synchronizing tasks.
2024-10-29 10:51:21.365 [info] GlobalState: No changes found during synchronizing ui state.
2024-10-29 10:51:21.437 [info] Extensions: No changes found during synchronizing extensions.
2024-10-29 10:51:21.442 [info] Profiles: No changes found during synchronizing profiles.
2024-10-29 10:51:21.444 [info] Sync done. Took 208ms
2024-10-29 10:51:36.695 [info] Auto Sync: Triggered by Activity
2024-10-29 10:51:36.695 [info] Sync started.
2024-10-29 10:51:36.808 [info] Settings: No changes found during synchronizing settings.
2024-10-29 10:51:36.811 [info] Keybindings: No changes found during synchronizing keybindings.
2024-10-29 10:51:36.815 [info] Snippets: No changes found during synchronizing snippets.
2024-10-29 10:51:36.818 [info] Tasks: No changes found during synchronizing tasks.
2024-10-29 10:51:36.823 [info] GlobalState: No changes found during synchronizing ui state.
2024-10-29 10:51:36.871 [info] Extensions: No changes found during synchronizing extensions.
2024-10-29 10:51:36.873 [info] Profiles: No changes found during synchronizing profiles.
2024-10-29 10:51:36.875 [info] Sync done. Took 181ms
2024-10-29 10:52:29.424 [info] Auto Sync: Triggered by Activity
2024-10-29 10:52:29.425 [info] Sync started.
2024-10-29 10:52:29.539 [info] Settings: No changes found during synchronizing settings.
2024-10-29 10:52:29.544 [info] Keybindings: No changes found during synchronizing keybindings.
2024-10-29 10:52:29.549 [info] Snippets: No changes found during synchronizing snippets.
2024-10-29 10:52:29.553 [info] Tasks: No changes found during synchronizing tasks.
2024-10-29 10:52:29.558 [info] GlobalState: No changes found during synchronizing ui state.
2024-10-29 10:52:29.609 [info] Extensions: No changes found during synchronizing extensions.
2024-10-29 10:52:29.611 [info] Profiles: No changes found during synchronizing profiles.
2024-10-29 10:52:29.613 [info] Sync done. Took 190ms
2024-10-29 10:53:03.269 [info] Auto Sync: Triggered by Activity
2024-10-29 10:53:03.270 [info] Sync started.
2024-10-29 10:53:03.367 [info] Settings: No changes found during synchronizing settings.
2024-10-29 10:53:03.371 [info] Keybindings: No changes found during synchronizing keybindings.
2024-10-29 10:53:03.375 [info] Snippets: No changes found during synchronizing snippets.
2024-10-29 10:53:03.378 [info] Tasks: No changes found during synchronizing tasks.
2024-10-29 10:53:03.382 [info] GlobalState: No changes found during synchronizing ui state.
2024-10-29 10:53:03.421 [info] Extensions: No changes found during synchronizing extensions.
2024-10-29 10:53:03.424 [info] Profiles: No changes found during synchronizing profiles.
2024-10-29 10:53:03.426 [info] Sync done. Took 158ms
2024-10-29 10:53:40.230 [info] Auto Sync: Triggered by Activity
2024-10-29 10:53:40.230 [info] Sync started.
2024-10-29 10:53:40.345 [info] Settings: No changes found during synchronizing settings.
2024-10-29 10:53:40.349 [info] Keybindings: No changes found during synchronizing keybindings.
2024-10-29 10:53:40.354 [info] Snippets: No changes found during synchronizing snippets.
2024-10-29 10:53:40.357 [info] Tasks: No changes found during synchronizing tasks.
2024-10-29 10:53:40.362 [info] GlobalState: No changes found during synchronizing ui state.
2024-10-29 10:53:40.419 [info] Extensions: No changes found during synchronizing extensions.
2024-10-29 10:53:40.421 [info] Profiles: No changes found during synchronizing profiles.
2024-10-29 10:53:40.424 [info] Sync done. Took 195ms
2024-10-29 10:54:37.843 [info] Auto Sync: Triggered by Activity
2024-10-29 10:54:37.843 [info] Sync started.
2024-10-29 10:54:37.946 [info] Settings: No changes found during synchronizing settings.
2024-10-29 10:54:37.950 [info] Keybindings: No changes found during synchronizing keybindings.
2024-10-29 10:54:37.955 [info] Snippets: No changes found during synchronizing snippets.
2024-10-29 10:54:37.958 [info] Tasks: No changes found during synchronizing tasks.
2024-10-29 10:54:37.963 [info] GlobalState: No changes found during synchronizing ui state.
2024-10-29 10:54:38.009 [info] Extensions: No changes found during synchronizing extensions.
2024-10-29 10:54:38.011 [info] Profiles: No changes found during synchronizing profiles.
2024-10-29 10:54:38.012 [info] Sync done. Took 171ms
2024-10-29 10:55:19.964 [info] Auto Sync: Triggered by Activity
2024-10-29 10:55:19.965 [info] Sync started.
2024-10-29 10:55:20.084 [info] Settings: No changes found during synchronizing settings.
2024-10-29 10:55:20.090 [info] Keybindings: No changes found during synchronizing keybindings.
2024-10-29 10:55:20.094 [info] Snippets: No changes found during synchronizing snippets.
2024-10-29 10:55:20.097 [info] Tasks: No changes found during synchronizing tasks.
2024-10-29 10:55:20.102 [info] GlobalState: No changes found during synchronizing ui state.
2024-10-29 10:55:20.154 [info] Extensions: No changes found during synchronizing extensions.
2024-10-29 10:55:20.160 [info] Profiles: No changes found during synchronizing profiles.
2024-10-29 10:55:20.162 [info] Sync done. Took 199ms
2024-10-29 10:55:36.407 [info] Auto Sync: Triggered by Activity
2024-10-29 10:55:36.408 [info] Sync started.
2024-10-29 10:55:36.503 [info] Settings: No changes found during synchronizing settings.
2024-10-29 10:55:36.507 [info] Keybindings: No changes found during synchronizing keybindings.
2024-10-29 10:55:36.511 [info] Snippets: No changes found during synchronizing snippets.
2024-10-29 10:55:36.514 [info] Tasks: No changes found during synchronizing tasks.
2024-10-29 10:55:36.519 [info] GlobalState: No changes found during synchronizing ui state.
2024-10-29 10:55:36.566 [info] Extensions: No changes found during synchronizing extensions.
2024-10-29 10:55:36.568 [info] Profiles: No changes found during synchronizing profiles.
2024-10-29 10:55:36.570 [info] Sync done. Took 164ms
2024-10-29 10:58:24.532 [info] Auto Sync: Triggered by Activity
2024-10-29 10:58:24.532 [info] Sync started.
2024-10-29 10:58:25.604 [info] Settings: No changes found during synchronizing settings.
2024-10-29 10:58:25.609 [info] Keybindings: No changes found during synchronizing keybindings.
2024-10-29 10:58:25.613 [info] Snippets: No changes found during synchronizing snippets.
2024-10-29 10:58:25.616 [info] Tasks: No changes found during synchronizing tasks.
2024-10-29 10:58:25.620 [info] GlobalState: No changes found during synchronizing ui state.
2024-10-29 10:58:25.661 [info] Extensions: No changes found during synchronizing extensions.
2024-10-29 10:58:25.664 [info] Profiles: No changes found during synchronizing profiles.
2024-10-29 10:58:25.667 [info] Sync done. Took 1136ms
2024-10-29 10:58:43.598 [info] Auto Sync: Triggered by Activity
2024-10-29 10:58:43.599 [info] Sync started.
2024-10-29 10:58:43.705 [info] Settings: No changes found during synchronizing settings.
2024-10-29 10:58:43.709 [info] Keybindings: No changes found during synchronizing keybindings.
2024-10-29 10:58:43.713 [info] Snippets: No changes found during synchronizing snippets.
2024-10-29 10:58:43.717 [info] Tasks: No changes found during synchronizing tasks.
2024-10-29 10:58:43.721 [info] GlobalState: No changes found during synchronizing ui state.
2024-10-29 10:58:43.762 [info] Extensions: No changes found during synchronizing extensions.
2024-10-29 10:58:43.764 [info] Profiles: No changes found during synchronizing profiles.
2024-10-29 10:58:43.766 [info] Sync done. Took 169ms
2024-10-29 10:59:01.757 [info] Auto Sync: Triggered by Activity
2024-10-29 10:59:01.757 [info] Sync started.
2024-10-29 10:59:01.883 [info] Settings: No changes found during synchronizing settings.
2024-10-29 10:59:01.887 [info] Keybindings: No changes found during synchronizing keybindings.
2024-10-29 10:59:01.892 [info] Snippets: No changes found during synchronizing snippets.
2024-10-29 10:59:01.895 [info] Tasks: No changes found during synchronizing tasks.
2024-10-29 10:59:01.900 [info] GlobalState: No changes found during synchronizing ui state.
2024-10-29 10:59:02.156 [info] Extensions: Updated remote extensions. Added: ["tamasfe.even-better-toml"].
2024-10-29 10:59:02.168 [info] Extensions: Updated last synchronized extensions.
2024-10-29 10:59:02.171 [info] Profiles: No changes found during synchronizing profiles.
2024-10-29 10:59:02.173 [info] Sync done. Took 419ms
2024-10-29 10:59:18.825 [info] Auto Sync: Triggered by Activity
2024-10-29 10:59:18.825 [info] Sync started.
2024-10-29 10:59:18.940 [info] Settings: No changes found during synchronizing settings.
2024-10-29 10:59:18.944 [info] Keybindings: No changes found during synchronizing keybindings.
2024-10-29 10:59:18.948 [info] Snippets: No changes found during synchronizing snippets.
2024-10-29 10:59:18.951 [info] Tasks: No changes found during synchronizing tasks.
2024-10-29 10:59:18.955 [info] GlobalState: No changes found during synchronizing ui state.
2024-10-29 10:59:18.991 [info] Extensions: No changes found during synchronizing extensions.
2024-10-29 10:59:18.993 [info] Profiles: No changes found during synchronizing profiles.
2024-10-29 10:59:18.995 [info] Sync done. Took 172ms
2024-10-29 11:01:01.206 [info] Auto Sync: Triggered by Activity
2024-10-29 11:01:01.206 [info] Sync started.
2024-10-29 11:01:01.325 [info] Settings: No changes found during synchronizing settings.
2024-10-29 11:01:01.329 [info] Keybindings: No changes found during synchronizing keybindings.
2024-10-29 11:01:01.333 [info] Snippets: No changes found during synchronizing snippets.
2024-10-29 11:01:01.337 [info] Tasks: No changes found during synchronizing tasks.
2024-10-29 11:01:01.341 [info] GlobalState: No changes found during synchronizing ui state.
2024-10-29 11:01:01.420 [info] Extensions: No changes found during synchronizing extensions.
2024-10-29 11:01:01.427 [info] Profiles: No changes found during synchronizing profiles.
2024-10-29 11:01:01.429 [info] Sync done. Took 224ms
2024-10-29 11:01:12.806 [info] Auto Sync: Triggered by Activity
2024-10-29 11:01:12.807 [info] Sync started.
2024-10-29 11:01:12.922 [info] Settings: No changes found during synchronizing settings.
2024-10-29 11:01:12.927 [info] Keybindings: No changes found during synchronizing keybindings.
2024-10-29 11:01:12.931 [info] Snippets: No changes found during synchronizing snippets.
2024-10-29 11:01:12.935 [info] Tasks: No changes found during synchronizing tasks.
2024-10-29 11:01:12.940 [info] GlobalState: No changes found during synchronizing ui state.
2024-10-29 11:01:12.997 [info] Extensions: No changes found during synchronizing extensions.
2024-10-29 11:01:12.999 [info] Profiles: No changes found during synchronizing profiles.
2024-10-29 11:01:13.001 [info] Sync done. Took 196ms
