(VSCode) 2024-10-30 10:58:44.386 [INFO]: No proxy settings found
(VSCode) 2024-10-30 10:58:45.286 [INFO]: Checking network connection...
(VSCode) 2024-10-30 10:58:45.771 [INFO]: No Network Issue connecting to https://server.codeium.com
(VSCode) 2024-10-30 10:58:46.343 [INFO]: Creating manager directory: /tmp/cc2f8072-3d1f-41ce-af61-41c3d43027fd/codeium/manager
(VSCode) 2024-10-30 10:58:46.897 [INFO]: Using cached LS with valid crc32: /home/dastarruer/.vscode/extensions/codeium.codeium-1.22.5/dist/1347d6f7fffdaec404d99b3f0ca3d8854448c787/language_server_linux_x64
(VSCode) 2024-10-30 10:58:46.912 [INFO]: Language server started
2024/10/30 10:58:46 maxprocs: Leaving GOMAXPROCS=16: CPU quota undefined
I1030 10:58:47.061952 101467 main.go:553] [Language Server Manager] Setting GOMAXPROCS to 16
I1030 10:58:47.062057 101467 main.go:667] [Language Server Manager] Release 1.22.5 (1347d6f7fffdaec404d99b3f0ca3d8854448c787)
I1030 10:58:47.062086 101467 main.go:746] [Language Server Manager] Starting language server manager with pid 101467
I1030 10:58:47.062341 101467 main.go:120] [Language Server Manager] Manager acquired its lock file /tmp/cc2f8072-3d1f-41ce-af61-41c3d43027fd/codeium/manager/locks/manager.lock
I1030 10:58:47.063550 101467 main.go:259] [Language Server Manager] Waiting for random port file in /tmp/cc2f8072-3d1f-41ce-af61-41c3d43027fd/codeium/manager/child_random_port_1730300327062513724_244833102262534066 to be created
2024/10/30 10:58:47 maxprocs: Leaving GOMAXPROCS=16: CPU quota undefined
I1030 10:58:47.206391 101485 main.go:553] Setting GOMAXPROCS to 4
I1030 10:58:47.206642 101485 main.go:740] Starting language server process with pid 101485
I1030 10:58:47.206707 101485 server.go:183] Language server will attempt to listen on host 127.0.0.1
I1030 10:58:47.206937 101485 server.go:190] Language server listening on random port at 44195
I1030 10:58:47.574404 101485 unleash.go:93] Initializing Unleash
I1030 10:58:47.917202 101485 unleash.go:113] Successfully initialized Unleash
E1030 10:58:47.930605 101485 client_manager.go:275] Metadata is nil when trying to refresh user JWT
I1030 10:58:47.931231 101485 server.go:441] Successfully created API server client
I1030 10:58:47.985392 101485 server.go:456] Successfully initialized tokenizer
I1030 10:58:48.134761 101485 server.go:613] Local search is enabled, will index local files.
I1030 10:58:48.134819 101485 server.go:617] Using 4 indexer workers
I1030 10:58:48.138821 101485 sqlite_faiss_db_client.go:64] Successfully created embedding search database in 3ms
I1030 10:58:48.139271 101485 indexer.go:213] Using 4 embed workers
I1030 10:58:48.139345 101485 search_provider.go:274] Successfully created and started indexer
I1030 10:58:48.139387 101485 search_provider.go:304] Successfully created embedding search provider
I1030 10:58:48.146050 101485 server.go:703] Successfully created completion provider
I1030 10:58:48.146090 101485 server.go:752] Child process attempting to acquire lock file /tmp/cc2f8072-3d1f-41ce-af61-41c3d43027fd/codeium/manager/locks/child_lock_1730300327062693572_2146247963183589061
I1030 10:58:48.146189 101485 server.go:760] Child process acquired lock file /tmp/cc2f8072-3d1f-41ce-af61-41c3d43027fd/codeium/manager/locks/child_lock_1730300327062693572_2146247963183589061
I1030 10:58:48.155112 101485 server.go:265] LSP listening on random port at 37633
37633
I1030 10:58:48.169498 101467 main.go:295] [Language Server Manager] Found random server port 44195
I1030 10:58:48.169546 101467 main.go:296] [Language Server Manager] Found random lsp port 37633
I1030 10:58:48.169582 101467 main.go:303] [Language Server Manager] Attempting to connect to language server at 127.0.0.1:44195
I1030 10:58:48.177205 101485 web_server.go:259] Chat Web Server listening at ws://127.0.0.1:34353
I1030 10:58:48.182769 101467 main.go:174] [Language Server Manager] Fixing language server port at 44195
I1030 10:58:48.182834 101467 main.go:355] [Language Server Manager] Successfully connected to new language server at 127.0.0.1:44195
(VSCode) 2024-10-30 10:58:48.222 [INFO]: Found language server running on port 44195
(VSCode) 2024-10-30 10:58:48.503 [INFO]: openAllTextDocuments took 6.695168000000194ms
(VSCode) 2024-10-30 10:58:51.291 [INFO]: Codeium is not enabled for the current document.
(VSCode) 2024-10-30 10:58:51.359 [INFO]: Codeium is not enabled for the current document.
(VSCode) 2024-10-30 10:59:01.031 [INFO]: Codeium is not enabled for the current document.
(VSCode) 2024-10-30 10:59:01.190 [INFO]: Codeium is not enabled for the current document.
(VSCode) 2024-10-30 10:59:01.575 [INFO]: Codeium is not enabled for the current document.
(VSCode) 2024-10-30 10:59:01.657 [INFO]: Codeium is not enabled for the current document.
(VSCode) 2024-10-30 10:59:04.728 [INFO]: Codeium is not enabled for the current document.
(VSCode) 2024-10-30 10:59:04.912 [INFO]: Codeium is not enabled for the current document.
(VSCode) 2024-10-30 10:59:05.224 [INFO]: Codeium is not enabled for the current document.
(VSCode) 2024-10-30 11:01:05.102 [INFO]: Disposing language server process
(VSCode) 2024-10-30 11:01:05.102 [INFO]: Deleting manager directory: /tmp/cc2f8072-3d1f-41ce-af61-41c3d43027fd/codeium/manager
(VSCode) 2024-10-30 11:01:05.104 [INFO]: Successfully disposed language server
W1030 11:01:05.102514 101467 main.go:124] [Language Server Manager] Got signal terminated, shutting down
