2024-10-30 10:58:41.839 [info] Using settings sync service https://vscode-sync.trafficmanager.net/
2024-10-30 10:58:41.839 [info] Auto Sync is enabled.
2024-10-30 10:58:41.839 [info] Auto Sync: Suspended until auth token is available.
2024-10-30 10:58:42.973 [info] Auto Sync: Triggered by Interval
2024-10-30 10:58:42.973 [info] Sync started.
2024-10-30 10:58:43.659 [info] Settings: No changes found during synchronizing settings.
2024-10-30 10:58:43.672 [info] Keybindings: No changes found during synchronizing keybindings.
2024-10-30 10:58:43.677 [info] Snippets: No changes found during synchronizing snippets.
2024-10-30 10:58:43.681 [info] Tasks: No changes found during synchronizing tasks.
2024-10-30 10:58:43.688 [info] GlobalState: No changes found during synchronizing ui state.
2024-10-30 10:58:43.734 [info] Extensions: No changes found during synchronizing extensions.
2024-10-30 10:58:43.741 [info] Profiles: No changes found during synchronizing profiles.
2024-10-30 10:58:43.743 [info] Sync done. Took 772ms
2024-10-30 10:59:01.299 [info] Auto Sync: Triggered by Activity
2024-10-30 10:59:01.300 [info] Sync started.
2024-10-30 10:59:01.440 [info] Settings: No changes found during synchronizing settings.
2024-10-30 10:59:01.445 [info] Keybindings: No changes found during synchronizing keybindings.
2024-10-30 10:59:01.449 [info] Snippets: No changes found during synchronizing snippets.
2024-10-30 10:59:01.453 [info] Tasks: No changes found during synchronizing tasks.
2024-10-30 10:59:01.459 [info] GlobalState: No changes found during synchronizing ui state.
2024-10-30 10:59:01.512 [info] Extensions: No changes found during synchronizing extensions.
2024-10-30 10:59:01.515 [info] Profiles: No changes found during synchronizing profiles.
2024-10-30 10:59:01.519 [info] Sync done. Took 221ms
