2024-10-29 15:02:20.818 [info] Using settings sync service https://vscode-sync.trafficmanager.net/
2024-10-29 15:02:20.818 [info] Auto Sync is enabled.
2024-10-29 15:02:20.818 [info] Auto Sync: Suspended until auth token is available.
2024-10-29 11:02:31.042 [info] Auto Sync: Triggered by Interval
2024-10-29 11:02:31.043 [info] Sync started.
2024-10-29 11:02:31.687 [info] Settings: No changes found during synchronizing settings.
2024-10-29 11:02:31.696 [info] Keybindings: No changes found during synchronizing keybindings.
2024-10-29 11:02:31.702 [info] Snippets: No changes found during synchronizing snippets.
2024-10-29 11:02:31.706 [info] Tasks: No changes found during synchronizing tasks.
2024-10-29 11:02:32.010 [info] GlobalState: Updated remote ui state. Updated: cpp.1.lastSessionDate,cpp.1.sessionCount,java.2.lastSessionDate,java.2.sessionCount,javascript.1.lastSessionDate,javascript.1.sessionCount,typescript.1.lastSessionDate,typescript.1.sessionCount,csharp.1.lastSessionDate,csharp.1.sessionCount.
2024-10-29 11:02:32.013 [info] GlobalState: Updated last synchronized ui state
2024-10-29 11:02:32.059 [info] Extensions: No changes found during synchronizing extensions.
2024-10-29 11:02:32.062 [info] Profiles: No changes found during synchronizing profiles.
2024-10-29 11:02:32.064 [info] Sync done. Took 1053ms
2024-10-29 11:04:01.971 [info] Auto Sync: Triggered by Activity
2024-10-29 11:04:01.973 [info] Sync started.
2024-10-29 11:04:02.099 [info] Settings: No changes found during synchronizing settings.
2024-10-29 11:04:02.104 [info] Keybindings: No changes found during synchronizing keybindings.
2024-10-29 11:04:02.109 [info] Snippets: No changes found during synchronizing snippets.
2024-10-29 11:04:02.114 [info] Tasks: No changes found during synchronizing tasks.
2024-10-29 11:04:02.120 [info] GlobalState: No changes found during synchronizing ui state.
2024-10-29 11:04:02.184 [info] Extensions: No changes found during synchronizing extensions.
2024-10-29 11:04:02.187 [info] Profiles: No changes found during synchronizing profiles.
2024-10-29 11:04:02.189 [info] Sync done. Took 220ms
2024-10-29 11:04:28.863 [info] Auto Sync: Triggered by Activity
2024-10-29 11:04:28.863 [info] Sync started.
2024-10-29 11:04:28.958 [info] Settings: No changes found during synchronizing settings.
2024-10-29 11:04:28.962 [info] Keybindings: No changes found during synchronizing keybindings.
2024-10-29 11:04:28.966 [info] Snippets: No changes found during synchronizing snippets.
2024-10-29 11:04:28.970 [info] Tasks: No changes found during synchronizing tasks.
2024-10-29 11:04:28.974 [info] GlobalState: No changes found during synchronizing ui state.
2024-10-29 11:04:29.022 [info] Extensions: No changes found during synchronizing extensions.
2024-10-29 11:04:29.024 [info] Profiles: No changes found during synchronizing profiles.
2024-10-29 11:04:29.027 [info] Sync done. Took 166ms
2024-10-29 11:04:45.592 [info] Auto Sync: Triggered by Activity
2024-10-29 11:04:45.593 [info] Sync started.
2024-10-29 11:04:45.699 [info] Settings: No changes found during synchronizing settings.
2024-10-29 11:04:45.704 [info] Keybindings: No changes found during synchronizing keybindings.
2024-10-29 11:04:45.708 [info] Snippets: No changes found during synchronizing snippets.
2024-10-29 11:04:45.712 [info] Tasks: No changes found during synchronizing tasks.
2024-10-29 11:04:45.716 [info] GlobalState: No changes found during synchronizing ui state.
2024-10-29 11:04:45.765 [info] Extensions: No changes found during synchronizing extensions.
2024-10-29 11:04:45.766 [info] Profiles: No changes found during synchronizing profiles.
2024-10-29 11:04:45.769 [info] Sync done. Took 178ms
2024-10-29 11:05:07.092 [info] Auto Sync: Triggered by Activity
2024-10-29 11:05:07.092 [info] Sync started.
2024-10-29 11:05:07.203 [info] Settings: No changes found during synchronizing settings.
2024-10-29 11:05:07.207 [info] Keybindings: No changes found during synchronizing keybindings.
2024-10-29 11:05:07.212 [info] Snippets: No changes found during synchronizing snippets.
2024-10-29 11:05:07.215 [info] Tasks: No changes found during synchronizing tasks.
2024-10-29 11:05:07.220 [info] GlobalState: No changes found during synchronizing ui state.
2024-10-29 11:05:07.269 [info] Extensions: No changes found during synchronizing extensions.
2024-10-29 11:05:07.271 [info] Profiles: No changes found during synchronizing profiles.
2024-10-29 11:05:07.273 [info] Sync done. Took 182ms
2024-10-29 11:05:21.444 [info] Auto Sync: Triggered by Activity
2024-10-29 11:05:21.445 [info] Sync started.
2024-10-29 11:05:21.594 [info] Settings: No changes found during synchronizing settings.
2024-10-29 11:05:21.598 [info] Keybindings: No changes found during synchronizing keybindings.
2024-10-29 11:05:21.603 [info] Snippets: No changes found during synchronizing snippets.
2024-10-29 11:05:21.606 [info] Tasks: No changes found during synchronizing tasks.
2024-10-29 11:05:21.611 [info] GlobalState: No changes found during synchronizing ui state.
2024-10-29 11:05:21.656 [info] Extensions: No changes found during synchronizing extensions.
2024-10-29 11:05:21.657 [info] Profiles: No changes found during synchronizing profiles.
2024-10-29 11:05:21.659 [info] Sync done. Took 217ms
2024-10-29 11:06:01.828 [info] Auto Sync: Triggered by Activity
2024-10-29 11:06:01.829 [info] Sync started.
2024-10-29 11:06:01.953 [info] Settings: No changes found during synchronizing settings.
2024-10-29 11:06:01.957 [info] Keybindings: No changes found during synchronizing keybindings.
2024-10-29 11:06:01.961 [info] Snippets: No changes found during synchronizing snippets.
2024-10-29 11:06:01.964 [info] Tasks: No changes found during synchronizing tasks.
2024-10-29 11:06:01.969 [info] GlobalState: No changes found during synchronizing ui state.
2024-10-29 11:06:02.015 [info] Extensions: No changes found during synchronizing extensions.
2024-10-29 11:06:02.018 [info] Profiles: No changes found during synchronizing profiles.
2024-10-29 11:06:02.020 [info] Sync done. Took 193ms
2024-10-29 11:06:15.987 [info] Auto Sync: Triggered by Activity
2024-10-29 11:06:15.987 [info] Sync started.
2024-10-29 11:06:16.108 [info] Settings: No changes found during synchronizing settings.
2024-10-29 11:06:16.113 [info] Keybindings: No changes found during synchronizing keybindings.
2024-10-29 11:06:16.117 [info] Snippets: No changes found during synchronizing snippets.
2024-10-29 11:06:16.121 [info] Tasks: No changes found during synchronizing tasks.
2024-10-29 11:06:16.126 [info] GlobalState: No changes found during synchronizing ui state.
2024-10-29 11:06:16.176 [info] Extensions: No changes found during synchronizing extensions.
2024-10-29 11:06:16.177 [info] Profiles: No changes found during synchronizing profiles.
2024-10-29 11:06:16.180 [info] Sync done. Took 194ms
2024-10-29 11:06:41.101 [info] Auto Sync: Triggered by Activity
2024-10-29 11:06:41.102 [info] Sync started.
2024-10-29 11:06:41.207 [info] Settings: No changes found during synchronizing settings.
2024-10-29 11:06:41.213 [info] Keybindings: No changes found during synchronizing keybindings.
2024-10-29 11:06:41.217 [info] Snippets: No changes found during synchronizing snippets.
2024-10-29 11:06:41.221 [info] Tasks: No changes found during synchronizing tasks.
2024-10-29 11:06:41.227 [info] GlobalState: No changes found during synchronizing ui state.
2024-10-29 11:06:41.289 [info] Extensions: No changes found during synchronizing extensions.
2024-10-29 11:06:41.292 [info] Profiles: No changes found during synchronizing profiles.
2024-10-29 11:06:41.294 [info] Sync done. Took 194ms
2024-10-29 11:07:12.498 [info] Auto Sync: Triggered by Activity
2024-10-29 11:07:12.498 [info] Sync started.
2024-10-29 11:07:12.597 [info] Settings: No changes found during synchronizing settings.
2024-10-29 11:07:12.601 [info] Keybindings: No changes found during synchronizing keybindings.
2024-10-29 11:07:12.606 [info] Snippets: No changes found during synchronizing snippets.
2024-10-29 11:07:12.610 [info] Tasks: No changes found during synchronizing tasks.
2024-10-29 11:07:12.614 [info] GlobalState: No changes found during synchronizing ui state.
2024-10-29 11:07:12.667 [info] Extensions: No changes found during synchronizing extensions.
2024-10-29 11:07:12.669 [info] Profiles: No changes found during synchronizing profiles.
2024-10-29 11:07:12.672 [info] Sync done. Took 175ms
2024-10-29 11:09:30.689 [info] Auto Sync: Triggered by Activity
2024-10-29 11:09:30.689 [info] Sync started.
2024-10-29 11:09:31.169 [info] Settings: No changes found during synchronizing settings.
2024-10-29 11:09:31.174 [info] Keybindings: No changes found during synchronizing keybindings.
2024-10-29 11:09:31.179 [info] Snippets: No changes found during synchronizing snippets.
2024-10-29 11:09:31.183 [info] Tasks: No changes found during synchronizing tasks.
2024-10-29 11:09:31.188 [info] GlobalState: No changes found during synchronizing ui state.
2024-10-29 11:09:31.241 [info] Extensions: No changes found during synchronizing extensions.
2024-10-29 11:09:31.243 [info] Profiles: No changes found during synchronizing profiles.
2024-10-29 11:09:31.245 [info] Sync done. Took 557ms
2024-10-29 11:09:52.707 [info] Auto Sync: Triggered by Activity
2024-10-29 11:09:52.707 [info] Sync started.
2024-10-29 11:09:52.822 [info] Settings: No changes found during synchronizing settings.
2024-10-29 11:09:52.827 [info] Keybindings: No changes found during synchronizing keybindings.
2024-10-29 11:09:52.831 [info] Snippets: No changes found during synchronizing snippets.
2024-10-29 11:09:52.834 [info] Tasks: No changes found during synchronizing tasks.
2024-10-29 11:09:52.839 [info] GlobalState: No changes found during synchronizing ui state.
2024-10-29 11:09:52.885 [info] Extensions: No changes found during synchronizing extensions.
2024-10-29 11:09:52.887 [info] Profiles: No changes found during synchronizing profiles.
2024-10-29 11:09:52.889 [info] Sync done. Took 183ms
2024-10-29 11:10:05.738 [info] Auto Sync: Triggered by Activity
2024-10-29 11:10:05.738 [info] Sync started.
2024-10-29 11:10:05.870 [info] Settings: No changes found during synchronizing settings.
2024-10-29 11:10:05.874 [info] Keybindings: No changes found during synchronizing keybindings.
2024-10-29 11:10:05.877 [info] Snippets: No changes found during synchronizing snippets.
2024-10-29 11:10:05.881 [info] Tasks: No changes found during synchronizing tasks.
2024-10-29 11:10:05.886 [info] GlobalState: No changes found during synchronizing ui state.
2024-10-29 11:10:05.936 [info] Extensions: No changes found during synchronizing extensions.
2024-10-29 11:10:05.940 [info] Profiles: No changes found during synchronizing profiles.
2024-10-29 11:10:05.942 [info] Sync done. Took 206ms
2024-10-29 11:10:16.570 [info] Auto Sync: Triggered by Activity
2024-10-29 11:10:16.570 [info] Sync started.
2024-10-29 11:10:16.686 [info] Settings: No changes found during synchronizing settings.
2024-10-29 11:10:16.695 [info] Keybindings: No changes found during synchronizing keybindings.
2024-10-29 11:10:16.700 [info] Snippets: No changes found during synchronizing snippets.
2024-10-29 11:10:16.706 [info] Tasks: No changes found during synchronizing tasks.
2024-10-29 11:10:16.711 [info] GlobalState: No changes found during synchronizing ui state.
2024-10-29 11:10:16.967 [info] Extensions: Updated remote extensions. Added: ["mrmlnc.vscode-apache"].
2024-10-29 11:10:16.971 [info] Extensions: Updated last synchronized extensions.
2024-10-29 11:10:16.973 [info] Profiles: No changes found during synchronizing profiles.
2024-10-29 11:10:16.976 [info] Sync done. Took 408ms
2024-10-29 11:11:17.355 [info] Auto Sync: Triggered by Activity
2024-10-29 11:11:17.355 [info] Sync started.
2024-10-29 11:11:17.451 [info] Settings: No changes found during synchronizing settings.
2024-10-29 11:11:17.457 [info] Keybindings: No changes found during synchronizing keybindings.
2024-10-29 11:11:17.461 [info] Snippets: No changes found during synchronizing snippets.
2024-10-29 11:11:17.464 [info] Tasks: No changes found during synchronizing tasks.
2024-10-29 11:11:17.469 [info] GlobalState: No changes found during synchronizing ui state.
2024-10-29 11:11:17.510 [info] Extensions: No changes found during synchronizing extensions.
2024-10-29 11:11:17.515 [info] Profiles: No changes found during synchronizing profiles.
2024-10-29 11:11:17.517 [info] Sync done. Took 163ms
2024-10-29 11:11:38.192 [info] Auto Sync: Triggered by Activity
2024-10-29 11:11:38.192 [info] Sync started.
2024-10-29 11:11:38.307 [info] Settings: No changes found during synchronizing settings.
2024-10-29 11:11:38.312 [info] Keybindings: No changes found during synchronizing keybindings.
2024-10-29 11:11:38.317 [info] Snippets: No changes found during synchronizing snippets.
2024-10-29 11:11:38.321 [info] Tasks: No changes found during synchronizing tasks.
2024-10-29 11:11:38.326 [info] GlobalState: No changes found during synchronizing ui state.
2024-10-29 11:11:38.381 [info] Extensions: No changes found during synchronizing extensions.
2024-10-29 11:11:38.383 [info] Profiles: No changes found during synchronizing profiles.
2024-10-29 11:11:38.385 [info] Sync done. Took 194ms
2024-10-29 11:11:55.316 [info] Auto Sync: Triggered by Activity
2024-10-29 11:11:55.317 [info] Sync started.
2024-10-29 11:11:55.430 [info] Settings: No changes found during synchronizing settings.
2024-10-29 11:11:55.435 [info] Keybindings: No changes found during synchronizing keybindings.
2024-10-29 11:11:55.439 [info] Snippets: No changes found during synchronizing snippets.
2024-10-29 11:11:55.443 [info] Tasks: No changes found during synchronizing tasks.
2024-10-29 11:11:55.447 [info] GlobalState: No changes found during synchronizing ui state.
2024-10-29 11:11:55.507 [info] Extensions: No changes found during synchronizing extensions.
2024-10-29 11:11:55.509 [info] Profiles: No changes found during synchronizing profiles.
2024-10-29 11:11:55.511 [info] Sync done. Took 196ms
2024-10-29 11:12:32.456 [info] Auto Sync: Triggered by Activity
2024-10-29 11:12:32.456 [info] Sync started.
2024-10-29 11:12:32.562 [info] Settings: No changes found during synchronizing settings.
2024-10-29 11:12:32.564 [info] Keybindings: No changes found during synchronizing keybindings.
2024-10-29 11:12:32.566 [info] Snippets: No changes found during synchronizing snippets.
2024-10-29 11:12:32.568 [info] Tasks: No changes found during synchronizing tasks.
2024-10-29 11:12:32.571 [info] GlobalState: No changes found during synchronizing ui state.
2024-10-29 11:12:32.594 [info] Extensions: No changes found during synchronizing extensions.
2024-10-29 11:12:32.595 [info] Profiles: No changes found during synchronizing profiles.
2024-10-29 11:12:32.596 [info] Sync done. Took 141ms
2024-10-29 11:12:46.687 [info] Auto Sync: Triggered by Activity
2024-10-29 11:12:46.688 [info] Sync started.
2024-10-29 11:12:46.805 [info] Settings: No changes found during synchronizing settings.
2024-10-29 11:12:46.809 [info] Keybindings: No changes found during synchronizing keybindings.
2024-10-29 11:12:46.814 [info] Snippets: No changes found during synchronizing snippets.
2024-10-29 11:12:46.817 [info] Tasks: No changes found during synchronizing tasks.
2024-10-29 11:12:46.822 [info] GlobalState: No changes found during synchronizing ui state.
2024-10-29 11:12:46.868 [info] Extensions: No changes found during synchronizing extensions.
2024-10-29 11:12:46.870 [info] Profiles: No changes found during synchronizing profiles.
2024-10-29 11:12:46.872 [info] Sync done. Took 186ms
2024-10-29 11:13:29.776 [info] Auto Sync: Triggered by Activity
2024-10-29 11:13:29.776 [info] Sync started.
2024-10-29 11:13:29.890 [info] Settings: No changes found during synchronizing settings.
2024-10-29 11:13:29.894 [info] Keybindings: No changes found during synchronizing keybindings.
2024-10-29 11:13:29.898 [info] Snippets: No changes found during synchronizing snippets.
2024-10-29 11:13:29.902 [info] Tasks: No changes found during synchronizing tasks.
2024-10-29 11:13:29.906 [info] GlobalState: No changes found during synchronizing ui state.
2024-10-29 11:13:29.950 [info] Extensions: No changes found during synchronizing extensions.
2024-10-29 11:13:29.952 [info] Profiles: No changes found during synchronizing profiles.
2024-10-29 11:13:29.953 [info] Sync done. Took 179ms
2024-10-29 11:13:46.496 [info] Auto Sync: Triggered by Activity
2024-10-29 11:13:46.497 [info] Sync started.
2024-10-29 11:13:46.610 [info] Settings: No changes found during synchronizing settings.
2024-10-29 11:13:46.615 [info] Keybindings: No changes found during synchronizing keybindings.
2024-10-29 11:13:46.619 [info] Snippets: No changes found during synchronizing snippets.
2024-10-29 11:13:46.623 [info] Tasks: No changes found during synchronizing tasks.
2024-10-29 11:13:46.627 [info] GlobalState: No changes found during synchronizing ui state.
2024-10-29 11:13:46.671 [info] Extensions: No changes found during synchronizing extensions.
2024-10-29 11:13:46.673 [info] Profiles: No changes found during synchronizing profiles.
2024-10-29 11:13:46.674 [info] Sync done. Took 180ms
2024-10-29 11:14:14.323 [info] Auto Sync: Triggered by Activity
2024-10-29 11:14:14.323 [info] Sync started.
2024-10-29 11:14:14.454 [info] Settings: No changes found during synchronizing settings.
2024-10-29 11:14:14.459 [info] Keybindings: No changes found during synchronizing keybindings.
2024-10-29 11:14:14.463 [info] Snippets: No changes found during synchronizing snippets.
2024-10-29 11:14:14.467 [info] Tasks: No changes found during synchronizing tasks.
2024-10-29 11:14:14.471 [info] GlobalState: No changes found during synchronizing ui state.
2024-10-29 11:14:14.518 [info] Extensions: No changes found during synchronizing extensions.
2024-10-29 11:14:14.520 [info] Profiles: No changes found during synchronizing profiles.
2024-10-29 11:14:14.523 [info] Sync done. Took 201ms
2024-10-29 11:14:28.950 [info] Auto Sync: Triggered by Activity
2024-10-29 11:14:28.951 [info] Sync started.
2024-10-29 11:14:29.062 [info] Settings: No changes found during synchronizing settings.
2024-10-29 11:14:29.066 [info] Keybindings: No changes found during synchronizing keybindings.
2024-10-29 11:14:29.070 [info] Snippets: No changes found during synchronizing snippets.
2024-10-29 11:14:29.073 [info] Tasks: No changes found during synchronizing tasks.
2024-10-29 11:14:29.078 [info] GlobalState: No changes found during synchronizing ui state.
2024-10-29 11:14:29.128 [info] Extensions: No changes found during synchronizing extensions.
2024-10-29 11:14:29.130 [info] Profiles: No changes found during synchronizing profiles.
2024-10-29 11:14:29.132 [info] Sync done. Took 183ms
2024-10-29 11:14:48.178 [info] Auto Sync: Triggered by Activity
2024-10-29 11:14:48.178 [info] Sync started.
2024-10-29 11:14:48.293 [info] Settings: No changes found during synchronizing settings.
2024-10-29 11:14:48.297 [info] Keybindings: No changes found during synchronizing keybindings.
2024-10-29 11:14:48.301 [info] Snippets: No changes found during synchronizing snippets.
2024-10-29 11:14:48.304 [info] Tasks: No changes found during synchronizing tasks.
2024-10-29 11:14:48.308 [info] GlobalState: No changes found during synchronizing ui state.
2024-10-29 11:14:48.349 [info] Extensions: No changes found during synchronizing extensions.
2024-10-29 11:14:48.353 [info] Profiles: No changes found during synchronizing profiles.
2024-10-29 11:14:48.356 [info] Sync done. Took 179ms
2024-10-29 11:15:04.572 [info] Auto Sync: Triggered by Activity
2024-10-29 11:15:04.573 [info] Sync started.
2024-10-29 11:15:04.697 [info] Settings: No changes found during synchronizing settings.
2024-10-29 11:15:04.701 [info] Keybindings: No changes found during synchronizing keybindings.
2024-10-29 11:15:04.705 [info] Snippets: No changes found during synchronizing snippets.
2024-10-29 11:15:04.708 [info] Tasks: No changes found during synchronizing tasks.
2024-10-29 11:15:04.712 [info] GlobalState: No changes found during synchronizing ui state.
2024-10-29 11:15:04.757 [info] Extensions: No changes found during synchronizing extensions.
2024-10-29 11:15:04.761 [info] Profiles: No changes found during synchronizing profiles.
2024-10-29 11:15:04.763 [info] Sync done. Took 192ms
2024-10-29 11:15:33.841 [info] Auto Sync: Triggered by Activity
2024-10-29 11:15:33.841 [info] Sync started.
2024-10-29 11:15:33.952 [info] Settings: No changes found during synchronizing settings.
2024-10-29 11:15:33.956 [info] Keybindings: No changes found during synchronizing keybindings.
2024-10-29 11:15:33.960 [info] Snippets: No changes found during synchronizing snippets.
2024-10-29 11:15:33.964 [info] Tasks: No changes found during synchronizing tasks.
2024-10-29 11:15:33.969 [info] GlobalState: No changes found during synchronizing ui state.
2024-10-29 11:15:34.017 [info] Extensions: No changes found during synchronizing extensions.
2024-10-29 11:15:34.020 [info] Profiles: No changes found during synchronizing profiles.
2024-10-29 11:15:34.022 [info] Sync done. Took 182ms
2024-10-29 11:15:50.129 [info] Auto Sync: Triggered by Activity
2024-10-29 11:15:50.129 [info] Sync started.
2024-10-29 11:15:50.252 [info] Settings: No changes found during synchronizing settings.
2024-10-29 11:15:50.255 [info] Keybindings: No changes found during synchronizing keybindings.
2024-10-29 11:15:50.259 [info] Snippets: No changes found during synchronizing snippets.
2024-10-29 11:15:50.262 [info] Tasks: No changes found during synchronizing tasks.
2024-10-29 11:15:50.266 [info] GlobalState: No changes found during synchronizing ui state.
2024-10-29 11:15:50.312 [info] Extensions: No changes found during synchronizing extensions.
2024-10-29 11:15:50.313 [info] Profiles: No changes found during synchronizing profiles.
2024-10-29 11:15:50.315 [info] Sync done. Took 188ms
2024-10-29 11:16:33.419 [info] Auto Sync: Triggered by Activity
2024-10-29 11:16:33.419 [info] Sync started.
2024-10-29 11:16:33.549 [info] Settings: No changes found during synchronizing settings.
2024-10-29 11:16:33.553 [info] Keybindings: No changes found during synchronizing keybindings.
2024-10-29 11:16:33.556 [info] Snippets: No changes found during synchronizing snippets.
2024-10-29 11:16:33.560 [info] Tasks: No changes found during synchronizing tasks.
2024-10-29 11:16:33.564 [info] GlobalState: No changes found during synchronizing ui state.
2024-10-29 11:16:33.612 [info] Extensions: No changes found during synchronizing extensions.
2024-10-29 11:16:33.614 [info] Profiles: No changes found during synchronizing profiles.
2024-10-29 11:16:33.615 [info] Sync done. Took 199ms
2024-10-29 11:16:51.085 [info] Auto Sync: Triggered by Activity
2024-10-29 11:16:51.086 [info] Sync started.
2024-10-29 11:16:51.198 [info] Settings: No changes found during synchronizing settings.
2024-10-29 11:16:51.202 [info] Keybindings: No changes found during synchronizing keybindings.
2024-10-29 11:16:51.206 [info] Snippets: No changes found during synchronizing snippets.
2024-10-29 11:16:51.209 [info] Tasks: No changes found during synchronizing tasks.
2024-10-29 11:16:51.213 [info] GlobalState: No changes found during synchronizing ui state.
2024-10-29 11:16:51.256 [info] Extensions: No changes found during synchronizing extensions.
2024-10-29 11:16:51.258 [info] Profiles: No changes found during synchronizing profiles.
2024-10-29 11:16:51.260 [info] Sync done. Took 176ms
2024-10-29 11:17:04.372 [info] Auto Sync: Triggered by Activity
2024-10-29 11:17:04.372 [info] Sync started.
2024-10-29 11:17:04.496 [info] Settings: No changes found during synchronizing settings.
2024-10-29 11:17:04.499 [info] Keybindings: No changes found during synchronizing keybindings.
2024-10-29 11:17:04.504 [info] Snippets: No changes found during synchronizing snippets.
2024-10-29 11:17:04.508 [info] Tasks: No changes found during synchronizing tasks.
2024-10-29 11:17:04.513 [info] GlobalState: No changes found during synchronizing ui state.
2024-10-29 11:17:04.571 [info] Extensions: No changes found during synchronizing extensions.
2024-10-29 11:17:04.577 [info] Profiles: No changes found during synchronizing profiles.
2024-10-29 11:17:04.579 [info] Sync done. Took 209ms
2024-10-29 11:18:17.178 [info] Auto Sync: Triggered by Activity
2024-10-29 11:18:17.178 [info] Sync started.
2024-10-29 11:18:17.276 [info] Settings: No changes found during synchronizing settings.
2024-10-29 11:18:17.284 [info] Keybindings: No changes found during synchronizing keybindings.
2024-10-29 11:18:17.293 [info] Snippets: No changes found during synchronizing snippets.
2024-10-29 11:18:17.297 [info] Tasks: No changes found during synchronizing tasks.
2024-10-29 11:18:17.301 [info] GlobalState: No changes found during synchronizing ui state.
2024-10-29 11:18:17.358 [info] Extensions: No changes found during synchronizing extensions.
2024-10-29 11:18:17.360 [info] Profiles: No changes found during synchronizing profiles.
2024-10-29 11:18:17.362 [info] Sync done. Took 185ms
2024-10-29 11:18:29.094 [info] Auto Sync: Triggered by Activity
2024-10-29 11:18:29.094 [info] Sync started.
2024-10-29 11:18:29.194 [info] Settings: No changes found during synchronizing settings.
2024-10-29 11:18:29.199 [info] Keybindings: No changes found during synchronizing keybindings.
2024-10-29 11:18:29.203 [info] Snippets: No changes found during synchronizing snippets.
2024-10-29 11:18:29.207 [info] Tasks: No changes found during synchronizing tasks.
2024-10-29 11:18:29.211 [info] GlobalState: No changes found during synchronizing ui state.
2024-10-29 11:18:29.255 [info] Extensions: No changes found during synchronizing extensions.
2024-10-29 11:18:29.257 [info] Profiles: No changes found during synchronizing profiles.
2024-10-29 11:18:29.261 [info] Sync done. Took 169ms
2024-10-29 11:18:48.059 [info] Auto Sync: Triggered by Activity
2024-10-29 11:18:48.059 [info] Sync started.
2024-10-29 11:18:48.170 [info] Settings: No changes found during synchronizing settings.
2024-10-29 11:18:48.175 [info] Keybindings: No changes found during synchronizing keybindings.
2024-10-29 11:18:48.180 [info] Snippets: No changes found during synchronizing snippets.
2024-10-29 11:18:48.183 [info] Tasks: No changes found during synchronizing tasks.
2024-10-29 11:18:48.187 [info] GlobalState: No changes found during synchronizing ui state.
2024-10-29 11:18:48.243 [info] Extensions: No changes found during synchronizing extensions.
2024-10-29 11:18:48.245 [info] Profiles: No changes found during synchronizing profiles.
2024-10-29 11:18:48.247 [info] Sync done. Took 189ms
2024-10-29 11:19:05.661 [info] Auto Sync: Triggered by Activity
2024-10-29 11:19:05.661 [info] Sync started.
2024-10-29 11:19:05.787 [info] Settings: No changes found during synchronizing settings.
2024-10-29 11:19:05.791 [info] Keybindings: No changes found during synchronizing keybindings.
2024-10-29 11:19:05.795 [info] Snippets: No changes found during synchronizing snippets.
2024-10-29 11:19:05.799 [info] Tasks: No changes found during synchronizing tasks.
2024-10-29 11:19:05.804 [info] GlobalState: No changes found during synchronizing ui state.
2024-10-29 11:19:05.867 [info] Extensions: No changes found during synchronizing extensions.
2024-10-29 11:19:05.874 [info] Profiles: No changes found during synchronizing profiles.
2024-10-29 11:19:05.876 [info] Sync done. Took 216ms
2024-10-29 11:19:17.782 [info] Auto Sync: Triggered by Activity
2024-10-29 11:19:17.782 [info] Sync started.
2024-10-29 11:19:17.898 [info] Settings: No changes found during synchronizing settings.
2024-10-29 11:19:17.903 [info] Keybindings: No changes found during synchronizing keybindings.
2024-10-29 11:19:17.907 [info] Snippets: No changes found during synchronizing snippets.
2024-10-29 11:19:17.910 [info] Tasks: No changes found during synchronizing tasks.
2024-10-29 11:19:17.915 [info] GlobalState: No changes found during synchronizing ui state.
2024-10-29 11:19:17.956 [info] Extensions: No changes found during synchronizing extensions.
2024-10-29 11:19:17.959 [info] Profiles: No changes found during synchronizing profiles.
2024-10-29 11:19:17.961 [info] Sync done. Took 180ms
2024-10-29 11:19:35.736 [info] Auto Sync: Triggered by Activity
2024-10-29 11:19:35.737 [info] Sync started.
2024-10-29 11:19:35.875 [info] Settings: No changes found during synchronizing settings.
2024-10-29 11:19:35.879 [info] Keybindings: No changes found during synchronizing keybindings.
2024-10-29 11:19:35.883 [info] Snippets: No changes found during synchronizing snippets.
2024-10-29 11:19:35.887 [info] Tasks: No changes found during synchronizing tasks.
2024-10-29 11:19:35.891 [info] GlobalState: No changes found during synchronizing ui state.
2024-10-29 11:19:35.937 [info] Extensions: No changes found during synchronizing extensions.
2024-10-29 11:19:35.939 [info] Profiles: No changes found during synchronizing profiles.
2024-10-29 11:19:35.941 [info] Sync done. Took 206ms
2024-10-29 11:20:00.476 [info] Auto Sync: Triggered by Activity
2024-10-29 11:20:00.477 [info] Sync started.
2024-10-29 11:20:00.576 [info] Settings: No changes found during synchronizing settings.
2024-10-29 11:20:00.579 [info] Keybindings: No changes found during synchronizing keybindings.
2024-10-29 11:20:00.583 [info] Snippets: No changes found during synchronizing snippets.
2024-10-29 11:20:00.590 [info] Tasks: No changes found during synchronizing tasks.
2024-10-29 11:20:00.597 [info] GlobalState: No changes found during synchronizing ui state.
2024-10-29 11:20:00.655 [info] Extensions: No changes found during synchronizing extensions.
2024-10-29 11:20:00.657 [info] Profiles: No changes found during synchronizing profiles.
2024-10-29 11:20:00.659 [info] Sync done. Took 184ms
2024-10-29 11:20:12.687 [info] Auto Sync: Triggered by Activity
2024-10-29 11:20:12.687 [info] Sync started.
2024-10-29 11:20:12.800 [info] Settings: No changes found during synchronizing settings.
2024-10-29 11:20:12.804 [info] Keybindings: No changes found during synchronizing keybindings.
2024-10-29 11:20:12.808 [info] Snippets: No changes found during synchronizing snippets.
2024-10-29 11:20:12.811 [info] Tasks: No changes found during synchronizing tasks.
2024-10-29 11:20:12.815 [info] GlobalState: No changes found during synchronizing ui state.
2024-10-29 11:20:12.883 [info] Extensions: No changes found during synchronizing extensions.
2024-10-29 11:20:12.889 [info] Profiles: No changes found during synchronizing profiles.
2024-10-29 11:20:12.891 [info] Sync done. Took 205ms
2024-10-29 11:20:32.589 [info] Auto Sync: Triggered by Activity
2024-10-29 11:20:32.589 [info] Sync started.
2024-10-29 11:20:32.688 [info] Settings: No changes found during synchronizing settings.
2024-10-29 11:20:32.692 [info] Keybindings: No changes found during synchronizing keybindings.
2024-10-29 11:20:32.696 [info] Snippets: No changes found during synchronizing snippets.
2024-10-29 11:20:32.700 [info] Tasks: No changes found during synchronizing tasks.
2024-10-29 11:20:32.705 [info] GlobalState: No changes found during synchronizing ui state.
2024-10-29 11:20:32.777 [info] Extensions: No changes found during synchronizing extensions.
2024-10-29 11:20:32.783 [info] Profiles: No changes found during synchronizing profiles.
2024-10-29 11:20:32.785 [info] Sync done. Took 197ms
2024-10-29 11:20:50.250 [info] Auto Sync: Triggered by Activity
2024-10-29 11:20:50.250 [info] Sync started.
2024-10-29 11:20:50.370 [info] Settings: No changes found during synchronizing settings.
2024-10-29 11:20:50.373 [info] Keybindings: No changes found during synchronizing keybindings.
2024-10-29 11:20:50.377 [info] Snippets: No changes found during synchronizing snippets.
2024-10-29 11:20:50.381 [info] Tasks: No changes found during synchronizing tasks.
2024-10-29 11:20:50.385 [info] GlobalState: No changes found during synchronizing ui state.
2024-10-29 11:20:50.433 [info] Extensions: No changes found during synchronizing extensions.
2024-10-29 11:20:50.435 [info] Profiles: No changes found during synchronizing profiles.
2024-10-29 11:20:50.437 [info] Sync done. Took 188ms
2024-10-29 11:21:47.572 [info] Auto Sync: Triggered by Activity
2024-10-29 11:21:47.572 [info] Sync started.
2024-10-29 11:21:47.691 [info] Settings: No changes found during synchronizing settings.
2024-10-29 11:21:47.694 [info] Keybindings: No changes found during synchronizing keybindings.
2024-10-29 11:21:47.697 [info] Snippets: No changes found during synchronizing snippets.
2024-10-29 11:21:47.701 [info] Tasks: No changes found during synchronizing tasks.
2024-10-29 11:21:47.705 [info] GlobalState: No changes found during synchronizing ui state.
2024-10-29 11:21:47.752 [info] Extensions: No changes found during synchronizing extensions.
2024-10-29 11:21:47.756 [info] Profiles: No changes found during synchronizing profiles.
2024-10-29 11:21:47.758 [info] Sync done. Took 188ms
2024-10-29 11:22:32.945 [info] Auto Sync: Triggered by Activity
2024-10-29 11:22:32.945 [info] Sync started.
2024-10-29 11:22:33.040 [info] Settings: No changes found during synchronizing settings.
2024-10-29 11:22:33.045 [info] Keybindings: No changes found during synchronizing keybindings.
2024-10-29 11:22:33.049 [info] Snippets: No changes found during synchronizing snippets.
2024-10-29 11:22:33.053 [info] Tasks: No changes found during synchronizing tasks.
2024-10-29 11:22:33.057 [info] GlobalState: No changes found during synchronizing ui state.
2024-10-29 11:22:33.106 [info] Extensions: No changes found during synchronizing extensions.
2024-10-29 11:22:33.108 [info] Profiles: No changes found during synchronizing profiles.
2024-10-29 11:22:33.110 [info] Sync done. Took 166ms
2024-10-29 11:23:00.085 [info] Auto Sync: Triggered by Activity
2024-10-29 11:23:00.085 [info] Sync started.
2024-10-29 11:23:00.201 [info] Settings: No changes found during synchronizing settings.
2024-10-29 11:23:00.205 [info] Keybindings: No changes found during synchronizing keybindings.
2024-10-29 11:23:00.210 [info] Snippets: No changes found during synchronizing snippets.
2024-10-29 11:23:00.213 [info] Tasks: No changes found during synchronizing tasks.
2024-10-29 11:23:00.217 [info] GlobalState: No changes found during synchronizing ui state.
2024-10-29 11:23:00.263 [info] Extensions: No changes found during synchronizing extensions.
2024-10-29 11:23:00.265 [info] Profiles: No changes found during synchronizing profiles.
2024-10-29 11:23:00.267 [info] Sync done. Took 183ms
2024-10-29 11:24:57.733 [info] Auto Sync: Triggered by Activity
2024-10-29 11:24:57.733 [info] Sync started.
2024-10-29 11:24:57.839 [info] Settings: No changes found during synchronizing settings.
2024-10-29 11:24:57.843 [info] Keybindings: No changes found during synchronizing keybindings.
2024-10-29 11:24:57.847 [info] Snippets: No changes found during synchronizing snippets.
2024-10-29 11:24:57.851 [info] Tasks: No changes found during synchronizing tasks.
2024-10-29 11:24:57.855 [info] GlobalState: No changes found during synchronizing ui state.
2024-10-29 11:24:57.902 [info] Extensions: No changes found during synchronizing extensions.
2024-10-29 11:24:57.903 [info] Profiles: No changes found during synchronizing profiles.
2024-10-29 11:24:57.905 [info] Sync done. Took 174ms
2024-10-29 11:26:04.448 [info] Auto Sync: Triggered by Activity
2024-10-29 11:26:04.448 [info] Sync started.
2024-10-29 11:26:04.571 [info] Settings: No changes found during synchronizing settings.
2024-10-29 11:26:04.575 [info] Keybindings: No changes found during synchronizing keybindings.
2024-10-29 11:26:04.579 [info] Snippets: No changes found during synchronizing snippets.
2024-10-29 11:26:04.584 [info] Tasks: No changes found during synchronizing tasks.
2024-10-29 11:26:04.589 [info] GlobalState: No changes found during synchronizing ui state.
2024-10-29 11:26:04.655 [info] Extensions: No changes found during synchronizing extensions.
2024-10-29 11:26:04.657 [info] Profiles: No changes found during synchronizing profiles.
2024-10-29 11:26:04.659 [info] Sync done. Took 212ms
2024-10-29 11:26:29.743 [info] Auto Sync: Triggered by Activity
2024-10-29 11:26:29.743 [info] Sync started.
2024-10-29 11:26:29.862 [info] Settings: No changes found during synchronizing settings.
2024-10-29 11:26:29.867 [info] Keybindings: No changes found during synchronizing keybindings.
2024-10-29 11:26:29.871 [info] Snippets: No changes found during synchronizing snippets.
2024-10-29 11:26:29.874 [info] Tasks: No changes found during synchronizing tasks.
2024-10-29 11:26:29.878 [info] GlobalState: No changes found during synchronizing ui state.
2024-10-29 11:26:29.915 [info] Extensions: No changes found during synchronizing extensions.
2024-10-29 11:26:29.918 [info] Profiles: No changes found during synchronizing profiles.
2024-10-29 11:26:29.920 [info] Sync done. Took 178ms
2024-10-29 11:26:55.690 [info] Auto Sync: Triggered by Activity
2024-10-29 11:26:55.691 [info] Sync started.
2024-10-29 11:26:55.810 [info] Settings: No changes found during synchronizing settings.
2024-10-29 11:26:55.814 [info] Keybindings: No changes found during synchronizing keybindings.
2024-10-29 11:26:55.819 [info] Snippets: No changes found during synchronizing snippets.
2024-10-29 11:26:55.823 [info] Tasks: No changes found during synchronizing tasks.
2024-10-29 11:26:55.827 [info] GlobalState: No changes found during synchronizing ui state.
2024-10-29 11:26:55.879 [info] Extensions: No changes found during synchronizing extensions.
2024-10-29 11:26:55.881 [info] Profiles: No changes found during synchronizing profiles.
2024-10-29 11:26:55.883 [info] Sync done. Took 196ms
2024-10-29 11:27:14.905 [info] Auto Sync: Triggered by Activity
2024-10-29 11:27:14.905 [info] Sync started.
2024-10-29 11:27:15.047 [info] Settings: No changes found during synchronizing settings.
2024-10-29 11:27:15.051 [info] Keybindings: No changes found during synchronizing keybindings.
2024-10-29 11:27:15.055 [info] Snippets: No changes found during synchronizing snippets.
2024-10-29 11:27:15.059 [info] Tasks: No changes found during synchronizing tasks.
2024-10-29 11:27:15.063 [info] GlobalState: No changes found during synchronizing ui state.
2024-10-29 11:27:15.113 [info] Extensions: No changes found during synchronizing extensions.
2024-10-29 11:27:15.115 [info] Profiles: No changes found during synchronizing profiles.
2024-10-29 11:27:15.117 [info] Sync done. Took 213ms
2024-10-29 11:28:08.356 [info] Auto Sync: Triggered by Activity
2024-10-29 11:28:08.357 [info] Sync started.
2024-10-29 11:28:08.481 [info] Settings: No changes found during synchronizing settings.
2024-10-29 11:28:08.485 [info] Keybindings: No changes found during synchronizing keybindings.
2024-10-29 11:28:08.489 [info] Snippets: No changes found during synchronizing snippets.
2024-10-29 11:28:08.493 [info] Tasks: No changes found during synchronizing tasks.
2024-10-29 11:28:08.497 [info] GlobalState: No changes found during synchronizing ui state.
2024-10-29 11:28:08.542 [info] Extensions: No changes found during synchronizing extensions.
2024-10-29 11:28:08.545 [info] Profiles: No changes found during synchronizing profiles.
2024-10-29 11:28:08.547 [info] Sync done. Took 192ms
2024-10-29 11:30:18.093 [info] Auto Sync: Triggered by Activity
2024-10-29 11:30:18.093 [info] Sync started.
2024-10-29 11:30:18.208 [info] Settings: No changes found during synchronizing settings.
2024-10-29 11:30:18.212 [info] Keybindings: No changes found during synchronizing keybindings.
2024-10-29 11:30:18.216 [info] Snippets: No changes found during synchronizing snippets.
2024-10-29 11:30:18.220 [info] Tasks: No changes found during synchronizing tasks.
2024-10-29 11:30:18.225 [info] GlobalState: No changes found during synchronizing ui state.
2024-10-29 11:30:18.265 [info] Extensions: No changes found during synchronizing extensions.
2024-10-29 11:30:18.267 [info] Profiles: No changes found during synchronizing profiles.
2024-10-29 11:30:18.269 [info] Sync done. Took 178ms
2024-10-29 11:33:38.830 [info] Auto Sync: Triggered by Activity
2024-10-29 11:33:38.830 [info] Sync started.
2024-10-29 11:33:39.329 [info] Settings: No changes found during synchronizing settings.
2024-10-29 11:33:39.333 [info] Keybindings: No changes found during synchronizing keybindings.
2024-10-29 11:33:39.338 [info] Snippets: No changes found during synchronizing snippets.
2024-10-29 11:33:39.341 [info] Tasks: No changes found during synchronizing tasks.
2024-10-29 11:33:39.345 [info] GlobalState: No changes found during synchronizing ui state.
2024-10-29 11:33:39.412 [info] Extensions: No changes found during synchronizing extensions.
2024-10-29 11:33:39.417 [info] Profiles: No changes found during synchronizing profiles.
2024-10-29 11:33:39.420 [info] Sync done. Took 592ms
2024-10-29 11:33:56.807 [info] Auto Sync: Triggered by Activity
2024-10-29 11:33:56.809 [info] Sync started.
2024-10-29 11:33:56.937 [info] Settings: No changes found during synchronizing settings.
2024-10-29 11:33:56.941 [info] Keybindings: No changes found during synchronizing keybindings.
2024-10-29 11:33:56.945 [info] Snippets: No changes found during synchronizing snippets.
2024-10-29 11:33:56.948 [info] Tasks: No changes found during synchronizing tasks.
2024-10-29 11:33:56.952 [info] GlobalState: No changes found during synchronizing ui state.
2024-10-29 11:33:56.994 [info] Extensions: No changes found during synchronizing extensions.
2024-10-29 11:33:56.995 [info] Profiles: No changes found during synchronizing profiles.
2024-10-29 11:33:56.997 [info] Sync done. Took 192ms
2024-10-29 11:34:57.863 [info] Auto Sync: Triggered by Activity
2024-10-29 11:34:57.864 [info] Sync started.
2024-10-29 11:34:57.979 [info] Settings: No changes found during synchronizing settings.
2024-10-29 11:34:57.983 [info] Keybindings: No changes found during synchronizing keybindings.
2024-10-29 11:34:57.986 [info] Snippets: No changes found during synchronizing snippets.
2024-10-29 11:34:57.990 [info] Tasks: No changes found during synchronizing tasks.
2024-10-29 11:34:57.994 [info] GlobalState: No changes found during synchronizing ui state.
2024-10-29 11:34:58.039 [info] Extensions: No changes found during synchronizing extensions.
2024-10-29 11:34:58.040 [info] Profiles: No changes found during synchronizing profiles.
2024-10-29 11:34:58.043 [info] Sync done. Took 181ms
2024-10-29 11:35:43.562 [info] Auto Sync: Triggered by Activity
2024-10-29 11:35:43.563 [info] Sync started.
2024-10-29 11:35:43.665 [info] Settings: No changes found during synchronizing settings.
2024-10-29 11:35:43.669 [info] Keybindings: No changes found during synchronizing keybindings.
2024-10-29 11:35:43.673 [info] Snippets: No changes found during synchronizing snippets.
2024-10-29 11:35:43.677 [info] Tasks: No changes found during synchronizing tasks.
2024-10-29 11:35:43.681 [info] GlobalState: No changes found during synchronizing ui state.
2024-10-29 11:35:43.731 [info] Extensions: No changes found during synchronizing extensions.
2024-10-29 11:35:43.736 [info] Profiles: No changes found during synchronizing profiles.
2024-10-29 11:35:43.738 [info] Sync done. Took 178ms
2024-10-29 11:36:21.445 [info] Auto Sync: Triggered by Activity
2024-10-29 11:36:21.445 [info] Sync started.
2024-10-29 11:36:21.549 [info] Settings: No changes found during synchronizing settings.
2024-10-29 11:36:21.553 [info] Keybindings: No changes found during synchronizing keybindings.
2024-10-29 11:36:21.557 [info] Snippets: No changes found during synchronizing snippets.
2024-10-29 11:36:21.560 [info] Tasks: No changes found during synchronizing tasks.
2024-10-29 11:36:21.564 [info] GlobalState: No changes found during synchronizing ui state.
2024-10-29 11:36:21.615 [info] Extensions: No changes found during synchronizing extensions.
2024-10-29 11:36:21.617 [info] Profiles: No changes found during synchronizing profiles.
2024-10-29 11:36:21.619 [info] Sync done. Took 175ms
2024-10-29 11:39:41.549 [info] Auto Sync: Triggered by Activity
2024-10-29 11:39:41.549 [info] Sync started.
2024-10-29 11:39:42.041 [info] Settings: No changes found during synchronizing settings.
2024-10-29 11:39:42.045 [info] Keybindings: No changes found during synchronizing keybindings.
2024-10-29 11:39:42.058 [info] Snippets: No changes found during synchronizing snippets.
2024-10-29 11:39:42.063 [info] Tasks: No changes found during synchronizing tasks.
2024-10-29 11:39:42.067 [info] GlobalState: No changes found during synchronizing ui state.
2024-10-29 11:39:42.128 [info] Extensions: No changes found during synchronizing extensions.
2024-10-29 11:39:42.131 [info] Profiles: No changes found during synchronizing profiles.
2024-10-29 11:39:42.134 [info] Sync done. Took 585ms
