2024-10-28 22:27:02.627 [info] Extension host with pid 272160 started
2024-10-28 22:27:02.753 [info] ExtensionService#_doActivateExtension vscode.emmet, startup: false, activationEvent: 'onLanguage'
2024-10-28 22:27:02.880 [info] ExtensionService#_doActivateExtension vscode.git-base, startup: true, activationEvent: '*', root cause: vscode.git
2024-10-28 22:27:02.884 [info] ExtensionService#_doActivateExtension dooez.alt-catppuccin-vsc, startup: true, activationEvent: '*'
2024-10-28 22:27:02.912 [info] ExtensionService#_doActivateExtension vscode.git, startup: true, activationEvent: '*'
2024-10-28 22:27:03.020 [info] ExtensionService#_doActivateExtension vscode.github, startup: true, activationEvent: '*'
2024-10-28 22:27:03.193 [info] Eager extensions activated
2024-10-28 22:27:03.197 [info] ExtensionService#_doActivateExtension vscode.github-authentication, startup: false, activationEvent: 'onAuthenticationRequest:github'
2024-10-28 22:27:03.258 [info] ExtensionService#_doActivateExtension vscode.debug-auto-launch, startup: false, activationEvent: 'onStartupFinished'
2024-10-28 22:27:03.261 [info] ExtensionService#_doActivateExtension vscode.merge-conflict, startup: false, activationEvent: 'onStartupFinished'
2024-10-28 22:27:03.287 [info] ExtensionService#_doActivateExtension Catppuccin.catppuccin-vsc, startup: false, activationEvent: 'onStartupFinished'
2024-10-28 22:27:03.295 [info] ExtensionService#_doActivateExtension Codeium.codeium, startup: false, activationEvent: 'onStartupFinished'
2024-10-28 22:27:03.934 [info] ExtensionService#_doActivateExtension ecmel.vscode-html-css, startup: false, activationEvent: 'onStartupFinished'
2024-10-28 22:27:03.937 [info] ExtensionService#_doActivateExtension esbenp.prettier-vscode, startup: false, activationEvent: 'onStartupFinished'
2024-10-28 22:27:04.061 [info] ExtensionService#_doActivateExtension WallabyJs.console-ninja, startup: false, activationEvent: 'onStartupFinished'
2024-10-28 22:27:04.547 [info] ExtensionService#_doActivateExtension vscode.configuration-editing, startup: false, activationEvent: 'onLanguage:jsonc'
2024-10-28 22:27:04.564 [info] ExtensionService#_doActivateExtension vscode.json-language-features, startup: false, activationEvent: 'onLanguage:jsonc'
2024-10-28 22:27:04.645 [info] ExtensionService#_doActivateExtension vscode.typescript-language-features, startup: false, activationEvent: 'onLanguage:jsonc'
2024-10-28 22:30:24.218 [error] Error: Illegal value for `line`
	at TF.t (file:///usr/share/code/resources/app/out/vs/workbench/api/node/extensionHostProcess.js:121:1005)
	at Object.lineAt (file:///usr/share/code/resources/app/out/vs/workbench/api/node/extensionHostProcess.js:121:72)
	at e.getCommandEditHints (/home/dastarruer/.vscode/extensions/codeium.codeium-1.22.5/dist/extension.js:2:1585065)
	at e.getNonCachedDocumentResults (/home/dastarruer/.vscode/extensions/codeium.codeium-1.22.5/dist/extension.js:2:1586744)
	at e.<anonymous> (/home/dastarruer/.vscode/extensions/codeium.codeium-1.22.5/dist/extension.js:2:1587809)
	at d (/home/dastarruer/.vscode/extensions/codeium.codeium-1.22.5/dist/extension.js:2:1573032)
	at Generator.<anonymous> (/home/dastarruer/.vscode/extensions/codeium.codeium-1.22.5/dist/extension.js:2:1574374)
	at Generator.next (/home/dastarruer/.vscode/extensions/codeium.codeium-1.22.5/dist/extension.js:2:1573461)
	at a (/home/dastarruer/.vscode/extensions/codeium.codeium-1.22.5/dist/extension.js:2:1579588)
	at s (/home/dastarruer/.vscode/extensions/codeium.codeium-1.22.5/dist/extension.js:2:1579791)
	at /home/dastarruer/.vscode/extensions/codeium.codeium-1.22.5/dist/extension.js:2:1579850
	at new Promise (<anonymous>)
	at e.<anonymous> (/home/dastarruer/.vscode/extensions/codeium.codeium-1.22.5/dist/extension.js:2:1579731)
	at e.<anonymous> (/home/dastarruer/.vscode/extensions/codeium.codeium-1.22.5/dist/extension.js:2:1588383)
	at e.<anonymous> (/home/dastarruer/.vscode/extensions/codeium.codeium-1.22.5/dist/extension.js:2:1530960)
	at d (/home/dastarruer/.vscode/extensions/codeium.codeium-1.22.5/dist/extension.js:2:1518292)
	at Generator.<anonymous> (/home/dastarruer/.vscode/extensions/codeium.codeium-1.22.5/dist/extension.js:2:1519634)
	at Generator.next (/home/dastarruer/.vscode/extensions/codeium.codeium-1.22.5/dist/extension.js:2:1518721)
	at s (/home/dastarruer/.vscode/extensions/codeium.codeium-1.22.5/dist/extension.js:2:1525208)
	at a (/home/dastarruer/.vscode/extensions/codeium.codeium-1.22.5/dist/extension.js:2:1525411)
	at /home/dastarruer/.vscode/extensions/codeium.codeium-1.22.5/dist/extension.js:2:1525470
	at new Promise (<anonymous>)
	at e.<anonymous> (/home/dastarruer/.vscode/extensions/codeium.codeium-1.22.5/dist/extension.js:2:1525351)
	at e.<anonymous> (/home/dastarruer/.vscode/extensions/codeium.codeium-1.22.5/dist/extension.js:2:1531583)
	at e.<anonymous> (/home/dastarruer/.vscode/extensions/codeium.codeium-1.22.5/dist/extension.js:2:1530152)
	at d (/home/dastarruer/.vscode/extensions/codeium.codeium-1.22.5/dist/extension.js:2:1518292)
	at Generator.<anonymous> (/home/dastarruer/.vscode/extensions/codeium.codeium-1.22.5/dist/extension.js:2:1519634)
	at Generator.next (/home/dastarruer/.vscode/extensions/codeium.codeium-1.22.5/dist/extension.js:2:1518721)
	at s (/home/dastarruer/.vscode/extensions/codeium.codeium-1.22.5/dist/extension.js:2:1525208)
	at a (/home/dastarruer/.vscode/extensions/codeium.codeium-1.22.5/dist/extension.js:2:1525411)
	at /home/dastarruer/.vscode/extensions/codeium.codeium-1.22.5/dist/extension.js:2:1525470
	at new Promise (<anonymous>)
	at e.<anonymous> (/home/dastarruer/.vscode/extensions/codeium.codeium-1.22.5/dist/extension.js:2:1525351)
	at e.<anonymous> (/home/dastarruer/.vscode/extensions/codeium.codeium-1.22.5/dist/extension.js:2:1530395)
	at Immediate.<anonymous> (/home/dastarruer/.vscode/extensions/codeium.codeium-1.22.5/dist/extension.js:2:1527813)
	at process.processImmediate (node:internal/timers:483:21)
2024-10-28 22:30:24.224 [error] Error: Illegal value for `line`
	at TF.t (file:///usr/share/code/resources/app/out/vs/workbench/api/node/extensionHostProcess.js:121:1005)
	at Object.lineAt (file:///usr/share/code/resources/app/out/vs/workbench/api/node/extensionHostProcess.js:121:72)
	at e.getCommandEditHints (/home/dastarruer/.vscode/extensions/codeium.codeium-1.22.5/dist/extension.js:2:1585065)
	at e.getNonCachedDocumentResults (/home/dastarruer/.vscode/extensions/codeium.codeium-1.22.5/dist/extension.js:2:1586744)
	at e.<anonymous> (/home/dastarruer/.vscode/extensions/codeium.codeium-1.22.5/dist/extension.js:2:1587809)
	at d (/home/dastarruer/.vscode/extensions/codeium.codeium-1.22.5/dist/extension.js:2:1573032)
	at Generator.<anonymous> (/home/dastarruer/.vscode/extensions/codeium.codeium-1.22.5/dist/extension.js:2:1574374)
	at Generator.next (/home/dastarruer/.vscode/extensions/codeium.codeium-1.22.5/dist/extension.js:2:1573461)
	at a (/home/dastarruer/.vscode/extensions/codeium.codeium-1.22.5/dist/extension.js:2:1579588)
	at s (/home/dastarruer/.vscode/extensions/codeium.codeium-1.22.5/dist/extension.js:2:1579791)
	at /home/dastarruer/.vscode/extensions/codeium.codeium-1.22.5/dist/extension.js:2:1579850
	at new Promise (<anonymous>)
	at e.<anonymous> (/home/dastarruer/.vscode/extensions/codeium.codeium-1.22.5/dist/extension.js:2:1579731)
	at e.<anonymous> (/home/dastarruer/.vscode/extensions/codeium.codeium-1.22.5/dist/extension.js:2:1588383)
	at e.<anonymous> (/home/dastarruer/.vscode/extensions/codeium.codeium-1.22.5/dist/extension.js:2:1530960)
	at d (/home/dastarruer/.vscode/extensions/codeium.codeium-1.22.5/dist/extension.js:2:1518292)
	at Generator.<anonymous> (/home/dastarruer/.vscode/extensions/codeium.codeium-1.22.5/dist/extension.js:2:1519634)
	at Generator.next (/home/dastarruer/.vscode/extensions/codeium.codeium-1.22.5/dist/extension.js:2:1518721)
	at s (/home/dastarruer/.vscode/extensions/codeium.codeium-1.22.5/dist/extension.js:2:1525208)
	at a (/home/dastarruer/.vscode/extensions/codeium.codeium-1.22.5/dist/extension.js:2:1525411)
	at /home/dastarruer/.vscode/extensions/codeium.codeium-1.22.5/dist/extension.js:2:1525470
	at new Promise (<anonymous>)
	at e.<anonymous> (/home/dastarruer/.vscode/extensions/codeium.codeium-1.22.5/dist/extension.js:2:1525351)
	at e.<anonymous> (/home/dastarruer/.vscode/extensions/codeium.codeium-1.22.5/dist/extension.js:2:1531583)
	at e.<anonymous> (/home/dastarruer/.vscode/extensions/codeium.codeium-1.22.5/dist/extension.js:2:1530152)
	at d (/home/dastarruer/.vscode/extensions/codeium.codeium-1.22.5/dist/extension.js:2:1518292)
	at Generator.<anonymous> (/home/dastarruer/.vscode/extensions/codeium.codeium-1.22.5/dist/extension.js:2:1519634)
	at Generator.next (/home/dastarruer/.vscode/extensions/codeium.codeium-1.22.5/dist/extension.js:2:1518721)
	at s (/home/dastarruer/.vscode/extensions/codeium.codeium-1.22.5/dist/extension.js:2:1525208)
	at a (/home/dastarruer/.vscode/extensions/codeium.codeium-1.22.5/dist/extension.js:2:1525411)
	at /home/dastarruer/.vscode/extensions/codeium.codeium-1.22.5/dist/extension.js:2:1525470
	at new Promise (<anonymous>)
	at e.<anonymous> (/home/dastarruer/.vscode/extensions/codeium.codeium-1.22.5/dist/extension.js:2:1525351)
	at e.<anonymous> (/home/dastarruer/.vscode/extensions/codeium.codeium-1.22.5/dist/extension.js:2:1530395)
	at Immediate.<anonymous> (/home/dastarruer/.vscode/extensions/codeium.codeium-1.22.5/dist/extension.js:2:1527813)
	at process.processImmediate (node:internal/timers:483:21)
2024-10-28 22:30:27.903 [info] ExtensionService#_doActivateExtension vscode.grunt, startup: false, activationEvent: 'onTaskType:grunt'
2024-10-28 22:30:27.916 [info] ExtensionService#_doActivateExtension vscode.gulp, startup: false, activationEvent: 'onTaskType:gulp'
2024-10-28 22:30:27.918 [info] ExtensionService#_doActivateExtension vscode.jake, startup: false, activationEvent: 'onTaskType:jake'
2024-10-28 22:30:27.920 [info] ExtensionService#_doActivateExtension vscode.npm, startup: false, activationEvent: 'onTaskType:npm'
2024-10-28 22:33:57.152 [error] Error: Illegal value for `line`
	at TF.t (file:///usr/share/code/resources/app/out/vs/workbench/api/node/extensionHostProcess.js:121:1005)
	at Object.lineAt (file:///usr/share/code/resources/app/out/vs/workbench/api/node/extensionHostProcess.js:121:72)
	at e.getCommandEditHints (/home/dastarruer/.vscode/extensions/codeium.codeium-1.22.5/dist/extension.js:2:1585065)
	at e.getNonCachedDocumentResults (/home/dastarruer/.vscode/extensions/codeium.codeium-1.22.5/dist/extension.js:2:1586744)
	at e.<anonymous> (/home/dastarruer/.vscode/extensions/codeium.codeium-1.22.5/dist/extension.js:2:1587809)
	at d (/home/dastarruer/.vscode/extensions/codeium.codeium-1.22.5/dist/extension.js:2:1573032)
	at Generator.<anonymous> (/home/dastarruer/.vscode/extensions/codeium.codeium-1.22.5/dist/extension.js:2:1574374)
	at Generator.next (/home/dastarruer/.vscode/extensions/codeium.codeium-1.22.5/dist/extension.js:2:1573461)
	at a (/home/dastarruer/.vscode/extensions/codeium.codeium-1.22.5/dist/extension.js:2:1579588)
	at s (/home/dastarruer/.vscode/extensions/codeium.codeium-1.22.5/dist/extension.js:2:1579791)
	at /home/dastarruer/.vscode/extensions/codeium.codeium-1.22.5/dist/extension.js:2:1579850
	at new Promise (<anonymous>)
	at e.<anonymous> (/home/dastarruer/.vscode/extensions/codeium.codeium-1.22.5/dist/extension.js:2:1579731)
	at e.<anonymous> (/home/dastarruer/.vscode/extensions/codeium.codeium-1.22.5/dist/extension.js:2:1588383)
	at e.<anonymous> (/home/dastarruer/.vscode/extensions/codeium.codeium-1.22.5/dist/extension.js:2:1530960)
	at d (/home/dastarruer/.vscode/extensions/codeium.codeium-1.22.5/dist/extension.js:2:1518292)
	at Generator.<anonymous> (/home/dastarruer/.vscode/extensions/codeium.codeium-1.22.5/dist/extension.js:2:1519634)
	at Generator.next (/home/dastarruer/.vscode/extensions/codeium.codeium-1.22.5/dist/extension.js:2:1518721)
	at s (/home/dastarruer/.vscode/extensions/codeium.codeium-1.22.5/dist/extension.js:2:1525208)
	at a (/home/dastarruer/.vscode/extensions/codeium.codeium-1.22.5/dist/extension.js:2:1525411)
	at /home/dastarruer/.vscode/extensions/codeium.codeium-1.22.5/dist/extension.js:2:1525470
	at new Promise (<anonymous>)
	at e.<anonymous> (/home/dastarruer/.vscode/extensions/codeium.codeium-1.22.5/dist/extension.js:2:1525351)
	at e.<anonymous> (/home/dastarruer/.vscode/extensions/codeium.codeium-1.22.5/dist/extension.js:2:1531583)
	at e.<anonymous> (/home/dastarruer/.vscode/extensions/codeium.codeium-1.22.5/dist/extension.js:2:1530152)
	at d (/home/dastarruer/.vscode/extensions/codeium.codeium-1.22.5/dist/extension.js:2:1518292)
	at Generator.<anonymous> (/home/dastarruer/.vscode/extensions/codeium.codeium-1.22.5/dist/extension.js:2:1519634)
	at Generator.next (/home/dastarruer/.vscode/extensions/codeium.codeium-1.22.5/dist/extension.js:2:1518721)
	at s (/home/dastarruer/.vscode/extensions/codeium.codeium-1.22.5/dist/extension.js:2:1525208)
	at a (/home/dastarruer/.vscode/extensions/codeium.codeium-1.22.5/dist/extension.js:2:1525411)
	at /home/dastarruer/.vscode/extensions/codeium.codeium-1.22.5/dist/extension.js:2:1525470
	at new Promise (<anonymous>)
	at e.<anonymous> (/home/dastarruer/.vscode/extensions/codeium.codeium-1.22.5/dist/extension.js:2:1525351)
	at e.<anonymous> (/home/dastarruer/.vscode/extensions/codeium.codeium-1.22.5/dist/extension.js:2:1530395)
	at Immediate.<anonymous> (/home/dastarruer/.vscode/extensions/codeium.codeium-1.22.5/dist/extension.js:2:1527813)
	at process.processImmediate (node:internal/timers:483:21)
2024-10-28 22:33:57.157 [error] Error: Illegal value for `line`
	at TF.t (file:///usr/share/code/resources/app/out/vs/workbench/api/node/extensionHostProcess.js:121:1005)
	at Object.lineAt (file:///usr/share/code/resources/app/out/vs/workbench/api/node/extensionHostProcess.js:121:72)
	at e.getCommandEditHints (/home/dastarruer/.vscode/extensions/codeium.codeium-1.22.5/dist/extension.js:2:1585065)
	at e.getNonCachedDocumentResults (/home/dastarruer/.vscode/extensions/codeium.codeium-1.22.5/dist/extension.js:2:1586744)
	at e.<anonymous> (/home/dastarruer/.vscode/extensions/codeium.codeium-1.22.5/dist/extension.js:2:1587809)
	at d (/home/dastarruer/.vscode/extensions/codeium.codeium-1.22.5/dist/extension.js:2:1573032)
	at Generator.<anonymous> (/home/dastarruer/.vscode/extensions/codeium.codeium-1.22.5/dist/extension.js:2:1574374)
	at Generator.next (/home/dastarruer/.vscode/extensions/codeium.codeium-1.22.5/dist/extension.js:2:1573461)
	at a (/home/dastarruer/.vscode/extensions/codeium.codeium-1.22.5/dist/extension.js:2:1579588)
	at s (/home/dastarruer/.vscode/extensions/codeium.codeium-1.22.5/dist/extension.js:2:1579791)
	at /home/dastarruer/.vscode/extensions/codeium.codeium-1.22.5/dist/extension.js:2:1579850
	at new Promise (<anonymous>)
	at e.<anonymous> (/home/dastarruer/.vscode/extensions/codeium.codeium-1.22.5/dist/extension.js:2:1579731)
	at e.<anonymous> (/home/dastarruer/.vscode/extensions/codeium.codeium-1.22.5/dist/extension.js:2:1588383)
	at e.<anonymous> (/home/dastarruer/.vscode/extensions/codeium.codeium-1.22.5/dist/extension.js:2:1530960)
	at d (/home/dastarruer/.vscode/extensions/codeium.codeium-1.22.5/dist/extension.js:2:1518292)
	at Generator.<anonymous> (/home/dastarruer/.vscode/extensions/codeium.codeium-1.22.5/dist/extension.js:2:1519634)
	at Generator.next (/home/dastarruer/.vscode/extensions/codeium.codeium-1.22.5/dist/extension.js:2:1518721)
	at s (/home/dastarruer/.vscode/extensions/codeium.codeium-1.22.5/dist/extension.js:2:1525208)
	at a (/home/dastarruer/.vscode/extensions/codeium.codeium-1.22.5/dist/extension.js:2:1525411)
	at /home/dastarruer/.vscode/extensions/codeium.codeium-1.22.5/dist/extension.js:2:1525470
	at new Promise (<anonymous>)
	at e.<anonymous> (/home/dastarruer/.vscode/extensions/codeium.codeium-1.22.5/dist/extension.js:2:1525351)
	at e.<anonymous> (/home/dastarruer/.vscode/extensions/codeium.codeium-1.22.5/dist/extension.js:2:1531583)
	at e.<anonymous> (/home/dastarruer/.vscode/extensions/codeium.codeium-1.22.5/dist/extension.js:2:1530152)
	at d (/home/dastarruer/.vscode/extensions/codeium.codeium-1.22.5/dist/extension.js:2:1518292)
	at Generator.<anonymous> (/home/dastarruer/.vscode/extensions/codeium.codeium-1.22.5/dist/extension.js:2:1519634)
	at Generator.next (/home/dastarruer/.vscode/extensions/codeium.codeium-1.22.5/dist/extension.js:2:1518721)
	at s (/home/dastarruer/.vscode/extensions/codeium.codeium-1.22.5/dist/extension.js:2:1525208)
	at a (/home/dastarruer/.vscode/extensions/codeium.codeium-1.22.5/dist/extension.js:2:1525411)
	at /home/dastarruer/.vscode/extensions/codeium.codeium-1.22.5/dist/extension.js:2:1525470
	at new Promise (<anonymous>)
	at e.<anonymous> (/home/dastarruer/.vscode/extensions/codeium.codeium-1.22.5/dist/extension.js:2:1525351)
	at e.<anonymous> (/home/dastarruer/.vscode/extensions/codeium.codeium-1.22.5/dist/extension.js:2:1530395)
	at Immediate.<anonymous> (/home/dastarruer/.vscode/extensions/codeium.codeium-1.22.5/dist/extension.js:2:1527813)
	at process.processImmediate (node:internal/timers:483:21)
2024-10-29 10:58:59.848 [info] ExtensionService#_doActivateExtension tamasfe.even-better-toml, startup: false, activationEvent: 'onLanguage:toml'
