(VSCode) 2024-10-29 13:22:16.093 [INFO]: No proxy settings found
(VSCode) 2024-10-29 13:22:16.745 [INFO]: Checking network connection...
(VSCode) 2024-10-29 13:22:22.730 [INFO]: No Network Issue connecting to https://server.codeium.com
(VSCode) 2024-10-29 13:22:23.255 [INFO]: Creating manager directory: /tmp/6a4aed25-48db-49ba-a18f-67cf5193ec7a/codeium/manager
(VSCode) 2024-10-29 13:22:23.509 [INFO]: Using cached LS with valid crc32: /home/dastarruer/.vscode/extensions/codeium.codeium-1.22.5/dist/1347d6f7fffdaec404d99b3f0ca3d8854448c787/language_server_linux_x64
(VSCode) 2024-10-29 13:22:23.518 [INFO]: Language server started
2024/10/29 13:22:23 maxprocs: Leaving GOMAXPROCS=16: CPU quota undefined
I1029 13:22:23.584090  5192 main.go:553] [Language Server Manager] Setting GOMAXPROCS to 16
I1029 13:22:23.584163  5192 main.go:667] [Language Server Manager] Release 1.22.5 (1347d6f7fffdaec404d99b3f0ca3d8854448c787)
I1029 13:22:23.584179  5192 main.go:746] [Language Server Manager] Starting language server manager with pid 5192
I1029 13:22:23.584333  5192 main.go:120] [Language Server Manager] Manager acquired its lock file /tmp/6a4aed25-48db-49ba-a18f-67cf5193ec7a/codeium/manager/locks/manager.lock
I1029 13:22:23.585272  5192 main.go:259] [Language Server Manager] Waiting for random port file in /tmp/6a4aed25-48db-49ba-a18f-67cf5193ec7a/codeium/manager/child_random_port_1730222543584712033_2079810271741168614 to be created
2024/10/29 13:22:23 maxprocs: Leaving GOMAXPROCS=16: CPU quota undefined
I1029 13:22:23.652106  5210 main.go:553] Setting GOMAXPROCS to 4
I1029 13:22:23.652228  5210 main.go:740] Starting language server process with pid 5210
I1029 13:22:23.652250  5210 server.go:183] Language server will attempt to listen on host 127.0.0.1
I1029 13:22:23.652378  5210 server.go:190] Language server listening on random port at 38977
I1029 13:22:24.012114  5210 unleash.go:93] Initializing Unleash
I1029 13:22:24.371364  5210 unleash.go:113] Successfully initialized Unleash
E1029 13:22:24.382917  5210 client_manager.go:275] Metadata is nil when trying to refresh user JWT
I1029 13:22:24.383630  5210 server.go:441] Successfully created API server client
I1029 13:22:24.412869  5210 server.go:456] Successfully initialized tokenizer
I1029 13:22:24.505585  5210 server.go:613] Local search is enabled, will index local files.
I1029 13:22:24.505627  5210 server.go:617] Using 4 indexer workers
I1029 13:22:24.508265  5210 sqlite_faiss_db_client.go:64] Successfully created embedding search database in 2ms
I1029 13:22:24.508445  5210 indexer.go:213] Using 4 embed workers
I1029 13:22:24.508486  5210 search_provider.go:274] Successfully created and started indexer
I1029 13:22:24.508502  5210 search_provider.go:304] Successfully created embedding search provider
I1029 13:22:24.512067  5210 server.go:703] Successfully created completion provider
I1029 13:22:24.512091  5210 server.go:752] Child process attempting to acquire lock file /tmp/6a4aed25-48db-49ba-a18f-67cf5193ec7a/codeium/manager/locks/child_lock_1730222543584804990_4896606438431542528
I1029 13:22:24.512140  5210 server.go:760] Child process acquired lock file /tmp/6a4aed25-48db-49ba-a18f-67cf5193ec7a/codeium/manager/locks/child_lock_1730222543584804990_4896606438431542528
I1029 13:22:24.520147  5210 server.go:265] LSP listening on random port at 41021
I1029 13:22:24.525132  5210 web_server.go:259] Chat Web Server listening at ws://127.0.0.1:40303
41021
I1029 13:22:24.589817  5192 main.go:295] [Language Server Manager] Found random server port 38977
I1029 13:22:24.589915  5192 main.go:296] [Language Server Manager] Found random lsp port 41021
I1029 13:22:24.589954  5192 main.go:303] [Language Server Manager] Attempting to connect to language server at 127.0.0.1:38977
I1029 13:22:24.602831  5192 main.go:174] [Language Server Manager] Fixing language server port at 38977
I1029 13:22:24.602854  5192 main.go:355] [Language Server Manager] Successfully connected to new language server at 127.0.0.1:38977
(VSCode) 2024-10-29 13:22:24.623 [INFO]: Found language server running on port 38977
(VSCode) 2024-10-29 13:22:25.010 [INFO]: openAllTextDocuments took 3.157669000000169ms
(VSCode) 2024-10-29 13:29:26.988 [INFO]: Disposing language server process
(VSCode) 2024-10-29 13:29:26.988 [INFO]: Deleting manager directory: /tmp/6a4aed25-48db-49ba-a18f-67cf5193ec7a/codeium/manager
(VSCode) 2024-10-29 13:29:26.989 [INFO]: Successfully disposed language server
W1029 13:29:26.988750  5192 main.go:124] [Language Server Manager] Got signal terminated, shutting down
