(VSCode) 2024-10-29 15:02:23.175 [INFO]: No proxy settings found
(VSCode) 2024-10-29 11:02:30.623 [ERROR]: Failed to initialize Unleash: undefined
(VSCode) 2024-10-29 11:02:30.624 [INFO]: Checking network connection...
(VSCode) 2024-10-29 11:02:31.990 [INFO]: No Network Issue connecting to https://server.codeium.com
(VSCode) 2024-10-29 11:02:32.549 [INFO]: Creating manager directory: /tmp/7aa63136-5d5f-4037-b902-7a4f853d9da1/codeium/manager
(VSCode) 2024-10-29 11:02:33.180 [INFO]: Using cached LS with valid crc32: /home/dastarruer/.vscode/extensions/codeium.codeium-1.22.5/dist/1347d6f7fffdaec404d99b3f0ca3d8854448c787/language_server_linux_x64
(VSCode) 2024-10-29 11:02:33.196 [INFO]: Language server started
2024/10/29 11:02:33 maxprocs: Leaving GOMAXPROCS=16: CPU quota undefined
I1029 11:02:33.349474  3200 main.go:553] [Language Server Manager] Setting GOMAXPROCS to 16
I1029 11:02:33.349621  3200 main.go:667] [Language Server Manager] Release 1.22.5 (1347d6f7fffdaec404d99b3f0ca3d8854448c787)
I1029 11:02:33.349655  3200 main.go:746] [Language Server Manager] Starting language server manager with pid 3200
I1029 11:02:33.350024  3200 main.go:120] [Language Server Manager] Manager acquired its lock file /tmp/7aa63136-5d5f-4037-b902-7a4f853d9da1/codeium/manager/locks/manager.lock
I1029 11:02:33.351238  3200 main.go:259] [Language Server Manager] Waiting for random port file in /tmp/7aa63136-5d5f-4037-b902-7a4f853d9da1/codeium/manager/child_random_port_1730214153350298014_4524435605929621618 to be created
2024/10/29 11:02:33 maxprocs: Leaving GOMAXPROCS=16: CPU quota undefined
I1029 11:02:33.496243  3218 main.go:553] Setting GOMAXPROCS to 4
I1029 11:02:33.496489  3218 main.go:740] Starting language server process with pid 3218
I1029 11:02:33.496534  3218 server.go:183] Language server will attempt to listen on host 127.0.0.1
I1029 11:02:33.496742  3218 server.go:190] Language server listening on random port at 36947
I1029 11:02:33.867586  3218 unleash.go:93] Initializing Unleash
I1029 11:02:34.207589  3218 unleash.go:113] Successfully initialized Unleash
E1029 11:02:34.226713  3218 client_manager.go:275] Metadata is nil when trying to refresh user JWT
I1029 11:02:34.227465  3218 server.go:441] Successfully created API server client
I1029 11:02:34.284941  3218 server.go:456] Successfully initialized tokenizer
I1029 11:02:34.455185  3218 server.go:613] Local search is enabled, will index local files.
I1029 11:02:34.455236  3218 server.go:617] Using 4 indexer workers
I1029 11:02:34.460167  3218 sqlite_faiss_db_client.go:64] Successfully created embedding search database in 4ms
I1029 11:02:34.460534  3218 indexer.go:213] Using 4 embed workers
I1029 11:02:34.460620  3218 search_provider.go:274] Successfully created and started indexer
I1029 11:02:34.460653  3218 search_provider.go:304] Successfully created embedding search provider
I1029 11:02:34.468352  3218 server.go:703] Successfully created completion provider
I1029 11:02:34.468394  3218 server.go:752] Child process attempting to acquire lock file /tmp/7aa63136-5d5f-4037-b902-7a4f853d9da1/codeium/manager/locks/child_lock_1730214153350412483_1074715835272896372
I1029 11:02:34.468481  3218 server.go:760] Child process acquired lock file /tmp/7aa63136-5d5f-4037-b902-7a4f853d9da1/codeium/manager/locks/child_lock_1730214153350412483_1074715835272896372
I1029 11:02:34.483446  3218 server.go:265] LSP listening on random port at 34505
I1029 11:02:34.494712  3218 web_server.go:259] Chat Web Server listening at ws://127.0.0.1:40767
34505
I1029 11:02:34.559196  3200 main.go:295] [Language Server Manager] Found random server port 36947
I1029 11:02:34.559299  3200 main.go:296] [Language Server Manager] Found random lsp port 34505
I1029 11:02:34.559335  3200 main.go:303] [Language Server Manager] Attempting to connect to language server at 127.0.0.1:36947
I1029 11:02:34.573165  3200 main.go:174] [Language Server Manager] Fixing language server port at 36947
I1029 11:02:34.573197  3200 main.go:355] [Language Server Manager] Successfully connected to new language server at 127.0.0.1:36947
(VSCode) 2024-10-29 11:02:34.618 [INFO]: Found language server running on port 36947
(VSCode) 2024-10-29 11:02:35.024 [INFO]: openAllTextDocuments took 6.810851999998704ms
(VSCode) 2024-10-29 11:04:29.238 [INFO]: Codeium is not enabled for the current document.
(VSCode) 2024-10-29 11:04:30.544 [INFO]: Codeium is not enabled for the current document.
(VSCode) 2024-10-29 11:04:32.917 [INFO]: Codeium is not enabled for the current document.
(VSCode) 2024-10-29 11:04:49.924 [INFO]: Codeium is not enabled for the current document.
(VSCode) 2024-10-29 11:04:51.916 [INFO]: Codeium is not enabled for the current document.
(VSCode) 2024-10-29 11:04:52.059 [INFO]: Codeium is not enabled for the current document.
(VSCode) 2024-10-29 11:04:52.137 [INFO]: Codeium is not enabled for the current document.
(VSCode) 2024-10-29 11:04:52.380 [INFO]: Codeium is not enabled for the current document.
(VSCode) 2024-10-29 11:05:27.854 [INFO]: Codeium is not enabled for the current document.
(VSCode) 2024-10-29 11:05:32.912 [INFO]: Codeium is not enabled for the current document.
(VSCode) 2024-10-29 11:05:34.184 [INFO]: Codeium is not enabled for the current document.
(VSCode) 2024-10-29 11:05:59.825 [INFO]: Codeium is not enabled for the current document.
(VSCode) 2024-10-29 11:06:00.390 [INFO]: Codeium is not enabled for the current document.
(VSCode) 2024-10-29 11:06:00.547 [INFO]: Codeium is not enabled for the current document.
(VSCode) 2024-10-29 11:06:00.693 [INFO]: Codeium is not enabled for the current document.
(VSCode) 2024-10-29 11:06:00.814 [INFO]: Codeium is not enabled for the current document.
(VSCode) 2024-10-29 11:06:01.319 [INFO]: Codeium is not enabled for the current document.
(VSCode) 2024-10-29 11:06:01.458 [INFO]: Codeium is not enabled for the current document.
(VSCode) 2024-10-29 11:06:01.658 [INFO]: Codeium is not enabled for the current document.
(VSCode) 2024-10-29 11:06:01.891 [INFO]: Codeium is not enabled for the current document.
(VSCode) 2024-10-29 11:06:02.267 [INFO]: Codeium is not enabled for the current document.
(VSCode) 2024-10-29 11:06:02.557 [INFO]: Codeium is not enabled for the current document.
(VSCode) 2024-10-29 11:06:02.894 [INFO]: Codeium is not enabled for the current document.
(VSCode) 2024-10-29 11:06:03.117 [INFO]: Codeium is not enabled for the current document.
(VSCode) 2024-10-29 11:06:03.205 [INFO]: Codeium is not enabled for the current document.
(VSCode) 2024-10-29 11:06:03.313 [INFO]: Codeium is not enabled for the current document.
(VSCode) 2024-10-29 11:06:04.410 [INFO]: Codeium is not enabled for the current document.
(VSCode) 2024-10-29 11:06:14.652 [INFO]: Codeium is not enabled for the current document.
(VSCode) 2024-10-29 11:06:14.883 [INFO]: Codeium is not enabled for the current document.
(VSCode) 2024-10-29 11:06:15.100 [INFO]: Codeium is not enabled for the current document.
(VSCode) 2024-10-29 11:06:15.548 [INFO]: Codeium is not enabled for the current document.
(VSCode) 2024-10-29 11:06:20.434 [INFO]: Codeium is not enabled for the current document.
(VSCode) 2024-10-29 11:06:20.674 [INFO]: Codeium is not enabled for the current document.
(VSCode) 2024-10-29 11:06:20.891 [INFO]: Codeium is not enabled for the current document.
(VSCode) 2024-10-29 11:06:21.108 [INFO]: Codeium is not enabled for the current document.
(VSCode) 2024-10-29 11:09:34.320 [INFO]: Codeium is not enabled for the current document.
(VSCode) 2024-10-29 11:09:34.555 [INFO]: Codeium is not enabled for the current document.
(VSCode) 2024-10-29 11:11:36.193 [ERROR]: Illegal value for `line`
(VSCode) 2024-10-29 11:11:36.236 [INFO]: Codeium is not enabled for the current document.
(VSCode) 2024-10-29 11:11:36.661 [INFO]: Codeium is not enabled for the current document.
(VSCode) 2024-10-29 11:11:36.871 [INFO]: Codeium is not enabled for the current document.
(VSCode) 2024-10-29 11:11:52.996 [INFO]: Codeium is not enabled for the current document.
(VSCode) 2024-10-29 11:11:53.447 [INFO]: Codeium is not enabled for the current document.
(VSCode) 2024-10-29 11:11:54.507 [INFO]: Codeium is not enabled for the current document.
(VSCode) 2024-10-29 11:11:54.988 [INFO]: Codeium is not enabled for the current document.
(VSCode) 2024-10-29 11:11:55.757 [INFO]: Codeium is not enabled for the current document.
(VSCode) 2024-10-29 11:11:56.052 [INFO]: Codeium is not enabled for the current document.
(VSCode) 2024-10-29 11:11:56.140 [INFO]: Codeium is not enabled for the current document.
(VSCode) 2024-10-29 11:11:56.348 [INFO]: Codeium is not enabled for the current document.
(VSCode) 2024-10-29 11:11:56.546 [INFO]: Codeium is not enabled for the current document.
(VSCode) 2024-10-29 11:11:56.628 [INFO]: Codeium is not enabled for the current document.
(VSCode) 2024-10-29 11:11:56.777 [INFO]: Codeium is not enabled for the current document.
(VSCode) 2024-10-29 11:11:57.779 [INFO]: Codeium is not enabled for the current document.
(VSCode) 2024-10-29 11:12:45.128 [INFO]: Codeium is not enabled for the current document.
(VSCode) 2024-10-29 11:12:45.231 [INFO]: Codeium is not enabled for the current document.
(VSCode) 2024-10-29 11:12:45.729 [INFO]: Codeium is not enabled for the current document.
(VSCode) 2024-10-29 11:12:46.238 [INFO]: Codeium is not enabled for the current document.
(VSCode) 2024-10-29 11:12:46.540 [INFO]: Codeium is not enabled for the current document.
(VSCode) 2024-10-29 11:12:46.894 [INFO]: Codeium is not enabled for the current document.
(VSCode) 2024-10-29 11:12:47.277 [INFO]: Codeium is not enabled for the current document.
(VSCode) 2024-10-29 11:12:47.529 [INFO]: Codeium is not enabled for the current document.
(VSCode) 2024-10-29 11:12:47.624 [INFO]: Codeium is not enabled for the current document.
(VSCode) 2024-10-29 11:12:47.828 [INFO]: Codeium is not enabled for the current document.
(VSCode) 2024-10-29 11:12:47.908 [INFO]: Codeium is not enabled for the current document.
(VSCode) 2024-10-29 11:12:48.073 [INFO]: Codeium is not enabled for the current document.
(VSCode) 2024-10-29 11:12:48.255 [INFO]: Codeium is not enabled for the current document.
(VSCode) 2024-10-29 11:12:48.478 [INFO]: Codeium is not enabled for the current document.
(VSCode) 2024-10-29 11:12:48.650 [INFO]: Codeium is not enabled for the current document.
(VSCode) 2024-10-29 11:12:48.954 [INFO]: Codeium is not enabled for the current document.
(VSCode) 2024-10-29 11:12:49.122 [INFO]: Codeium is not enabled for the current document.
(VSCode) 2024-10-29 11:12:59.638 [INFO]: Codeium is not enabled for the current document.
(VSCode) 2024-10-29 11:13:01.106 [INFO]: Codeium is not enabled for the current document.
(VSCode) 2024-10-29 11:13:02.374 [INFO]: Codeium is not enabled for the current document.
(VSCode) 2024-10-29 11:13:04.011 [INFO]: Codeium is not enabled for the current document.
(VSCode) 2024-10-29 11:13:53.011 [INFO]: Codeium is not enabled for the current document.
(VSCode) 2024-10-29 11:13:53.297 [INFO]: Codeium is not enabled for the current document.
(VSCode) 2024-10-29 11:13:53.481 [INFO]: Codeium is not enabled for the current document.
(VSCode) 2024-10-29 11:13:53.575 [INFO]: Codeium is not enabled for the current document.
(VSCode) 2024-10-29 11:13:53.756 [INFO]: Codeium is not enabled for the current document.
(VSCode) 2024-10-29 11:13:53.854 [INFO]: Codeium is not enabled for the current document.
(VSCode) 2024-10-29 11:13:53.973 [INFO]: Codeium is not enabled for the current document.
(VSCode) 2024-10-29 11:13:54.171 [INFO]: Codeium is not enabled for the current document.
(VSCode) 2024-10-29 11:13:58.160 [INFO]: Codeium is not enabled for the current document.
(VSCode) 2024-10-29 11:14:01.993 [INFO]: Codeium is not enabled for the current document.
(VSCode) 2024-10-29 11:14:02.067 [INFO]: Codeium is not enabled for the current document.
(VSCode) 2024-10-29 11:14:02.189 [INFO]: Codeium is not enabled for the current document.
(VSCode) 2024-10-29 11:14:02.315 [INFO]: Codeium is not enabled for the current document.
(VSCode) 2024-10-29 11:14:02.531 [INFO]: Codeium is not enabled for the current document.
(VSCode) 2024-10-29 11:14:02.811 [INFO]: Codeium is not enabled for the current document.
(VSCode) 2024-10-29 11:14:02.908 [INFO]: Codeium is not enabled for the current document.
(VSCode) 2024-10-29 11:14:03.060 [INFO]: Codeium is not enabled for the current document.
(VSCode) 2024-10-29 11:14:03.120 [INFO]: Codeium is not enabled for the current document.
(VSCode) 2024-10-29 11:14:03.209 [INFO]: Codeium is not enabled for the current document.
(VSCode) 2024-10-29 11:14:03.446 [INFO]: Codeium is not enabled for the current document.
(VSCode) 2024-10-29 11:14:03.654 [INFO]: Codeium is not enabled for the current document.
(VSCode) 2024-10-29 11:14:05.512 [INFO]: Codeium is not enabled for the current document.
(VSCode) 2024-10-29 11:14:05.793 [INFO]: Codeium is not enabled for the current document.
(VSCode) 2024-10-29 11:14:06.585 [INFO]: Codeium is not enabled for the current document.
(VSCode) 2024-10-29 11:14:27.490 [INFO]: Codeium is not enabled for the current document.
(VSCode) 2024-10-29 11:14:27.860 [INFO]: Codeium is not enabled for the current document.
(VSCode) 2024-10-29 11:14:46.944 [INFO]: Codeium is not enabled for the current document.
(VSCode) 2024-10-29 11:14:47.364 [INFO]: Codeium is not enabled for the current document.
(VSCode) 2024-10-29 11:14:47.446 [INFO]: Codeium is not enabled for the current document.
(VSCode) 2024-10-29 11:14:47.537 [INFO]: Codeium is not enabled for the current document.
(VSCode) 2024-10-29 11:14:47.708 [INFO]: Codeium is not enabled for the current document.
(VSCode) 2024-10-29 11:14:47.790 [INFO]: Codeium is not enabled for the current document.
(VSCode) 2024-10-29 11:14:47.991 [INFO]: Codeium is not enabled for the current document.
(VSCode) 2024-10-29 11:14:48.116 [INFO]: Codeium is not enabled for the current document.
(VSCode) 2024-10-29 11:14:48.526 [INFO]: Codeium is not enabled for the current document.
(VSCode) 2024-10-29 11:14:48.641 [INFO]: Codeium is not enabled for the current document.
(VSCode) 2024-10-29 11:14:49.536 [INFO]: Codeium is not enabled for the current document.
(VSCode) 2024-10-29 11:15:04.936 [INFO]: Codeium is not enabled for the current document.
(VSCode) 2024-10-29 11:15:06.020 [INFO]: Codeium is not enabled for the current document.
(VSCode) 2024-10-29 11:15:10.089 [INFO]: Codeium is not enabled for the current document.
(VSCode) 2024-10-29 11:15:10.530 [INFO]: Codeium is not enabled for the current document.
(VSCode) 2024-10-29 11:15:10.629 [INFO]: Codeium is not enabled for the current document.
(VSCode) 2024-10-29 11:15:10.848 [INFO]: Codeium is not enabled for the current document.
(VSCode) 2024-10-29 11:15:11.024 [INFO]: Codeium is not enabled for the current document.
(VSCode) 2024-10-29 11:15:11.097 [INFO]: Codeium is not enabled for the current document.
(VSCode) 2024-10-29 11:15:11.271 [INFO]: Codeium is not enabled for the current document.
(VSCode) 2024-10-29 11:15:11.381 [INFO]: Codeium is not enabled for the current document.
(VSCode) 2024-10-29 11:15:11.672 [INFO]: Codeium is not enabled for the current document.
(VSCode) 2024-10-29 11:15:11.827 [INFO]: Codeium is not enabled for the current document.
(VSCode) 2024-10-29 11:15:11.946 [INFO]: Codeium is not enabled for the current document.
(VSCode) 2024-10-29 11:15:12.104 [INFO]: Codeium is not enabled for the current document.
(VSCode) 2024-10-29 11:15:12.193 [INFO]: Codeium is not enabled for the current document.
(VSCode) 2024-10-29 11:15:12.295 [INFO]: Codeium is not enabled for the current document.
(VSCode) 2024-10-29 11:15:12.412 [INFO]: Codeium is not enabled for the current document.
(VSCode) 2024-10-29 11:15:13.447 [INFO]: Codeium is not enabled for the current document.
(VSCode) 2024-10-29 11:15:22.494 [INFO]: Codeium is not enabled for the current document.
(VSCode) 2024-10-29 11:15:22.689 [INFO]: Codeium is not enabled for the current document.
(VSCode) 2024-10-29 11:15:34.784 [INFO]: Codeium is not enabled for the current document.
(VSCode) 2024-10-29 11:15:41.529 [INFO]: Codeium is not enabled for the current document.
(VSCode) 2024-10-29 11:15:41.620 [INFO]: Codeium is not enabled for the current document.
(VSCode) 2024-10-29 11:15:41.919 [INFO]: Codeium is not enabled for the current document.
(VSCode) 2024-10-29 11:15:42.210 [INFO]: Codeium is not enabled for the current document.
(VSCode) 2024-10-29 11:15:42.599 [INFO]: Codeium is not enabled for the current document.
(VSCode) 2024-10-29 11:15:42.976 [INFO]: Codeium is not enabled for the current document.
(VSCode) 2024-10-29 11:15:43.104 [INFO]: Codeium is not enabled for the current document.
(VSCode) 2024-10-29 11:16:37.779 [INFO]: Codeium is not enabled for the current document.
(VSCode) 2024-10-29 11:16:37.917 [INFO]: Codeium is not enabled for the current document.
(VSCode) 2024-10-29 11:16:38.063 [INFO]: Codeium is not enabled for the current document.
(VSCode) 2024-10-29 11:16:38.246 [INFO]: Codeium is not enabled for the current document.
(VSCode) 2024-10-29 11:16:39.026 [INFO]: Codeium is not enabled for the current document.
(VSCode) 2024-10-29 11:16:39.136 [INFO]: Codeium is not enabled for the current document.
(VSCode) 2024-10-29 11:16:39.253 [INFO]: Codeium is not enabled for the current document.
(VSCode) 2024-10-29 11:16:39.334 [INFO]: Codeium is not enabled for the current document.
(VSCode) 2024-10-29 11:16:39.661 [INFO]: Codeium is not enabled for the current document.
(VSCode) 2024-10-29 11:16:40.363 [INFO]: Codeium is not enabled for the current document.
(VSCode) 2024-10-29 11:16:40.456 [INFO]: Codeium is not enabled for the current document.
(VSCode) 2024-10-29 11:16:40.555 [INFO]: Codeium is not enabled for the current document.
(VSCode) 2024-10-29 11:16:40.759 [INFO]: Codeium is not enabled for the current document.
(VSCode) 2024-10-29 11:16:41.126 [INFO]: Codeium is not enabled for the current document.
(VSCode) 2024-10-29 11:18:16.181 [INFO]: Codeium is not enabled for the current document.
(VSCode) 2024-10-29 11:18:16.706 [INFO]: Codeium is not enabled for the current document.
(VSCode) 2024-10-29 11:18:17.078 [INFO]: Codeium is not enabled for the current document.
(VSCode) 2024-10-29 11:18:17.332 [INFO]: Codeium is not enabled for the current document.
(VSCode) 2024-10-29 11:18:17.566 [INFO]: Codeium is not enabled for the current document.
(VSCode) 2024-10-29 11:18:18.115 [INFO]: Codeium is not enabled for the current document.
(VSCode) 2024-10-29 11:18:20.149 [INFO]: Codeium is not enabled for the current document.
(VSCode) 2024-10-29 11:18:21.126 [INFO]: Codeium is not enabled for the current document.
(VSCode) 2024-10-29 11:18:21.308 [INFO]: Codeium is not enabled for the current document.
(VSCode) 2024-10-29 11:18:21.393 [INFO]: Codeium is not enabled for the current document.
(VSCode) 2024-10-29 11:18:21.586 [INFO]: Codeium is not enabled for the current document.
(VSCode) 2024-10-29 11:18:21.750 [INFO]: Codeium is not enabled for the current document.
(VSCode) 2024-10-29 11:18:21.833 [INFO]: Codeium is not enabled for the current document.
(VSCode) 2024-10-29 11:18:21.938 [INFO]: Codeium is not enabled for the current document.
(VSCode) 2024-10-29 11:18:22.103 [INFO]: Codeium is not enabled for the current document.
(VSCode) 2024-10-29 11:18:22.356 [INFO]: Codeium is not enabled for the current document.
(VSCode) 2024-10-29 11:18:22.519 [INFO]: Codeium is not enabled for the current document.
(VSCode) 2024-10-29 11:18:22.595 [INFO]: Codeium is not enabled for the current document.
(VSCode) 2024-10-29 11:18:22.704 [INFO]: Codeium is not enabled for the current document.
(VSCode) 2024-10-29 11:18:22.782 [INFO]: Codeium is not enabled for the current document.
(VSCode) 2024-10-29 11:18:22.855 [INFO]: Codeium is not enabled for the current document.
(VSCode) 2024-10-29 11:18:24.248 [INFO]: Codeium is not enabled for the current document.
(VSCode) 2024-10-29 11:18:36.392 [INFO]: Codeium is not enabled for the current document.
(VSCode) 2024-10-29 11:18:36.536 [INFO]: Codeium is not enabled for the current document.
(VSCode) 2024-10-29 11:18:36.622 [INFO]: Codeium is not enabled for the current document.
(VSCode) 2024-10-29 11:18:36.781 [INFO]: Codeium is not enabled for the current document.
(VSCode) 2024-10-29 11:18:37.464 [INFO]: Codeium is not enabled for the current document.
(VSCode) 2024-10-29 11:18:37.615 [INFO]: Codeium is not enabled for the current document.
(VSCode) 2024-10-29 11:18:38.015 [INFO]: Codeium is not enabled for the current document.
(VSCode) 2024-10-29 11:18:38.204 [INFO]: Codeium is not enabled for the current document.
(VSCode) 2024-10-29 11:18:38.738 [INFO]: Codeium is not enabled for the current document.
(VSCode) 2024-10-29 11:18:46.633 [INFO]: Codeium is not enabled for the current document.
(VSCode) 2024-10-29 11:18:47.797 [INFO]: Codeium is not enabled for the current document.
(VSCode) 2024-10-29 11:18:47.884 [INFO]: Codeium is not enabled for the current document.
(VSCode) 2024-10-29 11:18:48.066 [INFO]: Codeium is not enabled for the current document.
(VSCode) 2024-10-29 11:18:48.202 [INFO]: Codeium is not enabled for the current document.
(VSCode) 2024-10-29 11:18:48.503 [INFO]: Codeium is not enabled for the current document.
(VSCode) 2024-10-29 11:18:48.665 [INFO]: Codeium is not enabled for the current document.
(VSCode) 2024-10-29 11:18:49.005 [INFO]: Codeium is not enabled for the current document.
(VSCode) 2024-10-29 11:18:55.040 [INFO]: Codeium is not enabled for the current document.
(VSCode) 2024-10-29 11:18:56.019 [INFO]: Codeium is not enabled for the current document.
(VSCode) 2024-10-29 11:18:56.190 [INFO]: Codeium is not enabled for the current document.
(VSCode) 2024-10-29 11:18:56.282 [INFO]: Codeium is not enabled for the current document.
(VSCode) 2024-10-29 11:18:56.438 [INFO]: Codeium is not enabled for the current document.
(VSCode) 2024-10-29 11:18:56.508 [INFO]: Codeium is not enabled for the current document.
(VSCode) 2024-10-29 11:18:56.660 [INFO]: Codeium is not enabled for the current document.
(VSCode) 2024-10-29 11:18:56.969 [INFO]: Codeium is not enabled for the current document.
(VSCode) 2024-10-29 11:18:57.115 [INFO]: Codeium is not enabled for the current document.
(VSCode) 2024-10-29 11:18:57.432 [INFO]: Codeium is not enabled for the current document.
(VSCode) 2024-10-29 11:19:05.367 [INFO]: Codeium is not enabled for the current document.
(VSCode) 2024-10-29 11:19:06.973 [INFO]: Codeium is not enabled for the current document.
(VSCode) 2024-10-29 11:19:07.072 [INFO]: Codeium is not enabled for the current document.
(VSCode) 2024-10-29 11:19:07.155 [INFO]: Codeium is not enabled for the current document.
(VSCode) 2024-10-29 11:19:07.330 [INFO]: Codeium is not enabled for the current document.
(VSCode) 2024-10-29 11:19:07.480 [INFO]: Codeium is not enabled for the current document.
(VSCode) 2024-10-29 11:19:07.564 [INFO]: Codeium is not enabled for the current document.
(VSCode) 2024-10-29 11:19:07.647 [INFO]: Codeium is not enabled for the current document.
(VSCode) 2024-10-29 11:19:08.314 [INFO]: Codeium is not enabled for the current document.
(VSCode) 2024-10-29 11:19:08.475 [INFO]: Codeium is not enabled for the current document.
(VSCode) 2024-10-29 11:19:08.757 [INFO]: Codeium is not enabled for the current document.
(VSCode) 2024-10-29 11:19:15.092 [INFO]: Codeium is not enabled for the current document.
(VSCode) 2024-10-29 11:19:15.851 [INFO]: Codeium is not enabled for the current document.
(VSCode) 2024-10-29 11:19:16.390 [INFO]: Codeium is not enabled for the current document.
(VSCode) 2024-10-29 11:19:36.646 [INFO]: Codeium is not enabled for the current document.
(VSCode) 2024-10-29 11:19:36.781 [INFO]: Codeium is not enabled for the current document.
(VSCode) 2024-10-29 11:19:36.944 [INFO]: Codeium is not enabled for the current document.
(VSCode) 2024-10-29 11:19:37.064 [INFO]: Codeium is not enabled for the current document.
(VSCode) 2024-10-29 11:19:37.173 [INFO]: Codeium is not enabled for the current document.
(VSCode) 2024-10-29 11:19:37.594 [INFO]: Codeium is not enabled for the current document.
(VSCode) 2024-10-29 11:19:37.875 [INFO]: Codeium is not enabled for the current document.
(VSCode) 2024-10-29 11:19:38.210 [INFO]: Codeium is not enabled for the current document.
(VSCode) 2024-10-29 11:19:38.869 [INFO]: Codeium is not enabled for the current document.
(VSCode) 2024-10-29 11:19:39.603 [INFO]: Codeium is not enabled for the current document.
(VSCode) 2024-10-29 11:19:39.747 [INFO]: Codeium is not enabled for the current document.
(VSCode) 2024-10-29 11:19:39.960 [INFO]: Codeium is not enabled for the current document.
(VSCode) 2024-10-29 11:19:40.121 [INFO]: Codeium is not enabled for the current document.
(VSCode) 2024-10-29 11:19:40.252 [INFO]: Codeium is not enabled for the current document.
(VSCode) 2024-10-29 11:19:40.515 [INFO]: Codeium is not enabled for the current document.
(VSCode) 2024-10-29 11:19:41.164 [INFO]: Codeium is not enabled for the current document.
(VSCode) 2024-10-29 11:19:41.504 [INFO]: Codeium is not enabled for the current document.
(VSCode) 2024-10-29 11:19:41.665 [INFO]: Codeium is not enabled for the current document.
(VSCode) 2024-10-29 11:19:41.984 [INFO]: Codeium is not enabled for the current document.
(VSCode) 2024-10-29 11:19:42.963 [INFO]: Codeium is not enabled for the current document.
(VSCode) 2024-10-29 11:19:43.623 [INFO]: Codeium is not enabled for the current document.
(VSCode) 2024-10-29 11:19:43.716 [INFO]: Codeium is not enabled for the current document.
(VSCode) 2024-10-29 11:19:43.798 [INFO]: Codeium is not enabled for the current document.
(VSCode) 2024-10-29 11:19:43.917 [INFO]: Codeium is not enabled for the current document.
(VSCode) 2024-10-29 11:19:44.064 [INFO]: Codeium is not enabled for the current document.
(VSCode) 2024-10-29 11:19:44.454 [INFO]: Codeium is not enabled for the current document.
(VSCode) 2024-10-29 11:19:44.604 [INFO]: Codeium is not enabled for the current document.
(VSCode) 2024-10-29 11:19:44.902 [INFO]: Codeium is not enabled for the current document.
(VSCode) 2024-10-29 11:19:45.515 [INFO]: Codeium is not enabled for the current document.
(VSCode) 2024-10-29 11:19:45.907 [INFO]: Codeium is not enabled for the current document.
(VSCode) 2024-10-29 11:19:45.967 [INFO]: Codeium is not enabled for the current document.
(VSCode) 2024-10-29 11:19:46.085 [INFO]: Codeium is not enabled for the current document.
(VSCode) 2024-10-29 11:19:46.181 [INFO]: Codeium is not enabled for the current document.
(VSCode) 2024-10-29 11:19:46.306 [INFO]: Codeium is not enabled for the current document.
(VSCode) 2024-10-29 11:19:46.463 [INFO]: Codeium is not enabled for the current document.
(VSCode) 2024-10-29 11:19:46.782 [INFO]: Codeium is not enabled for the current document.
(VSCode) 2024-10-29 11:19:46.914 [INFO]: Codeium is not enabled for the current document.
(VSCode) 2024-10-29 11:19:47.297 [INFO]: Codeium is not enabled for the current document.
(VSCode) 2024-10-29 11:20:48.581 [INFO]: Codeium is not enabled for the current document.
(VSCode) 2024-10-29 11:20:48.749 [INFO]: Codeium is not enabled for the current document.
(VSCode) 2024-10-29 11:20:49.469 [INFO]: Codeium is not enabled for the current document.
(VSCode) 2024-10-29 11:21:46.058 [INFO]: Codeium is not enabled for the current document.
(VSCode) 2024-10-29 11:21:46.231 [INFO]: Codeium is not enabled for the current document.
(VSCode) 2024-10-29 11:21:47.853 [INFO]: Codeium is not enabled for the current document.
(VSCode) 2024-10-29 11:21:48.065 [INFO]: Codeium is not enabled for the current document.
(VSCode) 2024-10-29 11:21:48.184 [INFO]: Codeium is not enabled for the current document.
(VSCode) 2024-10-29 11:21:48.272 [INFO]: Codeium is not enabled for the current document.
(VSCode) 2024-10-29 11:21:48.439 [INFO]: Codeium is not enabled for the current document.
(VSCode) 2024-10-29 11:21:48.505 [INFO]: Codeium is not enabled for the current document.
(VSCode) 2024-10-29 11:21:48.636 [INFO]: Codeium is not enabled for the current document.
(VSCode) 2024-10-29 11:21:49.331 [INFO]: Codeium is not enabled for the current document.
(VSCode) 2024-10-29 11:21:56.393 [INFO]: Codeium is not enabled for the current document.
(VSCode) 2024-10-29 11:21:56.459 [INFO]: Codeium is not enabled for the current document.
(VSCode) 2024-10-29 11:21:56.644 [INFO]: Codeium is not enabled for the current document.
(VSCode) 2024-10-29 11:21:56.723 [INFO]: Codeium is not enabled for the current document.
(VSCode) 2024-10-29 11:21:56.825 [INFO]: Codeium is not enabled for the current document.
(VSCode) 2024-10-29 11:21:58.154 [INFO]: Codeium is not enabled for the current document.
(VSCode) 2024-10-29 11:21:58.659 [INFO]: Codeium is not enabled for the current document.
(VSCode) 2024-10-29 11:21:58.833 [INFO]: Codeium is not enabled for the current document.
(VSCode) 2024-10-29 11:21:58.936 [INFO]: Codeium is not enabled for the current document.
(VSCode) 2024-10-29 11:21:59.114 [INFO]: Codeium is not enabled for the current document.
(VSCode) 2024-10-29 11:21:59.200 [INFO]: Codeium is not enabled for the current document.
(VSCode) 2024-10-29 11:21:59.289 [INFO]: Codeium is not enabled for the current document.
(VSCode) 2024-10-29 11:21:59.571 [INFO]: Codeium is not enabled for the current document.
(VSCode) 2024-10-29 11:21:59.730 [INFO]: Codeium is not enabled for the current document.
(VSCode) 2024-10-29 11:22:00.572 [INFO]: Codeium is not enabled for the current document.
(VSCode) 2024-10-29 11:22:00.731 [INFO]: Codeium is not enabled for the current document.
(VSCode) 2024-10-29 11:22:01.107 [INFO]: Codeium is not enabled for the current document.
(VSCode) 2024-10-29 11:22:01.205 [INFO]: Codeium is not enabled for the current document.
(VSCode) 2024-10-29 11:22:01.538 [INFO]: Codeium is not enabled for the current document.
(VSCode) 2024-10-29 11:22:02.982 [INFO]: Codeium is not enabled for the current document.
(VSCode) 2024-10-29 11:22:03.181 [INFO]: Codeium is not enabled for the current document.
(VSCode) 2024-10-29 11:22:03.338 [INFO]: Codeium is not enabled for the current document.
(VSCode) 2024-10-29 11:22:03.432 [INFO]: Codeium is not enabled for the current document.
(VSCode) 2024-10-29 11:22:03.548 [INFO]: Codeium is not enabled for the current document.
(VSCode) 2024-10-29 11:22:03.915 [INFO]: Codeium is not enabled for the current document.
(VSCode) 2024-10-29 11:22:03.976 [INFO]: Codeium is not enabled for the current document.
(VSCode) 2024-10-29 11:22:07.587 [INFO]: Codeium is not enabled for the current document.
(VSCode) 2024-10-29 11:22:07.879 [INFO]: Codeium is not enabled for the current document.
(VSCode) 2024-10-29 11:22:09.647 [INFO]: Codeium is not enabled for the current document.
(VSCode) 2024-10-29 11:22:13.048 [INFO]: Codeium is not enabled for the current document.
(VSCode) 2024-10-29 11:22:14.883 [INFO]: Codeium is not enabled for the current document.
(VSCode) 2024-10-29 11:22:15.338 [INFO]: Codeium is not enabled for the current document.
(VSCode) 2024-10-29 11:22:18.190 [INFO]: Codeium is not enabled for the current document.
(VSCode) 2024-10-29 11:22:18.321 [INFO]: Codeium is not enabled for the current document.
(VSCode) 2024-10-29 11:22:18.659 [INFO]: Codeium is not enabled for the current document.
(VSCode) 2024-10-29 11:22:18.731 [INFO]: Codeium is not enabled for the current document.
(VSCode) 2024-10-29 11:22:18.820 [INFO]: Codeium is not enabled for the current document.
(VSCode) 2024-10-29 11:22:19.060 [INFO]: Codeium is not enabled for the current document.
(VSCode) 2024-10-29 11:22:19.235 [INFO]: Codeium is not enabled for the current document.
(VSCode) 2024-10-29 11:22:21.497 [INFO]: Codeium is not enabled for the current document.
(VSCode) 2024-10-29 11:22:21.665 [INFO]: Codeium is not enabled for the current document.
(VSCode) 2024-10-29 11:22:21.813 [INFO]: Codeium is not enabled for the current document.
(VSCode) 2024-10-29 11:22:21.920 [INFO]: Codeium is not enabled for the current document.
(VSCode) 2024-10-29 11:22:22.068 [INFO]: Codeium is not enabled for the current document.
(VSCode) 2024-10-29 11:22:22.255 [INFO]: Codeium is not enabled for the current document.
(VSCode) 2024-10-29 11:22:22.421 [INFO]: Codeium is not enabled for the current document.
(VSCode) 2024-10-29 11:22:22.568 [INFO]: Codeium is not enabled for the current document.
(VSCode) 2024-10-29 11:22:23.398 [INFO]: Codeium is not enabled for the current document.
(VSCode) 2024-10-29 11:22:23.575 [INFO]: Codeium is not enabled for the current document.
(VSCode) 2024-10-29 11:22:25.723 [INFO]: Codeium is not enabled for the current document.
(VSCode) 2024-10-29 11:22:31.063 [INFO]: Codeium is not enabled for the current document.
(VSCode) 2024-10-29 11:22:31.198 [INFO]: Codeium is not enabled for the current document.
(VSCode) 2024-10-29 11:22:31.413 [INFO]: Codeium is not enabled for the current document.
(VSCode) 2024-10-29 11:22:31.497 [INFO]: Codeium is not enabled for the current document.
(VSCode) 2024-10-29 11:22:31.647 [INFO]: Codeium is not enabled for the current document.
(VSCode) 2024-10-29 11:22:31.831 [INFO]: Codeium is not enabled for the current document.
(VSCode) 2024-10-29 11:22:31.986 [INFO]: Codeium is not enabled for the current document.
(VSCode) 2024-10-29 11:22:41.775 [INFO]: Codeium is not enabled for the current document.
(VSCode) 2024-10-29 11:22:41.915 [INFO]: Codeium is not enabled for the current document.
(VSCode) 2024-10-29 11:25:06.100 [INFO]: Codeium is not enabled for the current document.
(VSCode) 2024-10-29 11:25:06.364 [INFO]: Codeium is not enabled for the current document.
(VSCode) 2024-10-29 11:25:06.980 [INFO]: Codeium is not enabled for the current document.
(VSCode) 2024-10-29 11:25:07.253 [INFO]: Codeium is not enabled for the current document.
(VSCode) 2024-10-29 11:25:07.412 [INFO]: Codeium is not enabled for the current document.
(VSCode) 2024-10-29 11:25:07.516 [INFO]: Codeium is not enabled for the current document.
(VSCode) 2024-10-29 11:25:07.579 [INFO]: Codeium is not enabled for the current document.
(VSCode) 2024-10-29 11:25:07.689 [INFO]: Codeium is not enabled for the current document.
(VSCode) 2024-10-29 11:25:08.203 [INFO]: Codeium is not enabled for the current document.
(VSCode) 2024-10-29 11:25:10.524 [INFO]: Codeium is not enabled for the current document.
(VSCode) 2024-10-29 11:25:10.797 [INFO]: Codeium is not enabled for the current document.
(VSCode) 2024-10-29 11:25:10.928 [INFO]: Codeium is not enabled for the current document.
(VSCode) 2024-10-29 11:25:11.103 [INFO]: Codeium is not enabled for the current document.
(VSCode) 2024-10-29 11:25:11.645 [INFO]: Codeium is not enabled for the current document.
(VSCode) 2024-10-29 11:25:11.964 [INFO]: Codeium is not enabled for the current document.
(VSCode) 2024-10-29 11:25:13.515 [INFO]: Codeium is not enabled for the current document.
(VSCode) 2024-10-29 11:25:13.696 [INFO]: Codeium is not enabled for the current document.
(VSCode) 2024-10-29 11:25:13.755 [INFO]: Codeium is not enabled for the current document.
(VSCode) 2024-10-29 11:25:13.885 [INFO]: Codeium is not enabled for the current document.
(VSCode) 2024-10-29 11:25:15.562 [INFO]: Codeium is not enabled for the current document.
(VSCode) 2024-10-29 11:25:16.224 [INFO]: Codeium is not enabled for the current document.
(VSCode) 2024-10-29 11:26:10.168 [INFO]: Codeium is not enabled for the current document.
(VSCode) 2024-10-29 11:26:10.612 [INFO]: Codeium is not enabled for the current document.
(VSCode) 2024-10-29 11:26:10.904 [INFO]: Codeium is not enabled for the current document.
(VSCode) 2024-10-29 11:26:11.055 [INFO]: Codeium is not enabled for the current document.
(VSCode) 2024-10-29 11:26:11.118 [INFO]: Codeium is not enabled for the current document.
(VSCode) 2024-10-29 11:26:11.195 [INFO]: Codeium is not enabled for the current document.
(VSCode) 2024-10-29 11:26:11.310 [INFO]: Codeium is not enabled for the current document.
(VSCode) 2024-10-29 11:26:11.496 [INFO]: Codeium is not enabled for the current document.
(VSCode) 2024-10-29 11:26:13.203 [INFO]: Codeium is not enabled for the current document.
(VSCode) 2024-10-29 11:26:14.999 [INFO]: Codeium is not enabled for the current document.
(VSCode) 2024-10-29 11:26:17.501 [INFO]: Codeium is not enabled for the current document.
(VSCode) 2024-10-29 11:26:17.615 [INFO]: Codeium is not enabled for the current document.
(VSCode) 2024-10-29 11:26:17.721 [INFO]: Codeium is not enabled for the current document.
(VSCode) 2024-10-29 11:26:17.877 [INFO]: Codeium is not enabled for the current document.
(VSCode) 2024-10-29 11:26:18.090 [INFO]: Codeium is not enabled for the current document.
(VSCode) 2024-10-29 11:26:18.222 [INFO]: Codeium is not enabled for the current document.
(VSCode) 2024-10-29 11:26:18.404 [INFO]: Codeium is not enabled for the current document.
(VSCode) 2024-10-29 11:26:18.736 [INFO]: Codeium is not enabled for the current document.
(VSCode) 2024-10-29 11:26:19.442 [INFO]: Codeium is not enabled for the current document.
(VSCode) 2024-10-29 11:26:19.672 [INFO]: Codeium is not enabled for the current document.
(VSCode) 2024-10-29 11:26:20.268 [INFO]: Codeium is not enabled for the current document.
(VSCode) 2024-10-29 11:26:21.277 [INFO]: Codeium is not enabled for the current document.
(VSCode) 2024-10-29 11:26:27.818 [INFO]: Codeium is not enabled for the current document.
(VSCode) 2024-10-29 11:26:57.394 [INFO]: Codeium is not enabled for the current document.
(VSCode) 2024-10-29 11:26:57.588 [INFO]: Codeium is not enabled for the current document.
(VSCode) 2024-10-29 11:26:57.726 [INFO]: Codeium is not enabled for the current document.
(VSCode) 2024-10-29 11:26:58.268 [INFO]: Codeium is not enabled for the current document.
(VSCode) 2024-10-29 11:26:58.605 [INFO]: Codeium is not enabled for the current document.
(VSCode) 2024-10-29 11:26:58.811 [INFO]: Codeium is not enabled for the current document.
(VSCode) 2024-10-29 11:26:58.960 [INFO]: Codeium is not enabled for the current document.
(VSCode) 2024-10-29 11:26:59.160 [INFO]: Codeium is not enabled for the current document.
(VSCode) 2024-10-29 11:26:59.427 [INFO]: Codeium is not enabled for the current document.
(VSCode) 2024-10-29 11:26:59.485 [INFO]: Codeium is not enabled for the current document.
(VSCode) 2024-10-29 11:26:59.688 [INFO]: Codeium is not enabled for the current document.
(VSCode) 2024-10-29 11:26:59.860 [INFO]: Codeium is not enabled for the current document.
(VSCode) 2024-10-29 11:26:59.961 [INFO]: Codeium is not enabled for the current document.
(VSCode) 2024-10-29 11:27:00.082 [INFO]: Codeium is not enabled for the current document.
(VSCode) 2024-10-29 11:27:00.180 [INFO]: Codeium is not enabled for the current document.
(VSCode) 2024-10-29 11:27:00.318 [INFO]: Codeium is not enabled for the current document.
(VSCode) 2024-10-29 11:27:00.848 [INFO]: Codeium is not enabled for the current document.
(VSCode) 2024-10-29 11:27:01.131 [INFO]: Codeium is not enabled for the current document.
(VSCode) 2024-10-29 11:27:01.510 [INFO]: Codeium is not enabled for the current document.
(VSCode) 2024-10-29 11:27:01.693 [INFO]: Codeium is not enabled for the current document.
(VSCode) 2024-10-29 11:27:02.012 [INFO]: Codeium is not enabled for the current document.
(VSCode) 2024-10-29 11:27:02.164 [INFO]: Codeium is not enabled for the current document.
(VSCode) 2024-10-29 11:27:02.311 [INFO]: Codeium is not enabled for the current document.
(VSCode) 2024-10-29 11:27:02.427 [INFO]: Codeium is not enabled for the current document.
(VSCode) 2024-10-29 11:27:19.261 [ERROR]: Illegal value for `line`
(VSCode) 2024-10-29 11:27:19.306 [INFO]: Codeium is not enabled for the current document.
(VSCode) 2024-10-29 11:33:56.321 [INFO]: Codeium is not enabled for the current document.
(VSCode) 2024-10-29 11:33:56.501 [INFO]: Codeium is not enabled for the current document.
(VSCode) 2024-10-29 11:33:57.228 [INFO]: Codeium is not enabled for the current document.
(VSCode) 2024-10-29 11:34:04.723 [INFO]: Codeium is not enabled for the current document.
(VSCode) 2024-10-29 11:34:05.453 [INFO]: Codeium is not enabled for the current document.
(VSCode) 2024-10-29 11:34:07.682 [INFO]: Codeium is not enabled for the current document.
(VSCode) 2024-10-29 11:34:07.837 [INFO]: Codeium is not enabled for the current document.
(VSCode) 2024-10-29 11:35:48.989 [INFO]: Codeium is not enabled for the current document.
(VSCode) 2024-10-29 11:35:49.793 [INFO]: Codeium is not enabled for the current document.
(VSCode) 2024-10-29 11:35:53.833 [INFO]: Codeium is not enabled for the current document.
(VSCode) 2024-10-29 11:35:54.238 [INFO]: Codeium is not enabled for the current document.
(VSCode) 2024-10-29 11:36:37.649 [INFO]: Codeium is not enabled for the current document.
(VSCode) 2024-10-29 11:36:37.715 [INFO]: Codeium is not enabled for the current document.
(VSCode) 2024-10-29 11:36:37.915 [INFO]: Codeium is not enabled for the current document.
(VSCode) 2024-10-29 11:36:38.459 [INFO]: Codeium is not enabled for the current document.
(VSCode) 2024-10-29 11:36:39.014 [INFO]: Codeium is not enabled for the current document.
(VSCode) 2024-10-29 11:36:39.163 [INFO]: Codeium is not enabled for the current document.
(VSCode) 2024-10-29 11:36:40.718 [INFO]: Codeium is not enabled for the current document.
(VSCode) 2024-10-29 11:36:41.544 [INFO]: Codeium is not enabled for the current document.
(VSCode) 2024-10-29 11:36:41.731 [INFO]: Codeium is not enabled for the current document.
(VSCode) 2024-10-29 11:36:43.766 [INFO]: Codeium is not enabled for the current document.
(VSCode) 2024-10-29 11:36:43.838 [INFO]: Codeium is not enabled for the current document.
(VSCode) 2024-10-29 11:36:44.042 [INFO]: Codeium is not enabled for the current document.
(VSCode) 2024-10-29 11:36:44.439 [INFO]: Codeium is not enabled for the current document.
(VSCode) 2024-10-29 11:36:44.783 [INFO]: Codeium is not enabled for the current document.
(VSCode) 2024-10-29 11:36:45.040 [INFO]: Codeium is not enabled for the current document.
(VSCode) 2024-10-29 11:36:45.171 [INFO]: Codeium is not enabled for the current document.
(VSCode) 2024-10-29 11:36:45.373 [INFO]: Codeium is not enabled for the current document.
(VSCode) 2024-10-29 11:36:45.470 [INFO]: Codeium is not enabled for the current document.
(VSCode) 2024-10-29 11:36:45.632 [INFO]: Codeium is not enabled for the current document.
(VSCode) 2024-10-29 11:36:45.910 [INFO]: Codeium is not enabled for the current document.
(VSCode) 2024-10-29 11:36:46.004 [INFO]: Codeium is not enabled for the current document.
(VSCode) 2024-10-29 11:36:46.517 [INFO]: Codeium is not enabled for the current document.
(VSCode) 2024-10-29 11:36:49.937 [INFO]: Codeium is not enabled for the current document.
(VSCode) 2024-10-29 11:36:50.220 [INFO]: Codeium is not enabled for the current document.
(VSCode) 2024-10-29 11:36:51.859 [INFO]: Codeium is not enabled for the current document.
(VSCode) 2024-10-29 11:37:00.148 [INFO]: Codeium is not enabled for the current document.
(VSCode) 2024-10-29 11:37:00.631 [INFO]: Codeium is not enabled for the current document.
