2024-10-29 15:50:20.007 [info] Added views:outline in workbench.view.explorer
2024-10-29 15:50:20.007 [info] Added views:workbench.view.search in workbench.view.search
2024-10-29 15:50:20.007 [info] Added views:workbench.scm in workbench.view.scm
2024-10-29 15:50:20.007 [info] Added views:workbench.panel.markers.view in workbench.panel.markers
2024-10-29 15:50:20.007 [info] Added views:workbench.panel.output in workbench.panel.output
2024-10-29 15:50:20.007 [info] Added views:terminal in terminal
2024-10-29 15:50:20.007 [info] Added views:timeline in workbench.view.explorer
2024-10-29 15:50:20.007 [info] Added views:workbench.explorer.emptyView in workbench.view.explorer
2024-10-29 15:50:20.175 [info] Added views:workbench.debug.variablesView,workbench.debug.watchExpressionsView,workbench.debug.callStackView,workbench.debug.breakPointsView in workbench.view.debug
2024-10-29 15:50:20.772 [info] Added views:remoteHub.views.workspaceRepositories in workbench.view.remote
2024-10-29 15:50:21.148 [info] Added views:workbench.panel.repl.view in workbench.panel.repl
2024-10-29 15:50:21.149 [info] Removed views:workbench.debug.breakPointsView,workbench.debug.callStackView,workbench.debug.watchExpressionsView,workbench.debug.variablesView from workbench.view.debug
2024-10-29 15:50:21.150 [info] Added views:workbench.debug.welcome in workbench.view.debug
2024-10-29 15:50:21.476 [info] Added views:~remote.forwardedPorts in ~remote.forwardedPortsContainer
2024-10-29 16:09:27.089 [info] Added views:workbench.views.extensions.installed,workbench.views.extensions.popular,extensions.recommendedList in workbench.view.extensions
2024-10-29 16:09:27.093 [info] Removed views:workbench.views.extensions.popular from workbench.view.extensions
2024-10-29 16:09:30.667 [info] Removed views:extensions.recommendedList,workbench.views.extensions.installed from workbench.view.extensions
2024-10-29 16:09:30.677 [info] Added views:workbench.views.extensions.marketplace in workbench.view.extensions
2024-10-29 16:09:46.518 [info] Added views:codeium.chatPanelView in workbench.view.extension.codeium
2024-10-29 16:09:48.941 [info] Added views:workbench.panel.comments in workbench.panel.comments
