(VSCode) 2024-10-29 13:35:28.447 [INFO]: No proxy settings found
(VSCode) 2024-10-29 13:35:29.107 [INFO]: Checking network connection...
(VSCode) 2024-10-29 13:35:29.482 [INFO]: No Network Issue connecting to https://server.codeium.com
(VSCode) 2024-10-29 13:35:29.965 [INFO]: Creating manager directory: /tmp/d112ced7-a06e-45e4-86b7-a544e501702d/codeium/manager
(VSCode) 2024-10-29 13:35:30.222 [INFO]: Using cached LS with valid crc32: /home/dastarruer/.vscode/extensions/codeium.codeium-1.22.5/dist/1347d6f7fffdaec404d99b3f0ca3d8854448c787/language_server_linux_x64
(VSCode) 2024-10-29 13:35:30.230 [INFO]: Language server started
2024/10/29 13:35:30 maxprocs: Leaving GOMAXPROCS=16: CPU quota undefined
I1029 13:35:30.302149 11858 main.go:553] [Language Server Manager] Setting GOMAXPROCS to 16
I1029 13:35:30.302214 11858 main.go:667] [Language Server Manager] Release 1.22.5 (1347d6f7fffdaec404d99b3f0ca3d8854448c787)
I1029 13:35:30.302252 11858 main.go:746] [Language Server Manager] Starting language server manager with pid 11858
I1029 13:35:30.302405 11858 main.go:120] [Language Server Manager] Manager acquired its lock file /tmp/d112ced7-a06e-45e4-86b7-a544e501702d/codeium/manager/locks/manager.lock
I1029 13:35:30.302954 11858 main.go:259] [Language Server Manager] Waiting for random port file in /tmp/d112ced7-a06e-45e4-86b7-a544e501702d/codeium/manager/child_random_port_1730223330302504814_493484520271054187 to be created
2024/10/29 13:35:30 maxprocs: Leaving GOMAXPROCS=16: CPU quota undefined
I1029 13:35:30.381743 11877 main.go:553] Setting GOMAXPROCS to 4
I1029 13:35:30.381860 11877 main.go:740] Starting language server process with pid 11877
I1029 13:35:30.381882 11877 server.go:183] Language server will attempt to listen on host 127.0.0.1
I1029 13:35:30.382034 11877 server.go:190] Language server listening on random port at 41279
I1029 13:35:30.733755 11877 unleash.go:93] Initializing Unleash
I1029 13:35:31.091193 11877 unleash.go:113] Successfully initialized Unleash
E1029 13:35:31.103967 11877 client_manager.go:275] Metadata is nil when trying to refresh user JWT
I1029 13:35:31.104501 11877 server.go:441] Successfully created API server client
I1029 13:35:31.130756 11877 server.go:456] Successfully initialized tokenizer
I1029 13:35:31.201194 11877 server.go:613] Local search is enabled, will index local files.
I1029 13:35:31.201228 11877 server.go:617] Using 4 indexer workers
I1029 13:35:31.203123 11877 sqlite_faiss_db_client.go:64] Successfully created embedding search database in 1ms
I1029 13:35:31.203320 11877 indexer.go:213] Using 4 embed workers
I1029 13:35:31.203376 11877 search_provider.go:274] Successfully created and started indexer
I1029 13:35:31.203400 11877 search_provider.go:304] Successfully created embedding search provider
I1029 13:35:31.207047 11877 server.go:703] Successfully created completion provider
I1029 13:35:31.207077 11877 server.go:752] Child process attempting to acquire lock file /tmp/d112ced7-a06e-45e4-86b7-a544e501702d/codeium/manager/locks/child_lock_1730223330302571862_5754350655728517435
I1029 13:35:31.207128 11877 server.go:760] Child process acquired lock file /tmp/d112ced7-a06e-45e4-86b7-a544e501702d/codeium/manager/locks/child_lock_1730223330302571862_5754350655728517435
I1029 13:35:31.214725 11877 server.go:265] LSP listening on random port at 46505
I1029 13:35:31.219325 11877 web_server.go:259] Chat Web Server listening at ws://127.0.0.1:38379
46505
I1029 13:35:31.307727 11858 main.go:295] [Language Server Manager] Found random server port 41279
I1029 13:35:31.307775 11858 main.go:296] [Language Server Manager] Found random lsp port 46505
I1029 13:35:31.307812 11858 main.go:303] [Language Server Manager] Attempting to connect to language server at 127.0.0.1:41279
I1029 13:35:31.321045 11858 main.go:174] [Language Server Manager] Fixing language server port at 41279
I1029 13:35:31.321069 11858 main.go:355] [Language Server Manager] Successfully connected to new language server at 127.0.0.1:41279
(VSCode) 2024-10-29 13:35:31.338 [INFO]: Found language server running on port 41279
(VSCode) 2024-10-29 13:35:31.651 [INFO]: openAllTextDocuments took 3.18080800000007ms
(VSCode) 2024-10-29 13:36:07.980 [INFO]: Codeium is not enabled for the current document.
(VSCode) 2024-10-29 13:36:12.331 [INFO]: Codeium is not enabled for the current document.
(VSCode) 2024-10-29 13:36:12.555 [INFO]: Codeium is not enabled for the current document.
(VSCode) 2024-10-29 13:36:12.760 [INFO]: Codeium is not enabled for the current document.
(VSCode) 2024-10-29 13:36:12.905 [INFO]: Codeium is not enabled for the current document.
(VSCode) 2024-10-29 13:36:13.194 [INFO]: Codeium is not enabled for the current document.
(VSCode) 2024-10-29 13:36:13.286 [INFO]: Codeium is not enabled for the current document.
(VSCode) 2024-10-29 13:36:13.449 [INFO]: Codeium is not enabled for the current document.
(VSCode) 2024-10-29 13:36:13.611 [INFO]: Codeium is not enabled for the current document.
(VSCode) 2024-10-29 13:36:13.820 [INFO]: Codeium is not enabled for the current document.
(VSCode) 2024-10-29 13:36:14.320 [INFO]: Codeium is not enabled for the current document.
(VSCode) 2024-10-29 13:36:14.501 [INFO]: Codeium is not enabled for the current document.
(VSCode) 2024-10-29 13:36:15.360 [INFO]: Codeium is not enabled for the current document.
(VSCode) 2024-10-29 13:36:15.844 [INFO]: Codeium is not enabled for the current document.
(VSCode) 2024-10-29 13:36:15.944 [INFO]: Codeium is not enabled for the current document.
(VSCode) 2024-10-29 13:36:16.207 [INFO]: Codeium is not enabled for the current document.
(VSCode) 2024-10-29 13:36:16.343 [INFO]: Codeium is not enabled for the current document.
(VSCode) 2024-10-29 13:36:19.224 [INFO]: Codeium is not enabled for the current document.
(VSCode) 2024-10-29 13:36:19.330 [INFO]: Codeium is not enabled for the current document.
(VSCode) 2024-10-29 13:36:19.500 [INFO]: Codeium is not enabled for the current document.
(VSCode) 2024-10-29 13:36:20.786 [INFO]: Codeium is not enabled for the current document.
(VSCode) 2024-10-29 13:36:20.929 [INFO]: Codeium is not enabled for the current document.
(VSCode) 2024-10-29 13:36:21.704 [INFO]: Codeium is not enabled for the current document.
(VSCode) 2024-10-29 13:36:21.807 [INFO]: Codeium is not enabled for the current document.
(VSCode) 2024-10-29 13:36:22.080 [INFO]: Codeium is not enabled for the current document.
(VSCode) 2024-10-29 13:36:22.196 [INFO]: Codeium is not enabled for the current document.
(VSCode) 2024-10-29 13:36:22.585 [INFO]: Codeium is not enabled for the current document.
(VSCode) 2024-10-29 13:36:22.663 [INFO]: Codeium is not enabled for the current document.
(VSCode) 2024-10-29 13:36:22.812 [INFO]: Codeium is not enabled for the current document.
(VSCode) 2024-10-29 13:36:30.736 [INFO]: Codeium is not enabled for the current document.
(VSCode) 2024-10-29 13:36:31.000 [INFO]: Codeium is not enabled for the current document.
(VSCode) 2024-10-29 13:36:31.093 [INFO]: Codeium is not enabled for the current document.
(VSCode) 2024-10-29 13:36:38.565 [INFO]: Disposing language server process
(VSCode) 2024-10-29 13:36:38.565 [INFO]: Deleting manager directory: /tmp/d112ced7-a06e-45e4-86b7-a544e501702d/codeium/manager
(VSCode) 2024-10-29 13:36:38.566 [INFO]: Successfully disposed language server
W1029 13:36:38.565361 11858 main.go:124] [Language Server Manager] Got signal terminated, shutting down
