(VSCode) 2024-10-28 22:27:04.223 [INFO]: No proxy settings found
(VSCode) 2024-10-28 22:27:05.040 [INFO]: Checking network connection...
(VSCode) 2024-10-28 22:27:05.452 [INFO]: No Network Issue connecting to https://server.codeium.com
(VSCode) 2024-10-28 22:27:05.979 [INFO]: Creating manager directory: /tmp/43178f09-7bd4-4d83-a0d3-27326ad1d58b/codeium/manager
(VSCode) 2024-10-28 22:27:06.531 [INFO]: Using cached LS with valid crc32: /home/dastarruer/.vscode/extensions/codeium.codeium-1.22.5/dist/1347d6f7fffdaec404d99b3f0ca3d8854448c787/language_server_linux_x64
(VSCode) 2024-10-28 22:27:06.545 [INFO]: Language server started
2024/10/28 22:27:06 maxprocs: Leaving GOMAXPROCS=16: CPU quota undefined
I1028 22:27:06.683979 272237 main.go:553] [Language Server Manager] Setting GOMAXPROCS to 16
I1028 22:27:06.684082 272237 main.go:667] [Language Server Manager] Release 1.22.5 (1347d6f7fffdaec404d99b3f0ca3d8854448c787)
I1028 22:27:06.684111 272237 main.go:746] [Language Server Manager] Starting language server manager with pid 272237
I1028 22:27:06.684397 272237 main.go:120] [Language Server Manager] Manager acquired its lock file /tmp/43178f09-7bd4-4d83-a0d3-27326ad1d58b/codeium/manager/locks/manager.lock
I1028 22:27:06.685643 272237 main.go:259] [Language Server Manager] Waiting for random port file in /tmp/43178f09-7bd4-4d83-a0d3-27326ad1d58b/codeium/manager/child_random_port_1730168826684586374_6399857419681284080 to be created
2024/10/28 22:27:06 maxprocs: Leaving GOMAXPROCS=16: CPU quota undefined
I1028 22:27:06.826654 272256 main.go:553] Setting GOMAXPROCS to 4
I1028 22:27:06.826839 272256 main.go:740] Starting language server process with pid 272256
I1028 22:27:06.826889 272256 server.go:183] Language server will attempt to listen on host 127.0.0.1
I1028 22:27:06.827070 272256 server.go:190] Language server listening on random port at 43187
I1028 22:27:07.221152 272256 unleash.go:93] Initializing Unleash
I1028 22:27:07.581465 272256 unleash.go:113] Successfully initialized Unleash
E1028 22:27:07.598112 272256 client_manager.go:275] Metadata is nil when trying to refresh user JWT
I1028 22:27:07.598963 272256 server.go:441] Successfully created API server client
I1028 22:27:07.660809 272256 server.go:456] Successfully initialized tokenizer
I1028 22:27:07.834492 272256 server.go:613] Local search is enabled, will index local files.
I1028 22:27:07.834543 272256 server.go:617] Using 4 indexer workers
I1028 22:27:07.838825 272256 sqlite_faiss_db_client.go:64] Successfully created embedding search database in 4ms
I1028 22:27:07.839827 272256 indexer.go:213] Using 4 embed workers
I1028 22:27:07.839929 272256 search_provider.go:274] Successfully created and started indexer
I1028 22:27:07.839967 272256 search_provider.go:304] Successfully created embedding search provider
I1028 22:27:07.847695 272256 server.go:703] Successfully created completion provider
I1028 22:27:07.847735 272256 server.go:752] Child process attempting to acquire lock file /tmp/43178f09-7bd4-4d83-a0d3-27326ad1d58b/codeium/manager/locks/child_lock_1730168826684828514_8404744794969512291
I1028 22:27:07.847824 272256 server.go:760] Child process acquired lock file /tmp/43178f09-7bd4-4d83-a0d3-27326ad1d58b/codeium/manager/locks/child_lock_1730168826684828514_8404744794969512291
I1028 22:27:07.863669 272256 server.go:265] LSP listening on random port at 39139
I1028 22:27:07.875203 272256 web_server.go:259] Chat Web Server listening at ws://127.0.0.1:38437
39139
I1028 22:27:07.894932 272237 main.go:295] [Language Server Manager] Found random server port 43187
I1028 22:27:07.895013 272237 main.go:296] [Language Server Manager] Found random lsp port 39139
I1028 22:27:07.895062 272237 main.go:303] [Language Server Manager] Attempting to connect to language server at 127.0.0.1:43187
I1028 22:27:07.909169 272237 main.go:174] [Language Server Manager] Fixing language server port at 43187
I1028 22:27:07.909213 272237 main.go:355] [Language Server Manager] Successfully connected to new language server at 127.0.0.1:43187
(VSCode) 2024-10-28 22:27:07.959 [INFO]: Found language server running on port 43187
(VSCode) 2024-10-28 22:27:08.351 [INFO]: openAllTextDocuments took 6.298641000000316ms
(VSCode) 2024-10-28 22:28:04.924 [INFO]: Codeium is not enabled for the current document.
(VSCode) 2024-10-28 22:28:05.064 [INFO]: Codeium is not enabled for the current document.
(VSCode) 2024-10-28 22:28:05.149 [INFO]: Codeium is not enabled for the current document.
(VSCode) 2024-10-28 22:28:05.259 [INFO]: Codeium is not enabled for the current document.
(VSCode) 2024-10-28 22:28:05.398 [INFO]: Codeium is not enabled for the current document.
(VSCode) 2024-10-28 22:28:06.032 [INFO]: Codeium is not enabled for the current document.
(VSCode) 2024-10-28 22:28:07.276 [INFO]: Codeium is not enabled for the current document.
(VSCode) 2024-10-28 22:28:07.821 [INFO]: Codeium is not enabled for the current document.
(VSCode) 2024-10-28 22:28:08.412 [INFO]: Codeium is not enabled for the current document.
(VSCode) 2024-10-28 22:28:08.504 [INFO]: Codeium is not enabled for the current document.
(VSCode) 2024-10-28 22:28:08.689 [INFO]: Codeium is not enabled for the current document.
(VSCode) 2024-10-28 22:28:08.843 [INFO]: Codeium is not enabled for the current document.
(VSCode) 2024-10-28 22:28:08.919 [INFO]: Codeium is not enabled for the current document.
(VSCode) 2024-10-28 22:28:09.038 [INFO]: Codeium is not enabled for the current document.
(VSCode) 2024-10-28 22:28:09.117 [INFO]: Codeium is not enabled for the current document.
(VSCode) 2024-10-28 22:28:09.526 [INFO]: Codeium is not enabled for the current document.
(VSCode) 2024-10-28 22:28:09.906 [INFO]: Codeium is not enabled for the current document.
(VSCode) 2024-10-28 22:28:10.826 [INFO]: Codeium is not enabled for the current document.
(VSCode) 2024-10-28 22:28:11.222 [INFO]: Codeium is not enabled for the current document.
(VSCode) 2024-10-28 22:28:14.297 [INFO]: Codeium is not enabled for the current document.
(VSCode) 2024-10-28 22:28:14.561 [INFO]: Codeium is not enabled for the current document.
(VSCode) 2024-10-28 22:28:15.060 [INFO]: Codeium is not enabled for the current document.
(VSCode) 2024-10-28 22:28:15.817 [INFO]: Codeium is not enabled for the current document.
(VSCode) 2024-10-28 22:28:17.059 [INFO]: Codeium is not enabled for the current document.
(VSCode) 2024-10-28 22:28:17.546 [INFO]: Codeium is not enabled for the current document.
(VSCode) 2024-10-28 22:28:17.940 [INFO]: Codeium is not enabled for the current document.
(VSCode) 2024-10-28 22:28:18.674 [INFO]: Codeium is not enabled for the current document.
(VSCode) 2024-10-28 22:28:19.888 [INFO]: Codeium is not enabled for the current document.
(VSCode) 2024-10-28 22:28:20.154 [INFO]: Codeium is not enabled for the current document.
(VSCode) 2024-10-28 22:28:20.261 [INFO]: Codeium is not enabled for the current document.
(VSCode) 2024-10-28 22:28:20.397 [INFO]: Codeium is not enabled for the current document.
(VSCode) 2024-10-28 22:28:20.589 [INFO]: Codeium is not enabled for the current document.
(VSCode) 2024-10-28 22:28:21.571 [INFO]: Codeium is not enabled for the current document.
(VSCode) 2024-10-28 22:28:21.840 [INFO]: Codeium is not enabled for the current document.
(VSCode) 2024-10-28 22:28:22.389 [INFO]: Codeium is not enabled for the current document.
(VSCode) 2024-10-28 22:28:22.668 [INFO]: Codeium is not enabled for the current document.
(VSCode) 2024-10-28 22:28:22.782 [INFO]: Codeium is not enabled for the current document.
(VSCode) 2024-10-28 22:28:22.888 [INFO]: Codeium is not enabled for the current document.
(VSCode) 2024-10-28 22:28:23.242 [INFO]: Codeium is not enabled for the current document.
(VSCode) 2024-10-28 22:28:23.356 [INFO]: Codeium is not enabled for the current document.
(VSCode) 2024-10-28 22:28:23.517 [INFO]: Codeium is not enabled for the current document.
(VSCode) 2024-10-28 22:28:23.617 [INFO]: Codeium is not enabled for the current document.
(VSCode) 2024-10-28 22:28:23.704 [INFO]: Codeium is not enabled for the current document.
(VSCode) 2024-10-28 22:28:24.562 [INFO]: Codeium is not enabled for the current document.
(VSCode) 2024-10-28 22:28:24.768 [INFO]: Codeium is not enabled for the current document.
(VSCode) 2024-10-28 22:28:24.925 [INFO]: Codeium is not enabled for the current document.
(VSCode) 2024-10-28 22:28:25.040 [INFO]: Codeium is not enabled for the current document.
(VSCode) 2024-10-28 22:28:25.317 [INFO]: Codeium is not enabled for the current document.
(VSCode) 2024-10-28 22:28:25.574 [INFO]: Codeium is not enabled for the current document.
(VSCode) 2024-10-28 22:28:25.874 [INFO]: Codeium is not enabled for the current document.
(VSCode) 2024-10-28 22:28:26.006 [INFO]: Codeium is not enabled for the current document.
(VSCode) 2024-10-28 22:28:26.108 [INFO]: Codeium is not enabled for the current document.
(VSCode) 2024-10-28 22:28:26.293 [INFO]: Codeium is not enabled for the current document.
(VSCode) 2024-10-28 22:28:28.555 [INFO]: Codeium is not enabled for the current document.
(VSCode) 2024-10-28 22:28:29.127 [INFO]: Codeium is not enabled for the current document.
(VSCode) 2024-10-28 22:28:33.055 [INFO]: Codeium is not enabled for the current document.
(VSCode) 2024-10-28 22:28:33.261 [INFO]: Codeium is not enabled for the current document.
(VSCode) 2024-10-28 22:28:33.357 [INFO]: Codeium is not enabled for the current document.
(VSCode) 2024-10-28 22:28:33.438 [INFO]: Codeium is not enabled for the current document.
(VSCode) 2024-10-28 22:28:33.513 [INFO]: Codeium is not enabled for the current document.
(VSCode) 2024-10-28 22:28:33.644 [INFO]: Codeium is not enabled for the current document.
(VSCode) 2024-10-28 22:28:33.728 [INFO]: Codeium is not enabled for the current document.
E1028 22:30:20.016959 272256 open_documents.go:45] open document /home/dastarruer/.config/alacritty/alacritty.yml not found: stat /home/dastarruer/.config/alacritty/alacritty.yml: no such file or directory
(VSCode) 2024-10-28 22:30:23.217 [ERROR]: Illegal value for `line`
(VSCode) 2024-10-28 22:30:23.223 [ERROR]: Illegal value for `line`
(VSCode) 2024-10-28 22:30:23.267 [INFO]: Codeium is not enabled for the current document.
(VSCode) 2024-10-28 22:31:34.615 [INFO]: Codeium is not enabled for the current document.
(VSCode) 2024-10-28 22:31:35.008 [INFO]: Codeium is not enabled for the current document.
(VSCode) 2024-10-28 22:31:35.169 [INFO]: Codeium is not enabled for the current document.
(VSCode) 2024-10-28 22:31:35.242 [INFO]: Codeium is not enabled for the current document.
(VSCode) 2024-10-28 22:31:35.496 [INFO]: Codeium is not enabled for the current document.
(VSCode) 2024-10-28 22:31:35.620 [INFO]: Codeium is not enabled for the current document.
(VSCode) 2024-10-28 22:31:37.270 [INFO]: Codeium is not enabled for the current document.
(VSCode) 2024-10-28 22:31:46.020 [INFO]: Codeium is not enabled for the current document.
(VSCode) 2024-10-28 22:31:46.153 [INFO]: Codeium is not enabled for the current document.
(VSCode) 2024-10-28 22:31:46.298 [INFO]: Codeium is not enabled for the current document.
(VSCode) 2024-10-28 22:31:46.525 [INFO]: Codeium is not enabled for the current document.
(VSCode) 2024-10-28 22:31:46.640 [INFO]: Codeium is not enabled for the current document.
(VSCode) 2024-10-28 22:31:46.752 [INFO]: Codeium is not enabled for the current document.
(VSCode) 2024-10-28 22:31:47.141 [INFO]: Codeium is not enabled for the current document.
(VSCode) 2024-10-28 22:31:47.702 [INFO]: Codeium is not enabled for the current document.
(VSCode) 2024-10-28 22:31:47.890 [INFO]: Codeium is not enabled for the current document.
(VSCode) 2024-10-28 22:31:49.292 [INFO]: Codeium is not enabled for the current document.
(VSCode) 2024-10-28 22:31:59.125 [INFO]: Codeium is not enabled for the current document.
(VSCode) 2024-10-28 22:31:59.409 [INFO]: Codeium is not enabled for the current document.
(VSCode) 2024-10-28 22:31:59.612 [INFO]: Codeium is not enabled for the current document.
(VSCode) 2024-10-28 22:31:59.711 [INFO]: Codeium is not enabled for the current document.
(VSCode) 2024-10-28 22:33:40.877 [INFO]: Codeium is not enabled for the current document.
(VSCode) 2024-10-28 22:33:41.079 [INFO]: Codeium is not enabled for the current document.
(VSCode) 2024-10-28 22:33:41.241 [INFO]: Codeium is not enabled for the current document.
(VSCode) 2024-10-28 22:33:41.385 [INFO]: Codeium is not enabled for the current document.
(VSCode) 2024-10-28 22:33:43.051 [INFO]: Codeium is not enabled for the current document.
(VSCode) 2024-10-28 22:33:43.559 [INFO]: Codeium is not enabled for the current document.
(VSCode) 2024-10-28 22:33:43.837 [INFO]: Codeium is not enabled for the current document.
(VSCode) 2024-10-28 22:33:44.110 [INFO]: Codeium is not enabled for the current document.
(VSCode) 2024-10-28 22:33:44.519 [INFO]: Codeium is not enabled for the current document.
(VSCode) 2024-10-28 22:33:45.187 [INFO]: Codeium is not enabled for the current document.
(VSCode) 2024-10-28 22:33:45.359 [INFO]: Codeium is not enabled for the current document.
(VSCode) 2024-10-28 22:33:45.673 [INFO]: Codeium is not enabled for the current document.
(VSCode) 2024-10-28 22:33:56.151 [ERROR]: Illegal value for `line`
(VSCode) 2024-10-28 22:33:56.156 [ERROR]: Illegal value for `line`
(VSCode) 2024-10-28 22:34:22.709 [INFO]: Codeium is not enabled for the current document.
(VSCode) 2024-10-28 22:34:24.473 [INFO]: Codeium is not enabled for the current document.
(VSCode) 2024-10-28 22:34:24.985 [INFO]: Codeium is not enabled for the current document.
(VSCode) 2024-10-28 22:34:25.359 [INFO]: Codeium is not enabled for the current document.
E1028 22:40:22.509849 272256 open_documents.go:45] open document /home/dastarruer/.config/alacritty/alacritty.toml not found: stat /home/dastarruer/.config/alacritty/alacritty.toml: no such file or directory
E1028 22:40:24.668381 272256 open_documents.go:45] open document /home/dastarruer/.config/alacritty/alacritty.toml not found: stat /home/dastarruer/.config/alacritty/alacritty.toml: no such file or directory
E1028 22:40:26.248718 272256 open_documents.go:45] open document /home/dastarruer/.config/alacritty/alacritty.toml not found: stat /home/dastarruer/.config/alacritty/alacritty.toml: no such file or directory
E1028 22:40:26.432550 272256 open_documents.go:45] open document /home/dastarruer/.config/alacritty/alacritty.toml not found: stat /home/dastarruer/.config/alacritty/alacritty.toml: no such file or directory
E1028 22:40:26.514110 272256 open_documents.go:45] open document /home/dastarruer/.config/alacritty/alacritty.toml not found: stat /home/dastarruer/.config/alacritty/alacritty.toml: no such file or directory
E1028 22:40:26.680604 272256 open_documents.go:45] open document /home/dastarruer/.config/alacritty/alacritty.toml not found: stat /home/dastarruer/.config/alacritty/alacritty.toml: no such file or directory
E1028 22:40:41.459157 272256 open_documents.go:45] open document /home/dastarruer/.config/alacritty/alacritty.toml not found: stat /home/dastarruer/.config/alacritty/alacritty.toml: no such file or directory
E1028 22:40:42.032346 272256 open_documents.go:45] open document /home/dastarruer/.config/alacritty/alacritty.toml not found: stat /home/dastarruer/.config/alacritty/alacritty.toml: no such file or directory
E1028 22:40:53.085032 272256 open_documents.go:45] open document /home/dastarruer/.config/alacritty/alacritty.toml not found: stat /home/dastarruer/.config/alacritty/alacritty.toml: no such file or directory
(VSCode) 2024-10-28 22:43:33.211 [INFO]: Codeium is not enabled for the current document.
(VSCode) 2024-10-28 22:43:33.560 [INFO]: Codeium is not enabled for the current document.
(VSCode) 2024-10-28 22:43:33.889 [INFO]: Codeium is not enabled for the current document.
(VSCode) 2024-10-28 22:43:34.050 [INFO]: Codeium is not enabled for the current document.
(VSCode) 2024-10-28 22:43:34.190 [INFO]: Codeium is not enabled for the current document.
(VSCode) 2024-10-28 22:43:34.418 [INFO]: Codeium is not enabled for the current document.
(VSCode) 2024-10-28 22:43:34.510 [INFO]: Codeium is not enabled for the current document.
(VSCode) 2024-10-28 22:43:35.262 [INFO]: Codeium is not enabled for the current document.
(VSCode) 2024-10-28 22:43:35.788 [INFO]: Codeium is not enabled for the current document.
(VSCode) 2024-10-28 22:43:35.873 [INFO]: Codeium is not enabled for the current document.
(VSCode) 2024-10-28 22:43:36.033 [INFO]: Codeium is not enabled for the current document.
(VSCode) 2024-10-28 22:43:36.171 [INFO]: Codeium is not enabled for the current document.
(VSCode) 2024-10-28 22:43:36.259 [INFO]: Codeium is not enabled for the current document.
(VSCode) 2024-10-28 22:43:36.367 [INFO]: Codeium is not enabled for the current document.
(VSCode) 2024-10-28 22:43:36.437 [INFO]: Codeium is not enabled for the current document.
(VSCode) 2024-10-28 22:43:36.831 [INFO]: Codeium is not enabled for the current document.
(VSCode) 2024-10-28 22:43:37.331 [INFO]: Codeium is not enabled for the current document.
(VSCode) 2024-10-28 22:43:37.516 [INFO]: Codeium is not enabled for the current document.
(VSCode) 2024-10-28 22:43:38.021 [INFO]: Codeium is not enabled for the current document.
(VSCode) 2024-10-28 22:43:38.612 [INFO]: Codeium is not enabled for the current document.
(VSCode) 2024-10-28 22:43:39.443 [INFO]: Codeium is not enabled for the current document.
(VSCode) 2024-10-28 22:43:39.726 [INFO]: Codeium is not enabled for the current document.
(VSCode) 2024-10-28 22:43:40.384 [INFO]: Codeium is not enabled for the current document.
(VSCode) 2024-10-28 22:43:40.601 [INFO]: Codeium is not enabled for the current document.
(VSCode) 2024-10-28 22:43:40.744 [INFO]: Codeium is not enabled for the current document.
(VSCode) 2024-10-28 22:43:41.139 [INFO]: Codeium is not enabled for the current document.
(VSCode) 2024-10-28 22:43:41.719 [INFO]: Codeium is not enabled for the current document.
(VSCode) 2024-10-28 22:43:42.188 [INFO]: Codeium is not enabled for the current document.
(VSCode) 2024-10-28 22:43:42.682 [INFO]: Codeium is not enabled for the current document.
(VSCode) 2024-10-28 22:43:42.854 [INFO]: Codeium is not enabled for the current document.
(VSCode) 2024-10-28 22:43:43.072 [INFO]: Codeium is not enabled for the current document.
(VSCode) 2024-10-28 22:43:43.539 [INFO]: Codeium is not enabled for the current document.
(VSCode) 2024-10-28 22:43:45.626 [INFO]: Codeium is not enabled for the current document.
(VSCode) 2024-10-28 22:43:46.049 [INFO]: Codeium is not enabled for the current document.
(VSCode) 2024-10-28 22:43:48.268 [INFO]: Codeium is not enabled for the current document.
(VSCode) 2024-10-28 22:43:48.903 [INFO]: Codeium is not enabled for the current document.
(VSCode) 2024-10-28 22:44:10.980 [INFO]: Codeium is not enabled for the current document.
(VSCode) 2024-10-28 22:44:11.163 [INFO]: Codeium is not enabled for the current document.
(VSCode) 2024-10-28 22:44:12.610 [INFO]: Codeium is not enabled for the current document.
(VSCode) 2024-10-28 22:44:12.895 [INFO]: Codeium is not enabled for the current document.
(VSCode) 2024-10-28 22:44:13.027 [INFO]: Codeium is not enabled for the current document.
(VSCode) 2024-10-28 22:44:13.138 [INFO]: Codeium is not enabled for the current document.
(VSCode) 2024-10-28 22:44:13.260 [INFO]: Codeium is not enabled for the current document.
(VSCode) 2024-10-28 22:44:13.533 [INFO]: Codeium is not enabled for the current document.
(VSCode) 2024-10-28 22:44:13.647 [INFO]: Codeium is not enabled for the current document.
(VSCode) 2024-10-28 22:44:14.305 [INFO]: Codeium is not enabled for the current document.
(VSCode) 2024-10-28 22:44:21.309 [INFO]: Codeium is not enabled for the current document.
(VSCode) 2024-10-28 22:44:21.527 [INFO]: Codeium is not enabled for the current document.
(VSCode) 2024-10-28 22:44:21.630 [INFO]: Codeium is not enabled for the current document.
(VSCode) 2024-10-28 22:44:22.026 [INFO]: Codeium is not enabled for the current document.
(VSCode) 2024-10-28 22:44:22.411 [INFO]: Codeium is not enabled for the current document.
(VSCode) 2024-10-28 22:44:22.515 [INFO]: Codeium is not enabled for the current document.
(VSCode) 2024-10-28 22:44:22.699 [INFO]: Codeium is not enabled for the current document.
(VSCode) 2024-10-28 22:44:22.880 [INFO]: Codeium is not enabled for the current document.
(VSCode) 2024-10-28 22:44:22.969 [INFO]: Codeium is not enabled for the current document.
(VSCode) 2024-10-28 22:44:23.259 [INFO]: Codeium is not enabled for the current document.
(VSCode) 2024-10-28 22:44:23.726 [INFO]: Codeium is not enabled for the current document.
(VSCode) 2024-10-28 22:44:23.900 [INFO]: Codeium is not enabled for the current document.
(VSCode) 2024-10-28 22:44:23.990 [INFO]: Codeium is not enabled for the current document.
(VSCode) 2024-10-28 22:44:24.143 [INFO]: Codeium is not enabled for the current document.
(VSCode) 2024-10-28 22:44:24.322 [INFO]: Codeium is not enabled for the current document.
(VSCode) 2024-10-28 22:44:24.381 [INFO]: Codeium is not enabled for the current document.
(VSCode) 2024-10-28 22:44:24.533 [INFO]: Codeium is not enabled for the current document.
(VSCode) 2024-10-28 22:44:25.347 [INFO]: Codeium is not enabled for the current document.
(VSCode) 2024-10-28 22:44:25.763 [INFO]: Codeium is not enabled for the current document.
(VSCode) 2024-10-28 22:44:25.950 [INFO]: Codeium is not enabled for the current document.
(VSCode) 2024-10-28 22:44:26.061 [INFO]: Codeium is not enabled for the current document.
(VSCode) 2024-10-28 22:44:26.236 [INFO]: Codeium is not enabled for the current document.
(VSCode) 2024-10-28 22:44:26.313 [INFO]: Codeium is not enabled for the current document.
(VSCode) 2024-10-28 22:44:26.417 [INFO]: Codeium is not enabled for the current document.
(VSCode) 2024-10-28 22:44:55.597 [INFO]: Codeium is not enabled for the current document.
(VSCode) 2024-10-28 22:44:55.924 [INFO]: Codeium is not enabled for the current document.
(VSCode) 2024-10-28 22:44:56.168 [INFO]: Codeium is not enabled for the current document.
(VSCode) 2024-10-28 22:44:57.668 [INFO]: Codeium is not enabled for the current document.
(VSCode) 2024-10-28 22:45:08.466 [INFO]: Codeium is not enabled for the current document.
(VSCode) 2024-10-28 22:45:08.552 [INFO]: Codeium is not enabled for the current document.
(VSCode) 2024-10-29 10:40:00.593 [INFO]: Codeium is not enabled for the current document.
(VSCode) 2024-10-29 10:40:00.807 [INFO]: Codeium is not enabled for the current document.
(VSCode) 2024-10-29 10:40:01.886 [INFO]: Codeium is not enabled for the current document.
(VSCode) 2024-10-29 10:40:08.324 [INFO]: Codeium is not enabled for the current document.
(VSCode) 2024-10-29 10:40:08.487 [INFO]: Codeium is not enabled for the current document.
(VSCode) 2024-10-29 10:40:09.150 [INFO]: Codeium is not enabled for the current document.
(VSCode) 2024-10-29 10:40:09.251 [INFO]: Codeium is not enabled for the current document.
(VSCode) 2024-10-29 10:40:30.992 [INFO]: Codeium is not enabled for the current document.
(VSCode) 2024-10-29 10:40:31.527 [INFO]: Codeium is not enabled for the current document.
(VSCode) 2024-10-29 10:40:31.788 [INFO]: Codeium is not enabled for the current document.
(VSCode) 2024-10-29 10:40:32.176 [INFO]: Codeium is not enabled for the current document.
(VSCode) 2024-10-29 10:40:32.456 [INFO]: Codeium is not enabled for the current document.
(VSCode) 2024-10-29 10:40:32.566 [INFO]: Codeium is not enabled for the current document.
(VSCode) 2024-10-29 10:40:32.686 [INFO]: Codeium is not enabled for the current document.
(VSCode) 2024-10-29 10:40:32.846 [INFO]: Codeium is not enabled for the current document.
(VSCode) 2024-10-29 10:40:32.930 [INFO]: Codeium is not enabled for the current document.
(VSCode) 2024-10-29 10:40:33.247 [INFO]: Codeium is not enabled for the current document.
(VSCode) 2024-10-29 10:40:33.514 [INFO]: Codeium is not enabled for the current document.
(VSCode) 2024-10-29 10:40:33.602 [INFO]: Codeium is not enabled for the current document.
(VSCode) 2024-10-29 10:40:33.732 [INFO]: Codeium is not enabled for the current document.
(VSCode) 2024-10-29 10:40:33.968 [INFO]: Codeium is not enabled for the current document.
(VSCode) 2024-10-29 10:40:34.102 [INFO]: Codeium is not enabled for the current document.
(VSCode) 2024-10-29 10:40:34.185 [INFO]: Codeium is not enabled for the current document.
(VSCode) 2024-10-29 10:40:34.301 [INFO]: Codeium is not enabled for the current document.
(VSCode) 2024-10-29 10:40:34.766 [INFO]: Codeium is not enabled for the current document.
(VSCode) 2024-10-29 10:40:34.935 [INFO]: Codeium is not enabled for the current document.
(VSCode) 2024-10-29 10:40:35.034 [INFO]: Codeium is not enabled for the current document.
(VSCode) 2024-10-29 10:40:35.220 [INFO]: Codeium is not enabled for the current document.
(VSCode) 2024-10-29 10:40:35.329 [INFO]: Codeium is not enabled for the current document.
(VSCode) 2024-10-29 10:48:28.342 [INFO]: Codeium is not enabled for the current document.
(VSCode) 2024-10-29 10:48:28.931 [INFO]: Codeium is not enabled for the current document.
(VSCode) 2024-10-29 10:48:29.110 [INFO]: Codeium is not enabled for the current document.
(VSCode) 2024-10-29 10:48:29.211 [INFO]: Codeium is not enabled for the current document.
(VSCode) 2024-10-29 10:48:29.362 [INFO]: Codeium is not enabled for the current document.
(VSCode) 2024-10-29 10:48:29.519 [INFO]: Codeium is not enabled for the current document.
(VSCode) 2024-10-29 10:48:29.641 [INFO]: Codeium is not enabled for the current document.
(VSCode) 2024-10-29 10:48:29.758 [INFO]: Codeium is not enabled for the current document.
(VSCode) 2024-10-29 10:48:30.691 [INFO]: Codeium is not enabled for the current document.
(VSCode) 2024-10-29 10:48:31.233 [INFO]: Codeium is not enabled for the current document.
(VSCode) 2024-10-29 10:48:31.443 [INFO]: Codeium is not enabled for the current document.
(VSCode) 2024-10-29 10:48:32.302 [INFO]: Codeium is not enabled for the current document.
(VSCode) 2024-10-29 10:48:32.562 [INFO]: Codeium is not enabled for the current document.
(VSCode) 2024-10-29 10:48:33.054 [INFO]: Codeium is not enabled for the current document.
(VSCode) 2024-10-29 10:48:37.693 [INFO]: Codeium is not enabled for the current document.
(VSCode) 2024-10-29 10:49:43.030 [INFO]: Codeium is not enabled for the current document.
(VSCode) 2024-10-29 10:49:43.424 [INFO]: Codeium is not enabled for the current document.
(VSCode) 2024-10-29 10:49:43.768 [INFO]: Codeium is not enabled for the current document.
(VSCode) 2024-10-29 10:49:44.148 [INFO]: Codeium is not enabled for the current document.
(VSCode) 2024-10-29 10:49:44.245 [INFO]: Codeium is not enabled for the current document.
(VSCode) 2024-10-29 10:49:44.352 [INFO]: Codeium is not enabled for the current document.
(VSCode) 2024-10-29 10:49:44.808 [INFO]: Codeium is not enabled for the current document.
(VSCode) 2024-10-29 10:49:57.190 [INFO]: Codeium is not enabled for the current document.
(VSCode) 2024-10-29 10:49:57.408 [INFO]: Codeium is not enabled for the current document.
(VSCode) 2024-10-29 10:49:57.569 [INFO]: Codeium is not enabled for the current document.
(VSCode) 2024-10-29 10:49:57.661 [INFO]: Codeium is not enabled for the current document.
(VSCode) 2024-10-29 10:49:57.764 [INFO]: Codeium is not enabled for the current document.
(VSCode) 2024-10-29 10:49:58.011 [INFO]: Codeium is not enabled for the current document.
(VSCode) 2024-10-29 10:49:58.311 [INFO]: Codeium is not enabled for the current document.
(VSCode) 2024-10-29 10:49:58.843 [INFO]: Codeium is not enabled for the current document.
(VSCode) 2024-10-29 10:49:59.115 [INFO]: Codeium is not enabled for the current document.
(VSCode) 2024-10-29 10:50:01.711 [INFO]: Codeium is not enabled for the current document.
(VSCode) 2024-10-29 10:50:02.330 [INFO]: Codeium is not enabled for the current document.
(VSCode) 2024-10-29 10:50:02.439 [INFO]: Codeium is not enabled for the current document.
(VSCode) 2024-10-29 10:50:02.496 [INFO]: Codeium is not enabled for the current document.
(VSCode) 2024-10-29 10:50:02.663 [INFO]: Codeium is not enabled for the current document.
(VSCode) 2024-10-29 10:50:02.815 [INFO]: Codeium is not enabled for the current document.
(VSCode) 2024-10-29 10:50:02.926 [INFO]: Codeium is not enabled for the current document.
(VSCode) 2024-10-29 10:50:03.026 [INFO]: Codeium is not enabled for the current document.
(VSCode) 2024-10-29 10:50:03.257 [INFO]: Codeium is not enabled for the current document.
(VSCode) 2024-10-29 10:50:03.436 [INFO]: Codeium is not enabled for the current document.
(VSCode) 2024-10-29 10:50:04.140 [INFO]: Codeium is not enabled for the current document.
(VSCode) 2024-10-29 10:50:04.596 [INFO]: Codeium is not enabled for the current document.
(VSCode) 2024-10-29 10:50:05.498 [INFO]: Codeium is not enabled for the current document.
(VSCode) 2024-10-29 10:50:05.625 [INFO]: Codeium is not enabled for the current document.
(VSCode) 2024-10-29 10:50:05.759 [INFO]: Codeium is not enabled for the current document.
(VSCode) 2024-10-29 10:50:05.881 [INFO]: Codeium is not enabled for the current document.
(VSCode) 2024-10-29 10:50:06.015 [INFO]: Codeium is not enabled for the current document.
(VSCode) 2024-10-29 10:50:06.174 [INFO]: Codeium is not enabled for the current document.
(VSCode) 2024-10-29 10:50:06.273 [INFO]: Codeium is not enabled for the current document.
(VSCode) 2024-10-29 10:50:06.391 [INFO]: Codeium is not enabled for the current document.
(VSCode) 2024-10-29 10:50:07.024 [INFO]: Codeium is not enabled for the current document.
(VSCode) 2024-10-29 10:50:07.396 [INFO]: Codeium is not enabled for the current document.
(VSCode) 2024-10-29 10:50:08.140 [INFO]: Codeium is not enabled for the current document.
(VSCode) 2024-10-29 10:50:08.295 [INFO]: Codeium is not enabled for the current document.
(VSCode) 2024-10-29 10:50:08.396 [INFO]: Codeium is not enabled for the current document.
(VSCode) 2024-10-29 10:50:08.723 [INFO]: Codeium is not enabled for the current document.
(VSCode) 2024-10-29 10:50:08.894 [INFO]: Codeium is not enabled for the current document.
(VSCode) 2024-10-29 10:50:09.024 [INFO]: Codeium is not enabled for the current document.
(VSCode) 2024-10-29 10:50:09.173 [INFO]: Codeium is not enabled for the current document.
(VSCode) 2024-10-29 10:50:09.650 [INFO]: Codeium is not enabled for the current document.
(VSCode) 2024-10-29 10:50:09.892 [INFO]: Codeium is not enabled for the current document.
(VSCode) 2024-10-29 10:50:09.973 [INFO]: Codeium is not enabled for the current document.
(VSCode) 2024-10-29 10:50:10.101 [INFO]: Codeium is not enabled for the current document.
(VSCode) 2024-10-29 10:50:10.496 [INFO]: Codeium is not enabled for the current document.
(VSCode) 2024-10-29 10:50:13.242 [INFO]: Codeium is not enabled for the current document.
(VSCode) 2024-10-29 10:50:13.348 [INFO]: Codeium is not enabled for the current document.
(VSCode) 2024-10-29 10:50:13.551 [INFO]: Codeium is not enabled for the current document.
(VSCode) 2024-10-29 10:50:13.757 [INFO]: Codeium is not enabled for the current document.
(VSCode) 2024-10-29 10:50:13.993 [INFO]: Codeium is not enabled for the current document.
(VSCode) 2024-10-29 10:50:14.433 [INFO]: Codeium is not enabled for the current document.
(VSCode) 2024-10-29 10:50:15.158 [INFO]: Codeium is not enabled for the current document.
(VSCode) 2024-10-29 10:50:15.324 [INFO]: Codeium is not enabled for the current document.
(VSCode) 2024-10-29 10:50:15.393 [INFO]: Codeium is not enabled for the current document.
(VSCode) 2024-10-29 10:50:51.377 [INFO]: Codeium is not enabled for the current document.
(VSCode) 2024-10-29 10:50:51.498 [INFO]: Codeium is not enabled for the current document.
(VSCode) 2024-10-29 10:50:51.624 [INFO]: Codeium is not enabled for the current document.
(VSCode) 2024-10-29 10:50:51.700 [INFO]: Codeium is not enabled for the current document.
(VSCode) 2024-10-29 10:51:19.647 [INFO]: Codeium is not enabled for the current document.
(VSCode) 2024-10-29 10:51:19.855 [INFO]: Codeium is not enabled for the current document.
(VSCode) 2024-10-29 10:51:20.041 [INFO]: Codeium is not enabled for the current document.
(VSCode) 2024-10-29 10:51:20.250 [INFO]: Codeium is not enabled for the current document.
(VSCode) 2024-10-29 10:51:20.343 [INFO]: Codeium is not enabled for the current document.
(VSCode) 2024-10-29 10:51:20.824 [INFO]: Codeium is not enabled for the current document.
(VSCode) 2024-10-29 10:51:21.015 [INFO]: Codeium is not enabled for the current document.
(VSCode) 2024-10-29 10:51:21.142 [INFO]: Codeium is not enabled for the current document.
(VSCode) 2024-10-29 10:51:21.647 [INFO]: Codeium is not enabled for the current document.
(VSCode) 2024-10-29 10:51:23.278 [INFO]: Codeium is not enabled for the current document.
(VSCode) 2024-10-29 10:51:23.423 [INFO]: Codeium is not enabled for the current document.
(VSCode) 2024-10-29 10:51:23.716 [INFO]: Codeium is not enabled for the current document.
(VSCode) 2024-10-29 10:51:24.090 [INFO]: Codeium is not enabled for the current document.
(VSCode) 2024-10-29 10:51:24.240 [INFO]: Codeium is not enabled for the current document.
(VSCode) 2024-10-29 10:51:24.341 [INFO]: Codeium is not enabled for the current document.
(VSCode) 2024-10-29 10:51:24.507 [INFO]: Codeium is not enabled for the current document.
(VSCode) 2024-10-29 10:51:24.789 [INFO]: Codeium is not enabled for the current document.
(VSCode) 2024-10-29 10:51:25.019 [INFO]: Codeium is not enabled for the current document.
(VSCode) 2024-10-29 10:51:25.666 [INFO]: Codeium is not enabled for the current document.
(VSCode) 2024-10-29 10:51:26.276 [INFO]: Codeium is not enabled for the current document.
(VSCode) 2024-10-29 10:51:26.418 [INFO]: Codeium is not enabled for the current document.
(VSCode) 2024-10-29 10:51:26.578 [INFO]: Codeium is not enabled for the current document.
(VSCode) 2024-10-29 10:51:34.606 [INFO]: Codeium is not enabled for the current document.
(VSCode) 2024-10-29 10:52:02.134 [INFO]: Codeium is not enabled for the current document.
(VSCode) 2024-10-29 10:52:02.568 [INFO]: Codeium is not enabled for the current document.
(VSCode) 2024-10-29 10:52:03.059 [INFO]: Codeium is not enabled for the current document.
(VSCode) 2024-10-29 10:52:03.392 [INFO]: Codeium is not enabled for the current document.
(VSCode) 2024-10-29 10:52:09.514 [INFO]: Codeium is not enabled for the current document.
(VSCode) 2024-10-29 10:52:28.384 [INFO]: Codeium is not enabled for the current document.
(VSCode) 2024-10-29 10:52:28.580 [INFO]: Codeium is not enabled for the current document.
(VSCode) 2024-10-29 10:52:36.810 [INFO]: Codeium is not enabled for the current document.
(VSCode) 2024-10-29 10:52:37.722 [INFO]: Codeium is not enabled for the current document.
(VSCode) 2024-10-29 10:52:40.789 [INFO]: Codeium is not enabled for the current document.
(VSCode) 2024-10-29 10:52:40.938 [INFO]: Codeium is not enabled for the current document.
(VSCode) 2024-10-29 10:52:41.105 [INFO]: Codeium is not enabled for the current document.
(VSCode) 2024-10-29 10:52:41.161 [INFO]: Codeium is not enabled for the current document.
(VSCode) 2024-10-29 10:52:43.073 [INFO]: Codeium is not enabled for the current document.
(VSCode) 2024-10-29 10:52:43.224 [INFO]: Codeium is not enabled for the current document.
(VSCode) 2024-10-29 10:52:43.395 [INFO]: Codeium is not enabled for the current document.
(VSCode) 2024-10-29 10:52:43.486 [INFO]: Codeium is not enabled for the current document.
(VSCode) 2024-10-29 10:52:45.805 [INFO]: Codeium is not enabled for the current document.
(VSCode) 2024-10-29 10:52:47.474 [INFO]: Codeium is not enabled for the current document.
(VSCode) 2024-10-29 10:52:49.160 [INFO]: Codeium is not enabled for the current document.
(VSCode) 2024-10-29 10:52:49.397 [INFO]: Codeium is not enabled for the current document.
(VSCode) 2024-10-29 10:52:49.604 [INFO]: Codeium is not enabled for the current document.
(VSCode) 2024-10-29 10:52:49.662 [INFO]: Codeium is not enabled for the current document.
(VSCode) 2024-10-29 10:52:49.821 [INFO]: Codeium is not enabled for the current document.
(VSCode) 2024-10-29 10:52:49.992 [INFO]: Codeium is not enabled for the current document.
(VSCode) 2024-10-29 10:52:50.342 [INFO]: Codeium is not enabled for the current document.
(VSCode) 2024-10-29 10:52:50.428 [INFO]: Codeium is not enabled for the current document.
(VSCode) 2024-10-29 10:52:54.296 [INFO]: Codeium is not enabled for the current document.
(VSCode) 2024-10-29 10:52:54.360 [INFO]: Codeium is not enabled for the current document.
(VSCode) 2024-10-29 10:52:54.611 [INFO]: Codeium is not enabled for the current document.
(VSCode) 2024-10-29 10:52:55.439 [INFO]: Codeium is not enabled for the current document.
(VSCode) 2024-10-29 10:52:55.525 [INFO]: Codeium is not enabled for the current document.
(VSCode) 2024-10-29 10:52:55.605 [INFO]: Codeium is not enabled for the current document.
(VSCode) 2024-10-29 10:55:18.953 [INFO]: Codeium is not enabled for the current document.
(VSCode) 2024-10-29 10:55:20.057 [INFO]: Codeium is not enabled for the current document.
(VSCode) 2024-10-29 10:55:22.120 [INFO]: Codeium is not enabled for the current document.
(VSCode) 2024-10-29 10:55:22.653 [INFO]: Codeium is not enabled for the current document.
(VSCode) 2024-10-29 10:58:33.841 [INFO]: Codeium is not enabled for the current document.
(VSCode) 2024-10-29 10:58:34.142 [INFO]: Codeium is not enabled for the current document.
(VSCode) 2024-10-29 10:58:34.633 [INFO]: Codeium is not enabled for the current document.
(VSCode) 2024-10-29 10:58:34.812 [INFO]: Codeium is not enabled for the current document.
E1029 10:58:36.898824 272256 unleash.go:63] Unleash error: Post "https://unleash.codeium.com/api/client/metrics": context deadline exceeded (Client.Timeout exceeded while awaiting headers)
W1029 11:01:25.904986 272237 main.go:124] [Language Server Manager] Got signal terminated, shutting down
