2024-10-29 13:35:27.097 [info] Using settings sync service https://vscode-sync.trafficmanager.net/
2024-10-29 13:35:27.097 [info] Auto Sync is enabled.
2024-10-29 13:35:27.097 [info] Auto Sync: Suspended until auth token is available.
2024-10-29 13:35:27.722 [info] Auto Sync: Triggered by Interval
2024-10-29 13:35:27.722 [info] Sync started.
2024-10-29 13:35:28.240 [info] Settings: No changes found during synchronizing settings.
2024-10-29 13:35:28.246 [info] Keybindings: No changes found during synchronizing keybindings.
2024-10-29 13:35:28.249 [info] Snippets: No changes found during synchronizing snippets.
2024-10-29 13:35:28.252 [info] Tasks: No changes found during synchronizing tasks.
2024-10-29 13:35:28.256 [info] GlobalState: No changes found during synchronizing ui state.
2024-10-29 13:35:28.278 [info] Extensions: No changes found during synchronizing extensions.
2024-10-29 13:35:28.281 [info] Profiles: No changes found during synchronizing profiles.
2024-10-29 13:35:28.283 [info] Sync done. Took 562ms
2024-10-29 13:35:41.948 [info] Auto Sync: Triggered by Activity
2024-10-29 13:35:41.948 [info] Sync started.
2024-10-29 13:35:42.039 [info] Settings: No changes found during synchronizing settings.
2024-10-29 13:35:42.042 [info] Keybindings: No changes found during synchronizing keybindings.
2024-10-29 13:35:42.044 [info] Snippets: No changes found during synchronizing snippets.
2024-10-29 13:35:42.046 [info] Tasks: No changes found during synchronizing tasks.
2024-10-29 13:35:42.048 [info] GlobalState: No changes found during synchronizing ui state.
2024-10-29 13:35:42.065 [info] Extensions: No changes found during synchronizing extensions.
2024-10-29 13:35:42.066 [info] Profiles: No changes found during synchronizing profiles.
2024-10-29 13:35:42.066 [info] Sync done. Took 120ms
2024-10-29 13:36:05.088 [info] Auto Sync: Triggered by Activity
2024-10-29 13:36:05.088 [info] Sync started.
2024-10-29 13:36:05.203 [info] Settings: No changes found during synchronizing settings.
2024-10-29 13:36:05.206 [info] Keybindings: No changes found during synchronizing keybindings.
2024-10-29 13:36:05.208 [info] Snippets: No changes found during synchronizing snippets.
2024-10-29 13:36:05.210 [info] Tasks: No changes found during synchronizing tasks.
2024-10-29 13:36:05.213 [info] GlobalState: No changes found during synchronizing ui state.
2024-10-29 13:36:05.239 [info] Extensions: No changes found during synchronizing extensions.
2024-10-29 13:36:05.240 [info] Profiles: No changes found during synchronizing profiles.
2024-10-29 13:36:05.241 [info] Sync done. Took 155ms
2024-10-29 13:36:32.834 [info] Auto Sync: Triggered by Activity
2024-10-29 13:36:32.834 [info] Sync started.
2024-10-29 13:36:32.931 [info] Settings: No changes found during synchronizing settings.
2024-10-29 13:36:32.934 [info] Keybindings: No changes found during synchronizing keybindings.
2024-10-29 13:36:32.936 [info] Snippets: No changes found during synchronizing snippets.
2024-10-29 13:36:32.937 [info] Tasks: No changes found during synchronizing tasks.
2024-10-29 13:36:32.940 [info] GlobalState: No changes found during synchronizing ui state.
2024-10-29 13:36:32.964 [info] Extensions: No changes found during synchronizing extensions.
2024-10-29 13:36:32.965 [info] Profiles: No changes found during synchronizing profiles.
2024-10-29 13:36:32.966 [info] Sync done. Took 133ms
