(VSCode) 2024-10-30 14:27:35.290 [INFO]: No proxy settings found
(VSCode) 2024-10-30 14:27:39.687 [INFO]: Checking network connection...
(VSCode) 2024-10-30 14:27:40.137 [INFO]: No Network Issue connecting to https://server.codeium.com
(VSCode) 2024-10-30 14:27:40.772 [INFO]: Creating manager directory: /tmp/7f781d74-496d-4505-93f5-64bfcd8fd81e/codeium/manager
(VSCode) 2024-10-30 14:27:41.433 [INFO]: Using cached LS with valid crc32: /home/dastarruer/.vscode/extensions/codeium.codeium-1.22.5/dist/1347d6f7fffdaec404d99b3f0ca3d8854448c787/language_server_linux_x64
(VSCode) 2024-10-30 14:27:41.449 [INFO]: Language server started
2024/10/30 14:27:41 maxprocs: Leaving GOMAXPROCS=16: CPU quota undefined
I1030 14:27:41.598265 105476 main.go:553] [Language Server Manager] Setting GOMAXPROCS to 16
I1030 14:27:41.598378 105476 main.go:667] [Language Server Manager] Release 1.22.5 (1347d6f7fffdaec404d99b3f0ca3d8854448c787)
I1030 14:27:41.598407 105476 main.go:746] [Language Server Manager] Starting language server manager with pid 105476
I1030 14:27:41.598719 105476 main.go:120] [Language Server Manager] Manager acquired its lock file /tmp/7f781d74-496d-4505-93f5-64bfcd8fd81e/codeium/manager/locks/manager.lock
I1030 14:27:41.599737 105476 main.go:259] [Language Server Manager] Waiting for random port file in /tmp/7f781d74-496d-4505-93f5-64bfcd8fd81e/codeium/manager/child_random_port_1730312861598907750_7916701564501657378 to be created
2024/10/30 14:27:41 maxprocs: Leaving GOMAXPROCS=16: CPU quota undefined
I1030 14:27:41.753206 105540 main.go:553] Setting GOMAXPROCS to 4
I1030 14:27:41.753401 105540 main.go:740] Starting language server process with pid 105540
I1030 14:27:41.753481 105540 server.go:183] Language server will attempt to listen on host 127.0.0.1
I1030 14:27:41.753691 105540 server.go:190] Language server listening on random port at 38623
I1030 14:27:42.234536 105540 unleash.go:93] Initializing Unleash
I1030 14:27:42.573900 105540 unleash.go:113] Successfully initialized Unleash
E1030 14:27:42.590388 105540 client_manager.go:275] Metadata is nil when trying to refresh user JWT
I1030 14:27:42.591143 105540 server.go:441] Successfully created API server client
I1030 14:27:42.652139 105540 server.go:456] Successfully initialized tokenizer
I1030 14:27:42.825128 105540 server.go:613] Local search is enabled, will index local files.
I1030 14:27:42.825186 105540 server.go:617] Using 4 indexer workers
I1030 14:27:42.830362 105540 sqlite_faiss_db_client.go:64] Successfully created embedding search database in 5ms
I1030 14:27:42.830808 105540 indexer.go:213] Using 4 embed workers
I1030 14:27:42.830926 105540 search_provider.go:274] Successfully created and started indexer
I1030 14:27:42.831030 105540 search_provider.go:304] Successfully created embedding search provider
I1030 14:27:42.838993 105540 server.go:703] Successfully created completion provider
I1030 14:27:42.839048 105540 server.go:752] Child process attempting to acquire lock file /tmp/7f781d74-496d-4505-93f5-64bfcd8fd81e/codeium/manager/locks/child_lock_1730312861599026271_5352039017269069140
I1030 14:27:42.839175 105540 server.go:760] Child process acquired lock file /tmp/7f781d74-496d-4505-93f5-64bfcd8fd81e/codeium/manager/locks/child_lock_1730312861599026271_5352039017269069140
I1030 14:27:42.848993 105540 server.go:265] LSP listening on random port at 42775
I1030 14:27:42.867039 105540 web_server.go:259] Chat Web Server listening at ws://127.0.0.1:36383
42775
I1030 14:27:42.906536 105476 main.go:295] [Language Server Manager] Found random server port 38623
I1030 14:27:42.906613 105476 main.go:296] [Language Server Manager] Found random lsp port 42775
I1030 14:27:42.906659 105476 main.go:303] [Language Server Manager] Attempting to connect to language server at 127.0.0.1:38623
I1030 14:27:42.920404 105476 main.go:174] [Language Server Manager] Fixing language server port at 38623
I1030 14:27:42.920439 105476 main.go:355] [Language Server Manager] Successfully connected to new language server at 127.0.0.1:38623
(VSCode) 2024-10-30 14:27:42.957 [INFO]: Found language server running on port 38623
(VSCode) 2024-10-30 14:27:43.314 [INFO]: openAllTextDocuments took 7.148124000001189ms
(VSCode) 2024-10-30 14:27:52.493 [INFO]: Codeium is not enabled for the current document.
(VSCode) 2024-10-30 14:27:52.644 [INFO]: Codeium is not enabled for the current document.
(VSCode) 2024-10-30 14:27:52.898 [INFO]: Codeium is not enabled for the current document.
(VSCode) 2024-10-30 14:27:56.799 [INFO]: Codeium is not enabled for the current document.
(VSCode) 2024-10-30 14:28:21.835 [INFO]: Codeium is not enabled for the current document.
(VSCode) 2024-10-30 14:28:21.993 [INFO]: Codeium is not enabled for the current document.
(VSCode) 2024-10-30 14:28:22.057 [INFO]: Codeium is not enabled for the current document.
(VSCode) 2024-10-30 14:28:33.184 [INFO]: Codeium is not enabled for the current document.
(VSCode) 2024-10-30 14:28:33.486 [INFO]: Codeium is not enabled for the current document.
(VSCode) 2024-10-30 14:29:46.224 [INFO]: Codeium is not enabled for the current document.
(VSCode) 2024-10-30 14:29:46.593 [INFO]: Codeium is not enabled for the current document.
