2024-10-28 22:27:01.642 [info] Added views:outline in workbench.view.explorer
2024-10-28 22:27:01.642 [info] Added views:workbench.view.search in workbench.view.search
2024-10-28 22:27:01.642 [info] Added views:workbench.scm in workbench.view.scm
2024-10-28 22:27:01.642 [info] Added views:workbench.panel.markers.view in workbench.panel.markers
2024-10-28 22:27:01.642 [info] Added views:workbench.panel.output in workbench.panel.output
2024-10-28 22:27:01.642 [info] Added views:terminal in terminal
2024-10-28 22:27:01.642 [info] Added views:timeline in workbench.view.explorer
2024-10-28 22:27:01.642 [info] Added views:workbench.explorer.emptyView in workbench.view.explorer
2024-10-28 22:27:01.885 [info] Added views:workbench.debug.variablesView,workbench.debug.watchExpressionsView,workbench.debug.callStackView,workbench.debug.breakPointsView in workbench.view.debug
2024-10-28 22:27:02.373 [info] Added views:codeium.chatPanelView in workbench.view.extension.codeium
2024-10-28 22:27:02.373 [info] Added views:remoteHub.views.workspaceRepositories in workbench.view.remote
2024-10-28 22:27:02.754 [info] Added views:workbench.panel.repl.view in workbench.panel.repl
2024-10-28 22:27:02.756 [info] Removed views:workbench.debug.breakPointsView,workbench.debug.callStackView,workbench.debug.watchExpressionsView,workbench.debug.variablesView from workbench.view.debug
2024-10-28 22:27:02.757 [info] Added views:workbench.debug.welcome in workbench.view.debug
2024-10-28 22:27:03.034 [info] Added views:~remote.forwardedPorts in ~remote.forwardedPortsContainer
2024-10-28 22:27:05.977 [info] Added views:workbench.panel.comments in workbench.panel.comments
2024-10-29 10:58:46.939 [info] Added views:workbench.views.extensions.installed,workbench.views.extensions.popular,extensions.recommendedList in workbench.view.extensions
2024-10-29 10:58:46.944 [info] Removed views:workbench.views.extensions.popular from workbench.view.extensions
2024-10-29 10:58:50.172 [info] Removed views:extensions.recommendedList,workbench.views.extensions.installed from workbench.view.extensions
2024-10-29 10:58:50.182 [info] Added views:workbench.views.extensions.marketplace in workbench.view.extensions
