2024-10-29 11:58:11.124 [info] Using settings sync service https://vscode-sync.trafficmanager.net/
2024-10-29 11:58:11.124 [info] Auto Sync is enabled.
2024-10-29 11:58:11.124 [info] Auto Sync: Suspended until auth token is available.
2024-10-29 11:58:18.752 [info] Auto Sync: Triggered by Interval
2024-10-29 11:58:18.779 [info] Sync started.
2024-10-29 11:58:19.420 [info] Settings: No changes found during synchronizing settings.
2024-10-29 11:58:19.433 [info] Keybindings: No changes found during synchronizing keybindings.
2024-10-29 11:58:19.440 [info] Snippets: No changes found during synchronizing snippets.
2024-10-29 11:58:19.444 [info] Tasks: No changes found during synchronizing tasks.
2024-10-29 11:58:19.451 [info] GlobalState: No changes found during synchronizing ui state.
2024-10-29 11:58:19.501 [info] Extensions: No changes found during synchronizing extensions.
2024-10-29 11:58:19.504 [info] Profiles: No changes found during synchronizing profiles.
2024-10-29 11:58:19.507 [info] Sync done. Took 768ms
2024-10-29 11:59:41.325 [info] Auto Sync: Triggered by Activity
2024-10-29 11:59:41.326 [info] Sync started.
2024-10-29 11:59:41.439 [info] Settings: No changes found during synchronizing settings.
2024-10-29 11:59:41.445 [info] Keybindings: No changes found during synchronizing keybindings.
2024-10-29 11:59:41.450 [info] Snippets: No changes found during synchronizing snippets.
2024-10-29 11:59:41.454 [info] Tasks: No changes found during synchronizing tasks.
2024-10-29 11:59:41.459 [info] GlobalState: No changes found during synchronizing ui state.
2024-10-29 11:59:41.516 [info] Extensions: No changes found during synchronizing extensions.
2024-10-29 11:59:41.518 [info] Profiles: No changes found during synchronizing profiles.
2024-10-29 11:59:41.520 [info] Sync done. Took 196ms
2024-10-29 12:00:41.023 [info] Auto Sync: Triggered by Activity
2024-10-29 12:00:41.024 [info] Sync started.
2024-10-29 12:00:41.132 [info] Settings: No changes found during synchronizing settings.
2024-10-29 12:00:41.136 [info] Keybindings: No changes found during synchronizing keybindings.
2024-10-29 12:00:41.141 [info] Snippets: No changes found during synchronizing snippets.
2024-10-29 12:00:41.145 [info] Tasks: No changes found during synchronizing tasks.
2024-10-29 12:00:41.152 [info] GlobalState: No changes found during synchronizing ui state.
2024-10-29 12:00:41.213 [info] Extensions: No changes found during synchronizing extensions.
2024-10-29 12:00:41.215 [info] Profiles: No changes found during synchronizing profiles.
2024-10-29 12:00:41.217 [info] Sync done. Took 202ms
2024-10-29 12:01:08.588 [info] Auto Sync: Triggered by Activity
2024-10-29 12:01:08.588 [info] Sync started.
2024-10-29 12:01:08.711 [info] Settings: No changes found during synchronizing settings.
2024-10-29 12:01:08.716 [info] Keybindings: No changes found during synchronizing keybindings.
2024-10-29 12:01:08.720 [info] Snippets: No changes found during synchronizing snippets.
2024-10-29 12:01:08.724 [info] Tasks: No changes found during synchronizing tasks.
2024-10-29 12:01:08.729 [info] GlobalState: No changes found during synchronizing ui state.
2024-10-29 12:01:08.782 [info] Extensions: No changes found during synchronizing extensions.
2024-10-29 12:01:08.784 [info] Profiles: No changes found during synchronizing profiles.
2024-10-29 12:01:08.786 [info] Sync done. Took 200ms
2024-10-29 12:01:33.176 [info] Auto Sync: Triggered by Activity
2024-10-29 12:01:33.176 [info] Sync started.
2024-10-29 12:01:33.295 [info] Settings: No changes found during synchronizing settings.
2024-10-29 12:01:33.300 [info] Keybindings: No changes found during synchronizing keybindings.
2024-10-29 12:01:33.304 [info] Snippets: No changes found during synchronizing snippets.
2024-10-29 12:01:33.308 [info] Tasks: No changes found during synchronizing tasks.
2024-10-29 12:01:33.313 [info] GlobalState: No changes found during synchronizing ui state.
2024-10-29 12:01:33.365 [info] Extensions: No changes found during synchronizing extensions.
2024-10-29 12:01:33.367 [info] Profiles: No changes found during synchronizing profiles.
2024-10-29 12:01:33.370 [info] Sync done. Took 196ms
2024-10-29 12:02:13.592 [info] Auto Sync: Triggered by Activity
2024-10-29 12:02:13.592 [info] Sync started.
2024-10-29 12:02:13.713 [info] Settings: No changes found during synchronizing settings.
2024-10-29 12:02:13.718 [info] Keybindings: No changes found during synchronizing keybindings.
2024-10-29 12:02:13.723 [info] Snippets: No changes found during synchronizing snippets.
2024-10-29 12:02:13.727 [info] Tasks: No changes found during synchronizing tasks.
2024-10-29 12:02:13.732 [info] GlobalState: No changes found during synchronizing ui state.
2024-10-29 12:02:13.786 [info] Extensions: No changes found during synchronizing extensions.
2024-10-29 12:02:13.788 [info] Profiles: No changes found during synchronizing profiles.
2024-10-29 12:02:13.790 [info] Sync done. Took 199ms
